                  _   _     _          ___     
                 (_) | |   (_)        |__ \    
     ___   _ __   _  | |_   _    ___     ) |   
    / __| | '__| | | | __| | |  / __|   / /    
   | (__  | |    | | | |_  | | | (__   / /_    
    \___| |_|    |_|  \__| |_|  \___| |____|   

* CRITIC2: analysis of real-space scalar fields in solids and molecules.
  (c) 1996-2015 A. Otero-de-la-Roza, A. Martin-Pendas, V. Lua~na
  Distributed under GNU GPL v.3 (see COPYING for details)
  Bugs, requests, and rants: aoterodelaroza@gmail.com 
  If you find this software useful, please cite:
  A. Otero-de-la-Roza et al., Comput. Phys. Commun. 185 (2014) 1007-1018.
  A. Otero-de-la-Roza et al., Comput. Phys. Commun. 180 (2009) 157-166.

+ critic2 (stable), commit (config) e7d44b3ee15876ac5dca5951c108a0689910200e
 compile host: Linux master.lct.jussieu.fr 3.10.0-1160.62.1.el7.x86_64 #1 SMP Tue Apr 5 16:57:59 UTC 2022 x86_64 x86_64 x86_64 GNU/Linux
 compile date: mar. mars 21 14:44:21 CET 2023
    using f77: gfortran -g -O2 
          f90: gfortran -g -O2 -ffree-form -ffree-line-length-none -fopenmp
            c: gcc -g -O2 -Iqhull/
      ldflags: 
       debug?: no
 compiled dat: /programmes/installation/critic2-1.1stable/share/critic2
      datadir: /programmes/installation/critic2-1.1stable/share/critic2
     dic file: /programmes/installation/critic2-1.1stable/share/critic2/cif_core.dic
...was found?: T

CRITIC2--2024/4/29, 11:51:06.054

%% crystal H3S.ELF.cube

* Crystal structure
  From: H3S.ELF.cube
  Lattice parameters (bohr): 5.028525  5.028525  5.028525
  Lattice parameters (ang): 2.660981  2.660981  2.660981
  Lattice angles (degrees): 70.529  109.471  70.529
  Molecular formula: 
    S(1) H(3) 
  Number of non-equivalent atoms in the unit cell: 2
  Number of atoms in the unit cell: 4
  Number of electrons: 19

+ List of non-equivalent atoms in the unit cell (cryst. coords.): 
# nat       x              y              z           name    mult  Z  
   1   0.0000022389   0.0000024111   0.0000022389      S       1    16 
   2   0.5000010333   0.0000024111   0.5000010333      H       3    1  

+ List of atoms in the unit cell (cryst. coords.): 
# at        x              y              z           name     Z  
   1   0.0000022389   0.0000024111   0.0000022389      S       16 
   2   0.5000010333   0.0000024111   0.5000010333      H       1  
   3   0.0000022389   0.5000036167   0.5000010333      H       1  
   4   0.5000034445   0.5000012056   0.0000022389      H       1  

+ Lattice vectors (bohr)
    1:    2.9032200000     2.9032200000     2.9032200000 
    2:   -2.9032200000     2.9032200000     2.9032200000 
    3:   -2.9032200000    -2.9032200000     2.9032200000 

+ List of atoms in Cartesian coordinates (bohr): 
# at         x                y                z            name     Z  
   1    -0.0000070000     0.0000070000     0.0000200000      S       16 
   2    -0.0000070000     0.0000070000     2.9032330000      H       1  
   3    -2.9032270000     0.0000140000     2.9032400000      H       1  
   4    -0.0000000000     2.9032270000     2.9032400000      H       1  

+ Cell volume (bohr^3): 97.88132
+ Cell volume (ang^3): 14.50452

+ List of symmetry operations (48):
  Operation 1:
     1.000000  0.000000  0.000000  0.000000
     0.000000  1.000000  0.000000  0.000000
     0.000000  0.000000  1.000000  0.000000
  Operation 2:
    -1.000000  0.000000  0.000000  0.000004
     0.000000 -1.000000  0.000000  0.000005
     0.000000  0.000000 -1.000000  0.000004
  Operation 3:
     1.000000  0.000000 -1.000000  0.000002
    -1.000000  0.000000  0.000000  0.000005
     1.000000  1.000000  0.000000  0.999998
  Operation 4:
    -1.000000  0.000000  1.000000  0.000002
     1.000000  0.000000  0.000000  0.000000
    -1.000000 -1.000000  0.000000  0.000007
  Operation 5:
     0.000000 -1.000000 -1.000000  0.000007
    -1.000000  0.000000  1.000000  0.000002
     0.000000  0.000000 -1.000000  0.000004
  Operation 6:
     0.000000  1.000000  1.000000  0.999998
     1.000000  0.000000 -1.000000  0.000002
     0.000000  0.000000  1.000000  0.000000
  Operation 7:
     0.000000 -1.000000  0.000000  0.000005
     0.000000  1.000000  1.000000  0.999998
    -1.000000 -1.000000  0.000000  0.000007
  Operation 8:
     0.000000  1.000000  0.000000  1.000000
     0.000000 -1.000000 -1.000000  0.000007
     1.000000  1.000000  0.000000  0.999998
  Operation 9:
     0.000000  1.000000  1.000000  0.999998
     0.000000 -1.000000  0.000000  0.000005
     1.000000  1.000000  0.000000  0.999998
  Operation 10:
     0.000000 -1.000000 -1.000000  0.000007
     0.000000  1.000000  0.000000  0.000000
    -1.000000 -1.000000  0.000000  0.000007
  Operation 11:
     0.000000  1.000000  0.000000  1.000000
     1.000000  0.000000  0.000000  0.000000
     0.000000  0.000000 -1.000000  0.000004
  Operation 12:
     0.000000 -1.000000  0.000000  0.000005
    -1.000000  0.000000  0.000000  0.000005
     0.000000  0.000000  1.000000  0.000000
  Operation 13:
    -1.000000  0.000000  0.000000  0.000004
     1.000000  0.000000 -1.000000  0.000002
    -1.000000 -1.000000  0.000000  0.000007
  Operation 14:
     1.000000  0.000000  0.000000  0.000000
    -1.000000  0.000000  1.000000  0.000002
     1.000000  1.000000  0.000000  0.999998
  Operation 15:
    -1.000000  0.000000  1.000000  0.000002
     0.000000 -1.000000 -1.000000  0.000007
     0.000000  0.000000  1.000000  0.000000
  Operation 16:
     1.000000  0.000000 -1.000000  0.000002
     0.000000  1.000000  1.000000  0.999998
     0.000000  0.000000 -1.000000  0.000004
  Operation 17:
     0.000000  1.000000  0.000000  1.000000
    -1.000000 -1.000000  0.000000  0.000007
     0.000000  1.000000  1.000000  0.999998
  Operation 18:
     0.000000 -1.000000  0.000000  0.000005
     1.000000  1.000000  0.000000  0.999998
     0.000000 -1.000000 -1.000000  0.000007
  Operation 19:
    -1.000000  0.000000  0.000000  0.000004
     0.000000  0.000000  1.000000  0.000000
     0.000000  1.000000  0.000000  1.000000
  Operation 20:
     1.000000  0.000000  0.000000  0.000000
     0.000000  0.000000 -1.000000  0.000005
     0.000000 -1.000000  0.000000  0.000005
  Operation 21:
    -1.000000  0.000000  1.000000  0.000002
     1.000000  1.000000  0.000000  0.999998
    -1.000000  0.000000  0.000000  0.000004
  Operation 22:
     1.000000  0.000000 -1.000000  0.000002
    -1.000000 -1.000000  0.000000  0.000007
     1.000000  0.000000  0.000000  1.000000
  Operation 23:
     0.000000  1.000000  1.000000  0.999998
     0.000000  0.000000 -1.000000  0.000005
    -1.000000  0.000000  1.000000  0.000002
  Operation 24:
     0.000000 -1.000000 -1.000000  0.000007
     0.000000  0.000000  1.000000  0.000000
     1.000000  0.000000 -1.000000  0.000002
  Operation 25:
     0.000000 -1.000000  0.000000  0.000005
     0.000000  0.000000 -1.000000  0.000005
     1.000000  0.000000  0.000000  1.000000
  Operation 26:
     0.000000  1.000000  0.000000  1.000000
     0.000000  0.000000  1.000000  0.000000
    -1.000000  0.000000  0.000000  0.000004
  Operation 27:
     1.000000  0.000000  0.000000  0.000000
    -1.000000 -1.000000  0.000000  0.000007
     1.000000  0.000000 -1.000000  0.000002
  Operation 28:
    -1.000000  0.000000  0.000000  0.000004
     1.000000  1.000000  0.000000  0.999998
    -1.000000  0.000000  1.000000  0.000002
  Operation 29:
     1.000000  0.000000 -1.000000  0.000002
     0.000000  0.000000  1.000000  0.000000
     0.000000 -1.000000 -1.000000  0.000007
  Operation 30:
    -1.000000  0.000000  1.000000  0.000002
     0.000000  0.000000 -1.000000  0.000005
     0.000000  1.000000  1.000000  0.999998
  Operation 31:
     0.000000 -1.000000 -1.000000  0.000007
     1.000000  1.000000  0.000000  0.999998
     0.000000 -1.000000  0.000000  0.000005
  Operation 32:
     0.000000  1.000000  1.000000  0.999998
    -1.000000 -1.000000  0.000000  0.000007
     0.000000  1.000000  0.000000  1.000000
  Operation 33:
    -1.000000 -1.000000  0.000000  0.000007
     1.000000  0.000000  0.000000  0.000000
    -1.000000  0.000000  1.000000  0.000002
  Operation 34:
     1.000000  1.000000  0.000000  0.999998
    -1.000000  0.000000  0.000000  0.000005
     1.000000  0.000000 -1.000000  0.000002
  Operation 35:
     0.000000  0.000000  1.000000  0.000000
     1.000000  0.000000 -1.000000  0.000002
     0.000000  1.000000  1.000000  0.999998
  Operation 36:
     0.000000  0.000000 -1.000000  0.000004
    -1.000000  0.000000  1.000000  0.000002
     0.000000 -1.000000 -1.000000  0.000007
  Operation 37:
     1.000000  1.000000  0.000000  0.999998
     0.000000 -1.000000 -1.000000  0.000007
     0.000000  1.000000  0.000000  1.000000
  Operation 38:
    -1.000000 -1.000000  0.000000  0.000007
     0.000000  1.000000  1.000000  0.999998
     0.000000 -1.000000  0.000000  0.000005
  Operation 39:
     0.000000  0.000000 -1.000000  0.000004
     0.000000 -1.000000  0.000000  0.000005
    -1.000000  0.000000  0.000000  0.000004
  Operation 40:
     0.000000  0.000000  1.000000  0.000000
     0.000000  1.000000  0.000000  0.000000
     1.000000  0.000000  0.000000  1.000000
  Operation 41:
     0.000000  0.000000 -1.000000  0.000004
     0.000000  1.000000  1.000000  0.999998
     1.000000  0.000000 -1.000000  0.000002
  Operation 42:
     0.000000  0.000000  1.000000  0.000000
     0.000000 -1.000000 -1.000000  0.000007
    -1.000000  0.000000  1.000000  0.000002
  Operation 43:
    -1.000000 -1.000000  0.000000  0.000007
     0.000000  1.000000  0.000000  0.000000
     0.000000 -1.000000 -1.000000  0.000007
  Operation 44:
     1.000000  1.000000  0.000000  0.999998
     0.000000 -1.000000  0.000000  0.000005
     0.000000  1.000000  1.000000  0.999998
  Operation 45:
     0.000000  0.000000  1.000000  0.000000
    -1.000000  0.000000  0.000000  0.000005
     0.000000 -1.000000  0.000000  0.000005
  Operation 46:
     0.000000  0.000000 -1.000000  0.000004
     1.000000  0.000000  0.000000  0.000000
     0.000000  1.000000  0.000000  1.000000
  Operation 47:
     1.000000  1.000000  0.000000  0.999998
    -1.000000  0.000000  1.000000  0.000002
     1.000000  0.000000  0.000000  1.000000
  Operation 48:
    -1.000000 -1.000000  0.000000  0.000007
     1.000000  0.000000 -1.000000  0.000002
    -1.000000  0.000000  0.000000  0.000004

+ List of symmetry operations in crystallographic notation:
   1: x,y,z
   2: -x,-y,-z
   3: x-z,-x,x+y
   4: -x+z,x,-x-y
   5: -y-z,-x+z,-z
   6: y+z,x-z,z
   7: -y,y+z,-x-y
   8: y,-y-z,x+y
   9: y+z,-y,x+y
   10: -y-z,y,-x-y
   11: y,x,-z
   12: -y,-x,z
   13: -x,x-z,-x-y
   14: x,-x+z,x+y
   15: -x+z,-y-z,z
   16: x-z,y+z,-z
   17: y,-x-y,y+z
   18: -y,x+y,-y-z
   19: -x,z,y
   20: x,-z,-y
   21: -x+z,x+y,-x
   22: x-z,-x-y,x
   23: y+z,-z,-x+z
   24: -y-z,z,x-z
   25: -y,-z,x
   26: y,z,-x
   27: x,-x-y,x-z
   28: -x,x+y,-x+z
   29: x-z,z,-y-z
   30: -x+z,-z,y+z
   31: -y-z,x+y,-y
   32: y+z,-x-y,y
   33: -x-y,x,-x+z
   34: x+y,-x,x-z
   35: z,x-z,y+z
   36: -z,-x+z,-y-z
   37: x+y,-y-z,y
   38: -x-y,y+z,-y
   39: -z,-y,-x
   40: z,y,x
   41: -z,y+z,x-z
   42: z,-y-z,-x+z
   43: -x-y,y,-y-z
   44: x+y,-y,y+z
   45: z,-x,-y
   46: -z,x,y
   47: x+y,-x+z,x
   48: -x-y,x-z,-x

+ List of centering vectors (1):
  Vector 1: 0.000000  0.000000  0.000000 

+ Crystal symmetry information
  Space group (Hermann-Mauguin): Im-3m (number 229)
  Space group (Hall): -I 4 2 3 (number 529)
  Point group (Hermann-Mauguin): m-3m
  Point group (Schoenflies): Oh
  Holohedry: cubic
  Laue class: m-3m

+ Cartesian/crystallographic coordinate transformation matrices:
  A = car to crys (xcrys = A * xcar, bohr^-1)
       0.1722225667     0.0000000000     0.1722225667 
      -0.1722225667     0.1722225667     0.0000000000 
       0.0000000000    -0.1722225667     0.1722225667 
  B = crys to car (xcar = B * xcrys, bohr)
       2.9032200000    -2.9032200000    -2.9032200000 
       2.9032200000     2.9032200000    -2.9032200000 
       2.9032200000     2.9032200000     2.9032200000 
  G = metric tensor (B'*B, bohr^2)
      25.2860591052     8.4286863684    -8.4286863684 
       8.4286863684    25.2860591052     8.4286863684 
      -8.4286863684     8.4286863684    25.2860591052 

+ List of fragments in the system
  Number of fragments: 1
# Id  nat           Center of mass          Discrete? 
  1    4      0.000002    0.000002    0.028728   No

+ Atomic environment of the main cell
  Number of atoms contributing density to the main cell: 3424

+ Atomic environments (distances in bohr)
#  id   atom   nneig     distance  nat   type      
   1      S      6       2.9032270   2    H         
         ...    12       4.1057731   2    H         
         ...     8       5.0285245   1    S         
         ...     6       5.8064400   1    S         
         ...    24       6.4917941   2    H         
         ...    24       7.1114133   2    H         
         ...    12       8.2115462   1    S         
         ...    30       8.7096577   2    H         
         ...    24       9.1807877   2    H         
         ...    24       9.6288914   1    S         
   2      H      6       2.9032200   2    H         
         ...    12       4.1057632   2    H         
         ...     8       5.0285245   2    H         
         ...     6       5.8064400   2    H         
         ...    24       6.4917910   2    H         
         ...    24       7.1114019   2    H         
         ...    12       8.2115462   2    H         
         ...    30       8.7096507   2    H         
         ...    24       9.1807789   2    H         
         ...    24       9.6288914   2    H         

+ List of half nearest neighbor distances (bohr)
   id   atom      rnn/2    
   1      S      1.4516135 
   2      H      1.4516100 

+ Vertex of the WS cell (cryst. coords.)
   id       x            y            z          d (bohr)   
    1    0.250000     0.500000    -0.250000     3.24589864  
    2    0.500000     0.250000     0.250000     3.24589864  
    3   -0.500000     0.750000    -0.250000     3.24589864  
    4   -0.250000     0.750000    -0.500000     3.24589864  
    5    0.500000    -0.250000    -0.250000     3.24589864  
    6    0.250000     0.250000    -0.500000     3.24589864  
    7   -0.250000     0.500000    -0.750000     3.24589864  
    8   -0.500000     0.250000    -0.750000     3.24589864  
    9   -0.250000     0.500000     0.250000     3.24589864  
   10    0.250000     0.250000     0.500000     3.24589864  
   11    0.750000    -0.500000     0.250000     3.24589864  
   12    0.750000    -0.250000     0.500000     3.24589864  
   13    0.500000    -0.250000     0.750000     3.24589864  
   14    0.250000    -0.500000     0.750000     3.24589864  
   15   -0.750000     0.500000    -0.250000     3.24589864  
   16   -0.750000     0.250000    -0.500000     3.24589864  
   17   -0.500000     0.250000     0.250000     3.24589864  
   18   -0.250000    -0.250000     0.500000     3.24589864  
   19    0.250000    -0.500000    -0.250000     3.24589864  
   20   -0.250000    -0.250000    -0.500000     3.24589864  
   21    0.500000    -0.750000     0.250000     3.24589864  
   22    0.250000    -0.750000     0.500000     3.24589864  
   23   -0.500000    -0.250000    -0.250000     3.24589864  
   24   -0.250000    -0.500000     0.250000     3.24589864  

+ Faces of the WS cell
  Number of faces: 14
   1: 8  7  4  3  15 16
   2: 20 8  16 23
   3: 1  2  10 9  3  4 
   4: 9  17 15 3 
   5: 17 9  10 13 14 18
   6: 12 13 10 2 
   7: 14 13 12 11 21 22
   8: 21 11 5  19
   9: 19 5  6  7  8  20
  10: 1  6  5  11 12 2 
  11: 6  1  4  7 
  12: 18 24 23 16 15 17
  13: 20 23 24 22 21 19
  14: 22 24 18 14

+ Lattice vectors for the Wigner-Seitz neighbors
   1: -1  1 -1
   2: -1  0 -1
   3:  0  1  0
   4: -1  1  0
   5:  0  0  1
   6:  1  0  1
   7:  1 -1  1
   8:  1 -1  0
   9:  0  0 -1
  10:  1  0  0
  11:  0  1 -1
  12: -1  0  0
  13:  0 -1  0
  14:  0 -1  1

+ Lattice vectors for the Delaunay reduced cell (fractional)
   1:  0  0 -1
   2: -1  0  0
   3:  0  1  0
  Delaunay reduced cell lengths:     5.0285     5.0285     5.0285
  Delaunay reduced cell angles:   109.4712   109.4712   109.4712

+ Is the cell orthogonal? F
+ Is the reduced cell orthogonal? F


* Atomic radial density grids
+ List of atomic charges and atomic numbers
# nat  name    Z     Q  ZPSP
    1    S    16   0.0   -1
    2    H     1   0.0   -1

+ Number of electrons: 19
+ Number of valence electrons: 19
+ Number of core electrons: 0

* Reading new promolecular density grids
+ Read density file: /programmes/installation/critic2-1.1stable/share/critic2/s__pbe.wfc
  Log grid (r = a*e^(b*x)) with a = 1.5492E-04, b = 2.0000E-03
  Num. grid points = 5578, rmax (bohr) = 10.8201623
  Integrated charge = 15.9999902557
  El. conf.: 1S(2)2S(2)2P(6)3S(2)3P(4)
+ Read density file: /programmes/installation/critic2-1.1stable/share/critic2/h__pbe.wfc
  Log grid (r = a*e^(b*x)) with a = 2.4788E-03, b = 2.0000E-03
  Num. grid points = 4153, rmax (bohr) = 10.0141591
  Integrated charge = 0.9999910815
  El. conf.: 1S(1)

* Reading new core density grids

* Field number 0 is now REFERENCE.

* List of integrable properties
#  Id  Type  Field  Name
    1   v        0  Volume
    2  fval      0  Pop
    3  lval      0  Lap

%% load H3S.ELF.cube

* Scalar field number: 1
  Source: H3S.ELF.cube
  Type: grid
  Grid dimensions : 45  45  45
  First elements... 4.338000000000E-02  4.173900000000E-02  3.755100000000E-02
  Last elements... 3.277100000000E-02  3.525400000000E-02  3.812300000000E-02
  Sum of elements... 4.160457436400E+04
  Sum of squares of elements... 2.467616599986E+04
  Cell integral (grid SUM) = 44.68928172
  Min: 3.14590000E-02
  Average: 4.56565974E-01
  Max: 9.99980000E-01
  Interpolation mode (1=nearest,2=linear,3=spline,4=tricubic): 4
  Use core densities? F
  Numerical derivatives? F
  Nuclear CP signature: -3

* Field number 1 is now REFERENCE.

* List of integrable properties
#  Id  Type  Field  Name
    1   v        0  Volume
    2  fval      1  Pop
    3  lval      1  Lap

%% AUTO CPEPS 0.3 NUCEPSH 0.6

Start AUTO--2024/4/29, 11:51:06.234

* Automatic determination of CPs
  Discard new CPs if another CP was found at a distance less than: 3.000E-01 bohr
  Discard new CPs if a nucleus was found at a distance less than: 2.235E-01 bohr
  Discard new CPs if a hydrogen was found at a distance less than: 6.000E-01 bohr
  CPs are degenerate if any Hessian element abs value is less than: 1.000E-08
  Discard CPs if grad(f) is above: 1.000E-12
+ List of seeding actions
  Id nseed     Type           Description
  1 225     WS recursive    depth=1, x0=0.0000  0.0000  0.0000, no radius 
+ Number of seeds before pruning and clipping: 225
+ Number of seeds: 220
+ Searching for CPs
+ Sorting the CPs

* Critical point list, final report (non-equivalent cps)
  Topological class (n|b|r|c): 3(10) 4(28) 3(44) 2(32) 
  Morse sum: -6
# ncp   pg  type   CPname         position (cryst. coords.)       mult  name            f             |grad|           lap
  1    Oh  (3,-3) nucleus   0.00000224   0.00000241   0.00000224    1     S       4.33799999E-02  0.00000000E+00 -1.09706031E+00
  2    D4h (3,-3) nucleus   0.50000103   0.00000241   0.50000103    3     H       9.91633125E-01  0.00000000E+00  2.95104697E+00
  3    C4v (3,-3)  nnattr   0.27158701   0.72841299   0.99901441    6     n3      8.69492967E-01  4.18298674E-15 -2.18718470E+00
  4    C4v (3,-1)   bond    0.34025088   0.00003476   0.34025088    6     b4      8.41217490E-01  7.82814203E-16 -1.66742683E-01
  5    C2v (3,-1)   bond    0.81285374   0.18714626   0.62716720   12     b3      7.09033469E-01  1.20925874E-13 -2.98530469E+00
  6    D2d (3,-1)   bond    0.50000000   0.24970399   0.24970399    6     b2      1.58200497E-01  1.08520270E-16  1.77520366E+00
  7    D3d (3,-1)   bond    0.50000000   0.50000000   0.50000000    4     b1      1.52898003E-01  6.41169439E-16  1.52513140E+00
  8    C3v (3,1 )   ring    0.30428979   0.69571021   0.30428979    8     r2      6.74867907E-01  2.93325999E-16 -3.65146466E+00
  9    C2v (3,1 )   ring    0.68418244   0.31581756   0.36618421   12     r1      1.43051612E-01  2.84246278E-13  1.55238270E+00
  10   C2  (3,1 )   ring    0.50000000   0.37064196   0.37064196   24     r3      1.42117583E-01  1.26252839E-16  1.29678734E+00
  11   Cs  (3,3 )   cage    0.59982805   0.40017195   0.37895533   24     c1      1.41257804E-01  7.03850555E-14  1.65589743E+00
  12   C3v (3,3 )   cage    0.91612912   0.08387088   0.91612912    8     c2      3.12145765E-02  2.90545188E-16  9.99254083E-01

* Analysis of system bonds
# ncp is the bond from the non-equivalent CP list.
# End-1 and End-2 are the bond path terminator from the non-equivalent
#   CP list (index in parentheses).
# r1 and r2 are the geometric distances between bond and terminators.
# r1-B-r2 is the geometric angle between bond and terminators.
# ncp   End-1      End-2    r1(bohr)   r2(bohr)     r1/r2   r1-B-r2 (degree)
  4     H (2)      n3 (3)    0.5570     0.3959     1.406818    176.1778  
  5     n3 (3)     n3 (3)    1.1886     1.1887     0.999949    139.4698  
  6     H (2)      H (2)     0.9896     0.9896     1.000000    173.9217  
  7     n3 (3)     n3 (3)    0.9835     0.9835     1.000000    179.9999  

* Analysis of system rings
# ncp is the ring from the non-equivalent CP list.
# End-1 and End-2 are the ring path terminator from the non-equivalent
#   CP list (index in parentheses).
# r1 and r2 are the geometric distances between ring and terminators.
# r1-B-r2 is the geometric angle between ring and terminators.
# ncp   End-1      End-2    r1(bohr)   r2(bohr)     r1/r2   r1-R-r2 (degree)
  8    c1 (11)    c2 (12)    0.9835     1.1084     0.887316    179.9977  
  9    c1 (11)    c1 (11)    0.0175     0.0169     1.036365    178.7289  
 10    c1 (11)    c1 (11)    0.0162     0.0162     1.000000    178.8589  

* Complete CP list
# (x symbols are the non-equivalent representative atoms)
#  cp   ncp  typ      position (cryst. coords.)        op.    (lvec+cvec)
x 1      1    n  0.00000224   0.00000241   0.00000224   1   0.0   0.0   0.0 
x 2      2    n  0.50000103   0.00000241   0.50000103   1   0.0   0.0   0.0 
  3      2    n  0.00000224   0.50000362   0.50000103   3   0.0   1.0  -1.0 
  4      2    n  0.50000344   0.50000121   0.00000224  19   1.0   0.0  -1.0 
x 5      3    n  0.27158701   0.72841299   0.99901441   1   0.0   0.0   0.0 
  6      3    n  0.72841747   0.27159183   0.00099007   2   1.0   1.0   1.0 
  7      3    n  0.72841282   0.00000706   0.72742499  17  -1.0   1.0  -2.0 
  8      3    n  0.27159166   0.99999776   0.27257949  18   1.0  -1.0   2.0 
  9      3    n  0.00000689   0.27158718   0.72742964  33   1.0   0.0   0.0 
  10     3    n  0.99999759   0.72841764   0.27257484  34  -1.0   1.0   1.0 
x 11     4    b  0.34025088   0.00003476   0.34025088   1   0.0   0.0   0.0 
  12     4    b  0.65975360   0.99997006   0.65975360   2   1.0   1.0   1.0 
  13     4    b  0.00000224   0.65975377   0.34028322   3   0.0   1.0  -1.0 
  14     4    b  0.00000224   0.34025105   0.65972125   4   0.0   0.0   1.0 
  15     4    b  0.65975360   0.34025105   0.00003459  19   1.0   0.0  -1.0 
  16     4    b  0.34025088   0.65975377   0.99996989  20   0.0   1.0   1.0 
x 17     5    b  0.81285374   0.18714626   0.62716720   1   0.0   0.0   0.0 
  18     5    b  0.18715074   0.81285856   0.37283728   2   1.0   1.0   1.0 
  19     5    b  0.18568878   0.18715091   0.99999759   3   0.0   1.0  -1.0 
  20     5    b  0.81431570   0.81285391   0.00000689   4   1.0   0.0   1.0 
  21     5    b  0.18714609   0.00000706   0.81431105  17  -1.0   1.0  -1.0 
  22     5    b  0.81285839   0.99999776   0.18569343  18   1.0  -1.0   1.0 
  23     5    b  0.18715074   0.62716737   0.18714609  19   1.0   0.0  -1.0 
  24     5    b  0.81285374   0.37283745   0.81285839  20   0.0   1.0   1.0 
  25     5    b  0.00000689   0.81285391   0.81431570  33   1.0   0.0   1.0 
  26     5    b  0.99999759   0.18715091   0.18568878  34  -1.0   1.0   0.0 
  27     5    b  0.62716720   0.18568895   0.81431105  35   0.0   0.0  -1.0 
  28     5    b  0.37283728   0.81431587   0.18569343  36   1.0   1.0   1.0 
x 29     6    b  0.50000000   0.24970399   0.24970399   1   0.0   0.0   0.0 
  30     6    b  0.50000448   0.75030083   0.75030048   2   1.0   1.0   1.0 
  31     6    b  0.25029825   0.50000465   0.74970158   3   0.0   1.0  -1.0 
  32     6    b  0.74970623   0.50000017   0.25030290   4   1.0   0.0   1.0 
  33     6    b  0.24970382   0.25030307   0.49940558  17  -1.0   1.0  -1.0 
  34     6    b  0.75030066   0.74970175   0.50059890  18   1.0  -1.0   1.0 
x 35     7    b  0.50000000   0.50000000   0.50000000   1   0.0   0.0   0.0 
  36     7    b  0.00000224   0.50000465   0.99999759   3   0.0   1.0  -1.0 
  37     7    b  0.00000689   0.00000241   0.50000448   5   1.0   0.0   1.0 
  38     7    b  0.50000465   0.99999776   0.00000689   7   1.0  -1.0   1.0 
x 39     8    r  0.30428979   0.69571021   0.30428979   1   0.0   0.0   0.0 
  40     8    r  0.69571469   0.30429461   0.69571469   2   1.0   1.0   1.0 
  41     8    r  0.00000224   0.69571486   0.99999759   3   0.0   1.0  -1.0 
  42     8    r  0.00000224   0.30428996   0.00000689   4   0.0   0.0   1.0 
  43     8    r  0.00000689   0.00000241   0.69571469   5   1.0   0.0   1.0 
  44     8    r  0.99999759   0.00000241   0.30428979   6  -1.0   0.0   0.0 
  45     8    r  0.30429444   0.99999776   0.00000689   7   1.0  -1.0   1.0 
  46     8    r  0.69571004   0.00000706   0.99999759   8  -1.0   1.0  -1.0 
x 47     9    r  0.68418244   0.31581756   0.36618421   1   0.0   0.0   0.0 
  48     9    r  0.31582204   0.68418726   0.63382027   2   1.0   1.0   1.0 
  49     9    r  0.31800047   0.31582221   0.99999759   3   0.0   1.0  -1.0 
  50     9    r  0.68200401   0.68418261   0.00000689   4   1.0   0.0   1.0 
  51     9    r  0.31581739   0.00000706   0.68199936  17  -1.0   1.0  -1.0 
  52     9    r  0.68418709   0.99999776   0.31800512  18   1.0  -1.0   1.0 
  53     9    r  0.31582204   0.36618438   0.31581739  19   1.0   0.0  -1.0 
  54     9    r  0.68418244   0.63382044   0.68418709  20   0.0   1.0   1.0 
  55     9    r  0.00000689   0.68418261   0.68200401  33   1.0   0.0   1.0 
  56     9    r  0.99999759   0.31582221   0.31800047  34  -1.0   1.0   0.0 
  57     9    r  0.36618421   0.31800064   0.68199936  35   0.0   0.0  -1.0 
  58     9    r  0.63382027   0.68200418   0.31800512  36   1.0   1.0   1.0 
x 59     10   r  0.50000000   0.37064196   0.37064196   1   0.0   0.0   0.0 
  60     10   r  0.50000448   0.62936286   0.62936252   2   1.0   1.0   1.0 
  61     10   r  0.12936028   0.50000465   0.87063955   3   0.0   1.0  -1.0 
  62     10   r  0.87064420   0.50000017   0.12936493   4   1.0   0.0   1.0 
  63     10   r  0.25872296   0.87064437   0.62936252   5   1.0   1.0   1.0 
  64     10   r  0.74128151   0.12936045   0.37064196   6  -1.0   0.0   0.0 
  65     10   r  0.62936269   0.74128169   0.12936493   7   1.0  -1.0   1.0 
  66     10   r  0.37064179   0.25872314   0.87063955   8  -1.0   1.0  -1.0 
  67     10   r  0.74128151   0.62936286   0.87063955   9  -1.0   1.0  -1.0 
  68     10   r  0.25872296   0.37064196   0.12936493  10   1.0   0.0   1.0 
  69     10   r  0.37064179   0.50000017   0.62936252  11  -1.0   0.0   1.0 
  70     10   r  0.62936269   0.50000465   0.37064196  12   1.0   1.0   0.0 
  71     10   r  0.50000448   0.12936045   0.12936493  13   1.0   0.0   1.0 
  72     10   r  0.50000000   0.87064437   0.87063955  14   0.0   1.0  -1.0 
  73     10   r  0.87064420   0.25872314   0.37064196  15   1.0   1.0   0.0 
  74     10   r  0.12936028   0.74128169   0.62936252  16   0.0  -1.0   1.0 
  75     10   r  0.37064179   0.12936510   0.74128151  17  -1.0   1.0  -1.0 
  76     10   r  0.62936269   0.87063972   0.25872296  18   1.0  -1.0   1.0 
  77     10   r  0.87064420   0.87063972   0.50000448  21   1.0  -1.0   1.0 
  78     10   r  0.12936028   0.12936510   0.50000000  22   0.0   1.0  -1.0 
  79     10   r  0.62936269   0.62936269   0.50000000  25   1.0   1.0  -1.0 
  80     10   r  0.37064179   0.37064213   0.50000448  26  -1.0   0.0   1.0 
  81     10   r  0.12936028   0.37064213   0.25872296  29   0.0   0.0   1.0 
  82     10   r  0.87064420   0.62936269   0.74128151  30   1.0   1.0  -1.0 
x 83     11   c  0.59982805   0.40017195   0.37895533   1   0.0   0.0   0.0 
  84     11   c  0.40017643   0.59983287   0.62104914   2   1.0   1.0   1.0 
  85     11   c  0.22087495   0.40017660   0.99999759   3   0.0   1.0  -1.0 
  86     11   c  0.77912953   0.59982822   0.00000689   4   1.0   0.0   1.0 
  87     11   c  0.22087960   0.77912970   0.62104914   5   1.0   1.0   1.0 
  88     11   c  0.77912488   0.22087512   0.37895533   6  -1.0   0.0   0.0 
  89     11   c  0.59983270   0.77912505   0.00000689   7   1.0  -1.0   1.0 
  90     11   c  0.40017178   0.22087977   0.99999759   8  -1.0   1.0  -1.0 
  91     11   c  0.40017178   0.00000706   0.77912488  17  -1.0   1.0  -1.0 
  92     11   c  0.59983270   0.99999776   0.22087960  18   1.0  -1.0   1.0 
  93     11   c  0.40017643   0.37895551   0.40017178  19   1.0   0.0  -1.0 
  94     11   c  0.59982805   0.62104932   0.59983270  20   0.0   1.0   1.0 
  95     11   c  0.77912953   0.99999776   0.40017643  21   1.0  -1.0   1.0 
  96     11   c  0.22087495   0.00000706   0.59982805  22   0.0   1.0  -1.0 
  97     11   c  0.77912488   0.62104932   0.77912953  23  -1.0   1.0   1.0 
  98     11   c  0.22087960   0.37895551   0.22087495  24   1.0   0.0   0.0 
  99     11   c  0.00000689   0.59982822   0.77912953  33   1.0   0.0   1.0 
  100    11   c  0.99999759   0.40017660   0.22087495  34  -1.0   1.0   0.0 
  101    11   c  0.37895533   0.22087512   0.77912488  35   0.0   0.0  -1.0 
  102    11   c  0.62104914   0.77912970   0.22087960  36   1.0   1.0   1.0 
  103    11   c  0.99999759   0.22087977   0.40017178  37  -1.0   1.0  -1.0 
  104    11   c  0.00000689   0.77912505   0.59983270  38   1.0  -1.0   1.0 
  105    11   c  0.62104914   0.59983287   0.40017643  39   1.0   1.0   1.0 
  106    11   c  0.37895533   0.40017195   0.59982805  40   0.0   0.0  -1.0 
x 107    12   c  0.91612912   0.08387088   0.91612912   1   0.0   0.0   0.0 
  108    12   c  0.08387536   0.91613394   0.08387536   2   1.0   1.0   1.0 
  109    12   c  0.00000224   0.08387553   0.99999759   3   0.0   1.0  -1.0 
  110    12   c  0.00000224   0.91612929   0.00000689   4   0.0   0.0   1.0 
  111    12   c  0.00000689   0.00000241   0.08387536   5   1.0   0.0   1.0 
  112    12   c  0.99999759   0.00000241   0.91612912   6  -1.0   0.0   0.0 
  113    12   c  0.91613377   0.99999776   0.00000689   7   1.0  -1.0   1.0 
  114    12   c  0.08387071   0.00000706   0.99999759   8  -1.0   1.0  -1.0 

* Complete CP list, bcp and rcp connectivity table
# (cp(end)+lvec connected to bcp/rcp)
#cp  ncp   typ        position (cryst. coords.)            end1 (lvec)      end2 (lvec)
1      1    n   0.00000224    0.00000241    0.00000224 
2      2    n   0.50000103    0.00000241    0.50000103 
3      2    n   0.00000224    0.50000362    0.50000103 
4      2    n   0.50000344    0.50000121    0.00000224 
5      3    n   0.27158701    0.72841299    0.99901441 
6      3    n   0.72841747    0.27159183    0.00099007 
7      3    n   0.72841282    0.00000706    0.72742499 
8      3    n   0.27159166    0.99999776    0.27257949 
9      3    n   0.00000689    0.27158718    0.72742964 
10     3    n   0.99999759    0.72841764    0.27257484 
11     4    b   0.34025088    0.00003476    0.34025088   2   ( 0  0  0 )  8   ( 0 -1  0 )
12     4    b   0.65975360    0.99997006    0.65975360   2   ( 0  1  0 )  7   ( 0  1  0 )
13     4    b   0.00000224    0.65975377    0.34028322   3   ( 0  0  0 )  10  (-1  0  0 )
14     4    b   0.00000224    0.34025105    0.65972125   3   ( 0  0  0 )  9   ( 0  0  0 )
15     4    b   0.65975360    0.34025105    0.00003459   4   ( 0  0  0 )  6   ( 0  0  0 )
16     4    b   0.34025088    0.65975377    0.99996989   4   ( 0  0  1 )  5   ( 0  0  0 )
17     5    b   0.81285374    0.18714626    0.62716720   7   ( 0  0  0 )  9   ( 1  0  0 )
18     5    b   0.18715074    0.81285856    0.37283728   8   ( 0  0  0 )  10  (-1  0  0 )
19     5    b   0.18568878    0.18715091    0.99999759   9   ( 0  0  0 )  8   ( 0 -1  1 )
20     5    b   0.81431570    0.81285391    0.00000689   10  ( 0  0  0 )  7   ( 0  1 -1 )
21     5    b   0.18714609    0.00000706    0.81431105   9   ( 0  0  0 )  5   ( 0 -1  0 )
22     5    b   0.81285839    0.99999776    0.18569343   10  ( 0  0  0 )  6   ( 0  1  0 )
23     5    b   0.18715074    0.62716737    0.18714609   5   ( 0  0 -1 )  10  (-1  0  0 )
24     5    b   0.81285374    0.37283745    0.81285839   6   ( 0  0  1 )  9   ( 1  0  0 )
25     5    b   0.00000689    0.81285391    0.81431570   5   ( 0  0  0 )  7   (-1  1  0 )
26     5    b   0.99999759    0.18715091    0.18568878   6   ( 0  0  0 )  8   ( 1 -1  0 )
27     5    b   0.62716720    0.18568895    0.81431105   7   ( 0  0  0 )  6   ( 0  0  1 )
28     5    b   0.37283728    0.81431587    0.18569343   8   ( 0  0  0 )  5   ( 0  0 -1 )
29     6    b   0.50000000    0.24970399    0.24970399   4   ( 0  0  0 )  2   ( 0  0  0 )
30     6    b   0.50000448    0.75030083    0.75030048   4   ( 0  0  1 )  2   ( 0  1  0 )
31     6    b   0.25029825    0.50000465    0.74970158   4   ( 0  0  1 )  3   ( 0  0  0 )
32     6    b   0.74970623    0.50000017    0.25030290   4   ( 0  0  0 )  3   ( 1  0  0 )
33     6    b   0.24970382    0.25030307    0.49940558   2   ( 0  0  0 )  3   ( 0  0  0 )
34     6    b   0.75030066    0.74970175    0.50059890   2   ( 0  1  0 )  3   ( 1  0  0 )
35     7    b   0.50000000    0.50000000    0.50000000   7   ( 0  0  0 )  8   ( 0  0  0 )
36     7    b   0.00000224    0.50000465    0.99999759   6   (-1  0  1 )  5   ( 0  0  0 )
37     7    b   0.00000689    0.00000241    0.50000448   8   ( 0 -1  0 )  9   ( 0  0  0 )
38     7    b   0.50000465    0.99999776    0.00000689   10  ( 0  0  0 )  9   ( 0  1 -1 )
39     8    r   0.30428979    0.69571021    0.30428979   93  ( 0  0  0 ) 108  ( 0  0  0 )
40     8    r   0.69571469    0.30429461    0.69571469   94  ( 0  0  0 ) 107  ( 0  0  0 )
41     8    r   0.00000224    0.69571486    0.99999759   99  ( 0  0  0 ) 110  ( 0  0  1 )
42     8    r   0.00000224    0.30428996    0.00000689  100  (-1  0  0 ) 109  ( 0  0 -1 )
43     8    r   0.00000689    0.00000241    0.69571469   96  ( 0  0  0 ) 112  (-1  0  0 )
44     8    r   0.99999759    0.00000241    0.30428979   95  ( 0 -1  0 ) 111  ( 1  0  0 )
45     8    r   0.30429444    0.99999776    0.00000689  102  ( 0  0  0 ) 114  ( 0  1 -1 )
46     8    r   0.69571004    0.00000706    0.99999759  101  ( 0  0  0 ) 113  ( 0 -1  1 )
47     9    r   0.68418244    0.31581756    0.36618421   88  ( 0  0  0 )  83  ( 0  0  0 )
48     9    r   0.31582204    0.68418726    0.63382027   87  ( 0  0  0 )  84  ( 0  0  0 )
49     9    r   0.31800047    0.31582221    0.99999759   90  ( 0  0  0 )  85  ( 0  0  0 )
50     9    r   0.68200401    0.68418261    0.00000689   89  ( 0  0  0 )  86  ( 0  0  0 )
51     9    r   0.31581739    0.00000706    0.68199936   96  ( 0  0  0 )  91  ( 0  0  0 )
52     9    r   0.68418709    0.99999776    0.31800512   95  ( 0  0  0 )  92  ( 0  0  0 )
53     9    r   0.31582204    0.36618438    0.31581739   98  ( 0  0  0 )  93  ( 0  0  0 )
54     9    r   0.68418244    0.63382044    0.68418709   97  ( 0  0  0 )  94  ( 0  0  0 )
55     9    r   0.00000689    0.68418261    0.68200401  104  ( 0  0  0 )  99  ( 0  0  0 )
56     9    r   0.99999759    0.31582221    0.31800047  103  ( 0  0  0 ) 100  ( 0  0  0 )
57     9    r   0.36618421    0.31800064    0.68199936  106  ( 0  0  0 ) 101  ( 0  0  0 )
58     9    r   0.63382027    0.68200418    0.31800512  105  ( 0  0  0 ) 102  ( 0  0  0 )
59     10   r   0.50000000    0.37064196    0.37064196   83  ( 0  0  0 )  93  ( 0  0  0 )
60     10   r   0.50000448    0.62936286    0.62936252   84  ( 0  0  0 )  94  ( 0  0  0 )
61     10   r   0.12936028    0.50000465    0.87063955   85  ( 0  0  0 )  99  ( 0  0  0 )
62     10   r   0.87064420    0.50000017    0.12936493   86  ( 0  0  0 ) 100  ( 0  0  0 )
63     10   r   0.25872296    0.87064437    0.62936252   87  ( 0  0  0 )  96  ( 0  1  0 )
64     10   r   0.74128151    0.12936045    0.37064196   88  ( 0  0  0 )  95  ( 0 -1  0 )
65     10   r   0.62936269    0.74128169    0.12936493   89  ( 0  0  0 ) 102  ( 0  0  0 )
66     10   r   0.37064179    0.25872314    0.87063955   90  ( 0  0  0 ) 101  ( 0  0  0 )
67     10   r   0.74128151    0.62936286    0.87063955   86  ( 0  0  1 )  97  ( 0  0  0 )
68     10   r   0.25872296    0.37064196    0.12936493   85  ( 0  0 -1 )  98  ( 0  0  0 )
69     10   r   0.37064179    0.50000017    0.62936252   84  ( 0  0  0 ) 106  ( 0  0  0 )
70     10   r   0.62936269    0.50000465    0.37064196   83  ( 0  0  0 ) 105  ( 0  0  0 )
71     10   r   0.50000448    0.12936045    0.12936493   90  ( 0  0 -1 )  92  ( 0 -1  0 )
72     10   r   0.50000000    0.87064437    0.87063955   89  ( 0  0  1 )  91  ( 0  1  0 )
73     10   r   0.87064420    0.25872314    0.37064196   88  ( 0  0  0 ) 103  ( 0  0  0 )
74     10   r   0.12936028    0.74128169    0.62936252   87  ( 0  0  0 ) 104  ( 0  0  0 )
75     10   r   0.37064179    0.12936510    0.74128151   91  ( 0  0  0 ) 101  ( 0  0  0 )
76     10   r   0.62936269    0.87063972    0.25872296   92  ( 0  0  0 ) 102  ( 0  0  0 )
77     10   r   0.87064420    0.87063972    0.50000448   95  ( 0  0  0 ) 104  ( 1  0  0 )
78     10   r   0.12936028    0.12936510    0.50000000   96  ( 0  0  0 ) 103  (-1  0  0 )
79     10   r   0.62936269    0.62936269    0.50000000   94  ( 0  0  0 ) 105  ( 0  0  0 )
80     10   r   0.37064179    0.37064213    0.50000448   93  ( 0  0  0 ) 106  ( 0  0  0 )
81     10   r   0.12936028    0.37064213    0.25872296   98  ( 0  0  0 ) 100  (-1  0  0 )
82     10   r   0.87064420    0.62936269    0.74128151   97  ( 0  0  0 )  99  ( 1  0  0 )
83     11   c   0.59982805    0.40017195    0.37895533 
84     11   c   0.40017643    0.59983287    0.62104914 
85     11   c   0.22087495    0.40017660    0.99999759 
86     11   c   0.77912953    0.59982822    0.00000689 
87     11   c   0.22087960    0.77912970    0.62104914 
88     11   c   0.77912488    0.22087512    0.37895533 
89     11   c   0.59983270    0.77912505    0.00000689 
90     11   c   0.40017178    0.22087977    0.99999759 
91     11   c   0.40017178    0.00000706    0.77912488 
92     11   c   0.59983270    0.99999776    0.22087960 
93     11   c   0.40017643    0.37895551    0.40017178 
94     11   c   0.59982805    0.62104932    0.59983270 
95     11   c   0.77912953    0.99999776    0.40017643 
96     11   c   0.22087495    0.00000706    0.59982805 
97     11   c   0.77912488    0.62104932    0.77912953 
98     11   c   0.22087960    0.37895551    0.22087495 
99     11   c   0.00000689    0.59982822    0.77912953 
100    11   c   0.99999759    0.40017660    0.22087495 
101    11   c   0.37895533    0.22087512    0.77912488 
102    11   c   0.62104914    0.77912970    0.22087960 
103    11   c   0.99999759    0.22087977    0.40017178 
104    11   c   0.00000689    0.77912505    0.59983270 
105    11   c   0.62104914    0.59983287    0.40017643 
106    11   c   0.37895533    0.40017195    0.59982805 
107    12   c   0.91612912    0.08387088    0.91612912 
108    12   c   0.08387536    0.91613394    0.08387536 
109    12   c   0.00000224    0.08387553    0.99999759 
110    12   c   0.00000224    0.91612929    0.00000689 
111    12   c   0.00000689    0.00000241    0.08387536 
112    12   c   0.99999759    0.00000241    0.91612912 
113    12   c   0.91613377    0.99999776    0.00000689 
114    12   c   0.08387071    0.00000706    0.99999759 

* Attractor connectivity matrix
  to be read: each cp in a row i connects to mij cps in column j
              n(2)  n(3) 
               H     n3  
 n(2)    H      4     2   
 n(3)    n3     1     5   

* Additional properties at the critical points
+ Critical point no. 1
  Crystallographic coordinates: 0.0000022389 0.0000024111 0.0000022389
  Cartesian coordinates (bohr): -0.0000070000 0.0000070000 0.0000200000
  Type : nucleus
  Field value (f): 4.337999992E-02
  Field value, valence (fval): 4.337999992E-02
  Gradient (grad f): 0.000000000E+00  0.000000000E+00  0.000000000E+00
  Gradient norm (|grad f|): 0.000000000E+00
  Laplacian (del2 f): -1.097060315E+00
  Laplacian, valence (del2 fval): -1.097060315E+00
  Hessian:
    -3.656881731E-01   6.601233516E-02  -6.600767841E-02
     6.601233516E-02  -3.656881731E-01   6.600767841E-02
    -6.600767841E-02   6.600767841E-02  -3.656839686E-01
  Hessian eigenvalues: -4.977052330E-01  -2.996792439E-01  -2.996758379E-01
  Field 0 (f,|grad|,lap): 2.889700688E+03  0.000000000E+00  -4.939931115E+09
+ Critical point no. 2
  Crystallographic coordinates: 0.5000010333 0.0000024111 0.5000010333
  Cartesian coordinates (bohr): -0.0000070000 0.0000070000 2.9032330000
  Type : nucleus
  Field value (f): 9.916331252E-01
  Field value, valence (fval): 9.916331252E-01
  Gradient (grad f): 0.000000000E+00  0.000000000E+00  0.000000000E+00
  Gradient norm (|grad f|): 0.000000000E+00
  Laplacian (del2 f): 2.951046971E+00
  Laplacian, valence (del2 fval): 2.951046971E+00
  Hessian:
     1.565730217E+00  -6.202300805E-01  -4.477548036E-01
    -6.202300805E-01   1.565730217E+00   4.477548036E-01
    -4.477548036E-01   4.477548036E-01  -1.804134619E-01
  Hessian eigenvalues: -3.392027075E-01  9.455001361E-01  2.344749543E+00
  Field 0 (f,|grad|,lap): 3.202856500E-01  0.000000000E+00  -7.248092664E+00
+ Critical point no. 3
  Crystallographic coordinates: 0.2715870094 0.7284129906 0.9990144097
  Cartesian coordinates (bohr): -4.2266249395 0.0028613854 5.8035786146
  Type : (3,-3)
  Field value (f): 8.694929673E-01
  Field value, valence (fval): 8.694929673E-01
  Gradient (grad f): 3.996268780E-15  -1.199888944E-15  2.957709442E-16
  Gradient norm (|grad f|): 4.182986743E-15
  Laplacian (del2 f): -2.187184698E+00
  Laplacian, valence (del2 fval): -2.187184698E+00
  Hessian:
    -1.214923095E+00   3.479457790E-02  -3.479457790E-02
     3.479457790E-02  -4.861308015E-01   5.331507175E-02
    -3.479457790E-02   5.331507175E-02  -4.861308015E-01
  Hessian eigenvalues: -1.218488885E+00  -5.358800824E-01  -4.328157297E-01
  Field 0 (f,|grad|,lap): 1.426780261E-01  1.237393115E-01  -6.354665886E-02
+ Critical point no. 4
  Crystallographic coordinates: 0.3402508763 0.0000347592 0.3402508763
  Cartesian coordinates (bohr): -0.0001009136 0.0001009136 1.9757472118
  Type : (3,-1)
  Field value (f): 8.412174900E-01
  Field value, valence (fval): 8.412174900E-01
  Gradient (grad f): -7.243027099E-16  6.049860222E-17  -2.907293940E-16
  Gradient norm (|grad f|): 7.828142034E-16
  Laplacian (del2 f): -1.667426827E-01
  Laplacian, valence (del2 fval): -1.667426827E-01
  Hessian:
    -5.746202442E-01  -6.660994125E-03  -3.192424247E-03
    -6.660994125E-03  -5.746202442E-01   3.192424247E-03
    -3.192424247E-03   3.192424247E-03   9.824978056E-01
  Hessian eigenvalues: -5.812812383E-01  -5.679723965E-01  9.825109520E-01
  Ellipticity (l_1/l_2 - 1): 2.343219830E-02
  Field 0 (f,|grad|,lap): 1.139178913E-01  1.156051479E-02  6.937659508E-02
+ Critical point no. 5
  Crystallographic coordinates: 0.8128537352 0.1871462648 0.6271671953
  Cartesian coordinates (bohr): -0.0042379029 1.0824156551 4.7240243449
  Type : (3,-1)
  Field value (f): 7.090334692E-01
  Field value, valence (fval): 7.090334692E-01
  Gradient (grad f): -2.188116806E-14  -8.415838718E-14  8.403360881E-14
  Gradient norm (|grad f|): 1.209258742E-13
  Laplacian (del2 f): -2.985304689E+00
  Laplacian, valence (del2 fval): -2.985304689E+00
  Hessian:
    -1.996119349E-01   3.679727413E-02  -3.679727413E-02
     3.679727413E-02  -1.392846377E+00   2.035599267E+00
    -3.679727413E-02   2.035599267E+00  -1.392846377E+00
  Hessian eigenvalues: -3.429284143E+00  -1.987734353E-01  6.427528897E-01
  Ellipticity (l_1/l_2 - 1): 1.625222557E+01
  Field 0 (f,|grad|,lap): 1.394508860E-01  1.605642740E-01  -1.045925069E-01
+ Critical point no. 6
  Crystallographic coordinates: 0.5000000000 0.2497039937 0.2497039937
  Cartesian coordinates (bohr): 0.0017187428 1.4516100000 2.9015012572
  Type : (3,-1)
  Field value (f): 1.582004973E-01
  Field value, valence (fval): 1.582004973E-01
  Gradient (grad f): 8.402583642E-18  1.075530706E-16  -1.176361710E-17
  Gradient norm (|grad f|): 1.085202704E-16
  Laplacian (del2 f): 1.775203658E+00
  Laplacian, valence (del2 fval): 1.775203658E+00
  Hessian:
    -7.986407494E-02  -3.289565845E-03   5.898839126E-03
    -3.289565845E-03   1.934931808E+00  -3.289565845E-03
     5.898839126E-03  -3.289565845E-03  -7.986407494E-02
  Hessian eigenvalues: -8.576291407E-02  -7.397600907E-02  1.934942582E+00
  Ellipticity (l_1/l_2 - 1): 1.593341563E-01
  Field 0 (f,|grad|,lap): 5.704718422E-02  4.026695275E-05  9.760499542E-02
+ Critical point no. 7
  Crystallographic coordinates: 0.5000000000 0.5000000000 0.5000000000
  Cartesian coordinates (bohr): -1.4516100000 1.4516100000 4.3548300000
  Type : (3,-1)
  Field value (f): 1.528980029E-01
  Field value, valence (fval): 1.528980029E-01
  Gradient (grad f): -3.915603977E-16  3.713941970E-16  -3.461864460E-16
  Gradient norm (|grad f|): 6.411694394E-16
  Laplacian (del2 f): 1.525131401E+00
  Laplacian, valence (del2 fval): 1.525131401E+00
  Hessian:
     5.083771336E-01  -5.573716716E-01   5.573716716E-01
    -5.573716716E-01   5.083771336E-01  -5.573716716E-01
     5.573716716E-01  -5.573716716E-01   5.083771336E-01
  Hessian eigenvalues: -4.899453802E-02  -4.899453802E-02  1.623120477E+00
  Ellipticity (l_1/l_2 - 1): 4.440892099E-15
  Field 0 (f,|grad|,lap): 5.779031650E-02  6.790822376E-07  1.232910623E-01
+ Critical point no. 8
  Crystallographic coordinates: 0.3042897883 0.6957102117 0.3042897883
  Cartesian coordinates (bohr): -2.0197998007 2.0197998007 3.7866401993
  Type : (3,1)
  Field value (f): 6.748679067E-01
  Field value, valence (fval): 6.748679067E-01
  Gradient (grad f): -1.613296059E-16  1.663711561E-16  -1.798152899E-16
  Gradient norm (|grad f|): 2.933259992E-16
  Laplacian (del2 f): -3.651464663E+00
  Laplacian, valence (del2 fval): -3.651464663E+00
  Hessian:
    -1.217154888E+00   1.446709242E+00  -1.446709242E+00
     1.446709242E+00  -1.217154888E+00   1.446709242E+00
    -1.446709242E+00   1.446709242E+00  -1.217154888E+00
  Hessian eigenvalues: -4.110573372E+00  2.295543546E-01  2.295543546E-01
  Field 0 (f,|grad|,lap): 1.384330997E-01  1.621089765E-01  -1.056647887E-01
+ Critical point no. 9
  Crystallographic coordinates: 0.6841824375 0.3158175625 0.3661842094
  Cartesian coordinates (bohr): 0.0063309519 1.8401066795 3.9663333205
  Type : (3,1)
  Field value (f): 1.430516124E-01
  Field value, valence (fval): 1.430516124E-01
  Gradient (grad f): -1.308498902E-13  1.784311218E-13  -1.784281022E-13
  Gradient norm (|grad f|): 2.842462782E-13
  Laplacian (del2 f): 1.552382695E+00
  Laplacian, valence (del2 fval): 1.552382695E+00
  Hessian:
    -3.443420766E-02   4.610812641E-03  -4.610812641E-03
     4.610812641E-03   7.934084515E-01  -7.649596143E-01
    -4.610812641E-03  -7.649596143E-01   7.934084515E-01
  Hessian eigenvalues: -3.446090179E-02  2.844883716E-02  1.558394760E+00
  Field 0 (f,|grad|,lap): 5.523664846E-02  1.586800742E-03  1.080047153E-01
+ Critical point no. 10
  Crystallographic coordinates: 0.5000000000 0.3706419625 0.3706419625
  Cartesian coordinates (bohr): -0.7005003169 1.4516100000 3.6037203169
  Type : (3,1)
  Field value (f): 1.421175827E-01
  Field value, valence (fval): 1.421175827E-01
  Gradient (grad f): -4.999537267E-17  1.075530706E-16  -4.327330576E-17
  Gradient norm (|grad f|): 1.262528387E-16
  Laplacian (del2 f): 1.296787341E+00
  Laplacian, valence (del2 fval): 1.296787341E+00
  Hessian:
     2.064257816E-01  -4.156759158E-01   1.694971714E-01
    -4.156759158E-01   8.839357779E-01  -4.156759158E-01
     1.694971714E-01  -4.156759158E-01   2.064257816E-01
  Hessian eigenvalues: -1.045504363E-02  3.692861022E-02  1.270313775E+00
  Field 0 (f,|grad|,lap): 5.416959987E-02  6.589678873E-04  1.117689403E-01
+ Critical point no. 11
  Crystallographic coordinates: 0.5998280477 0.4001719523 0.3789553346
  Cartesian coordinates (bohr): -0.5205451370 1.8030292936 4.0034107064
  Type : (3,3)
  Field value (f): 1.412578041E-01
  Field value, valence (fval): 1.412578041E-01
  Gradient (grad f): -3.194746326E-14  4.436522150E-14  -4.432993065E-14
  Gradient norm (|grad f|): 7.038505551E-14
  Laplacian (del2 f): 1.655897428E+00
  Laplacian, valence (del2 fval): 1.655897428E+00
  Hessian:
     1.309333496E-01  -2.222927919E-01   2.222927919E-01
    -2.222927919E-01   7.624820393E-01  -7.363127724E-01
     2.222927919E-01  -7.363127724E-01   7.624820393E-01
  Hessian eigenvalues: 2.616926690E-02  6.214274080E-02  1.567585421E+00
  Field 0 (f,|grad|,lap): 5.459436494E-02  3.771682659E-03  1.123808305E-01
+ Critical point no. 12
  Crystallographic coordinates: 0.9161291217 0.0838708783 0.9161291217
  Cartesian coordinates (bohr): -0.2434956112 0.2434956112 5.5629443888
  Type : (3,3)
  Field value (f): 3.121457650E-02
  Field value, valence (fval): 3.121457650E-02
  Gradient (grad f): 1.031417142E-16  -1.045071340E-16  2.507120894E-16
  Gradient norm (|grad f|): 2.905451876E-16
  Laplacian (del2 f): 9.992540830E-01
  Laplacian, valence (del2 fval): 9.992540830E-01
  Hessian:
     3.330846943E-01  -1.972466523E-01   1.972466523E-01
    -1.972466523E-01   3.330846943E-01  -1.972466523E-01
     1.972466523E-01  -1.972466523E-01   3.330846943E-01
  Hessian eigenvalues: 1.358380420E-01  1.358380420E-01  7.275779990E-01
  Field 0 (f,|grad|,lap): 7.220888911E+00  4.938829107E+01  3.950755918E+01
+ Flatness (rho_min / rho_b,max): 0.037106

End AUTO--2024/4/29, 11:51:06.546

CRITIC2 ended succesfully (0 WARNINGS, 0 COMMENTS)

Elapsed wall time: 0s
Elapsed CPU time: 0s
CRITIC2--2024/4/29, 11:51:06.547
