                  _   _     _          ___     
                 (_) | |   (_)        |__ \    
     ___   _ __   _  | |_   _    ___     ) |   
    / __| | '__| | | | __| | |  / __|   / /    
   | (__  | |    | | | |_  | | | (__   / /_    
    \___| |_|    |_|  \__| |_|  \___| |____|   
 
* CRITIC2: analysis of real-space scalar fields in solids and molecules.
  (c) 1996-2015 A. Otero-de-la-Roza, A. Martin-Pendas, V. Lua~na
  Distributed under GNU GPL v.3 (see COPYING for details)
  Bugs, requests, and rants: aoterodelaroza@gmail.com 
  If you find this software useful, please cite:
  A. Otero-de-la-Roza et al., Comput. Phys. Commun. 185 (2014) 1007-1018.
  A. Otero-de-la-Roza et al., Comput. Phys. Commun. 180 (2009) 157-166.
 
+ critic2 (stable), commit (config) e7d44b3ee15876ac5dca5951c108a0689910200e
 compile host: Linux irene194 4.18.0-305.82.1.el8_4.x86_64 #1 SMP Thu Feb 23 09:21:04 EST 2023 x86_64 x86_64 x86_64 GNU/Linux
 compile date: Wed Jun 14 00:54:01 CEST 2023
    using f77: ifort -g 
          f90: ifort -g -FR -fopenmp
            c: gcc -g -O2 -Iqhull/
      ldflags: 
       debug?: no
 compiled dat: /ccc/cont003/home/unipoiti/frapperg/scratch/tnovoa/critic2/share/critic2
      datadir: /ccc/cont003/home/unipoiti/frapperg/scratch/tnovoa/critic2/share/critic2
     dic file: /ccc/cont003/home/unipoiti/frapperg/scratch/tnovoa/critic2/share/critic2/cif_core.dic
...was found?:  T
 
CRITIC2--2023/6/14, 02:13:40.584
 
%% crystal /ccc/cont003/home/unipoiti/frapperg/scratch/tnovoa/TcESTIME/example/H3S.ELF.cube

* Crystal structure
  From: /ccc/cont003/home/unipoiti/frapperg/scratch/tnovoa/TcESTIME/example/H3S.ELF.cube
  Lattice parameters (bohr): 5.802150  5.793600  5.795450
  Lattice parameters (ang): 3.070366  3.065841  3.066820
  Lattice angles (degrees): 90.000  90.000  90.000
  Molecular formula: 
    S(1) H(1) H(1) H(1) 
  Number of non-equivalent atoms in the unit cell: 4
  Number of atoms in the unit cell: 8
  Number of electrons: 38

+ List of non-equivalent atoms in the unit cell (cryst. coords.): 
# nat       x              y              z           name    mult  Z  
   1   0.9999977595   0.9999963753   0.0000022431      S       2    16 
   2   0.4999987936   0.9999963753   0.0000022431      H       2    1  
   3   0.9999977595   0.4999981014   0.0000022431      H       2    1  
   4   0.9999977595   0.9999963753   0.5000010353      H       2    1  
 
+ List of atoms in the unit cell (cryst. coords.): 
# at        x              y              z           name     Z  
   1   0.9999977595   0.9999963753   0.0000022431      S       16 
   2   0.4999977595   0.4999963753   0.5000022431      S       16 
   3   0.4999987936   0.9999963753   0.0000022431      H       1  
   4   0.9999987936   0.4999963753   0.5000022431      H       1  
   5   0.9999977595   0.4999981014   0.0000022431      H       1  
   6   0.4999977595   0.9999981014   0.5000022431      H       1  
   7   0.9999977595   0.9999963753   0.5000010353      H       1  
   8   0.4999977595   0.4999963753   0.0000010353      H       1  
 
+ Lattice vectors (bohr)
    1:    5.8021500000     0.0000000000     0.0000000000 
    2:    0.0000000000     5.7936000000     0.0000000000 
    3:    0.0000000000     0.0000000000     5.7954500000 
 
+ List of atoms in Cartesian coordinates (bohr): 
# at         x                y                z            name     Z  
   1     5.8021370000     5.7935790000     0.0000130000      S       16 
   2     2.9010620000     2.8967790000     2.8977380000      S       16 
   3     2.9010680000     5.7935790000     0.0000130000      H       1  
   4     5.8021430000     2.8967790000     2.8977380000      H       1  
   5     5.8021370000     2.8967890000     0.0000130000      H       1  
   6     2.9010620000     5.7935890000     2.8977380000      H       1  
   7     5.8021370000     5.7935790000     2.8977310000      H       1  
   8     2.9010620000     2.8967790000     0.0000060000      H       1  
 
+ Cell volume (bohr^3): 194.81600
+ Cell volume (ang^3): 28.86875
 
+ List of symmetry operations (8):
  Operation 1:
     1.000000  0.000000  0.000000  0.000000
     0.000000  1.000000  0.000000  0.000000
     0.000000  0.000000  1.000000  0.000000
  Operation 2:
    -1.000000  0.000000  0.000000  0.999997
     0.000000 -1.000000  0.000000  0.999994
     0.000000  0.000000 -1.000000  0.000003
  Operation 3:
     1.000000  0.000000  0.000000  0.500000
     0.000000 -1.000000  0.000000  0.499994
     0.000000  0.000000 -1.000000  0.500003
  Operation 4:
    -1.000000  0.000000  0.000000  0.999997
     0.000000  1.000000  0.000000  0.000000
     0.000000  0.000000  1.000000  0.000000
  Operation 5:
    -1.000000  0.000000  0.000000  0.499997
     0.000000  1.000000  0.000000  0.500000
     0.000000  0.000000 -1.000000  0.500003
  Operation 6:
     1.000000  0.000000  0.000000  0.000000
     0.000000 -1.000000  0.000000  0.999994
     0.000000  0.000000  1.000000  0.000000
  Operation 7:
    -1.000000  0.000000  0.000000  0.999997
     0.000000 -1.000000  0.000000  0.999994
     0.000000  0.000000  1.000000  0.000000
  Operation 8:
     1.000000  0.000000  0.000000  0.000000
     0.000000  1.000000  0.000000  0.000000
     0.000000  0.000000 -1.000000  0.000003
 
+ List of symmetry operations in crystallographic notation:
   1: x,y,z
   2: -x,-y,-z
   3: 1/2+x,1/2-y,1/2-z
   4: -x,y,z
   5: 1/2-x,1/2+y,1/2-z
   6: x,-y,z
   7: -x,-y,z
   8: x,y,-z
 
+ List of centering vectors (2):
  Vector 1: 0.000000  0.000000  0.000000 
  Vector 2: 0.500000  0.500000  0.500000 
 
+ Crystal symmetry information
  Space group (Hermann-Mauguin): Immm (number 71)
  Space group (Hall): -I 2 2 (number 337)
  Point group (Hermann-Mauguin): mmm
  Point group (Schoenflies): D2h
  Holohedry: orthorhombic
  Laue class: mmm
 
+ Cartesian/crystallographic coordinate transformation matrices:
  A = car to crys (xcrys = A * xcar, bohr^-1)
       0.1723499048     0.0000000000     0.0000000000 
       0.0000000000     0.1726042530     0.0000000000 
       0.0000000000     0.0000000000     0.1725491549 
  B = crys to car (xcar = B * xcrys, bohr)
       5.8021500000     0.0000000000     0.0000000000 
       0.0000000000     5.7936000000     0.0000000000 
       0.0000000000     0.0000000000     5.7954500000 
  G = metric tensor (B'*B, bohr^2)
      33.6649446225     0.0000000000     0.0000000000 
       0.0000000000    33.5658009600     0.0000000000 
       0.0000000000     0.0000000000    33.5872407025 
 
+ List of fragments in the system
  Number of fragments: 1
# Id  nat           Center of mass          Discrete? 
  1    8      0.235635    0.735634    0.764365   No
 
+ Atomic environment of the main cell
  Number of atoms contributing density to the main cell: 3431
 
+ Atomic environments (distances in bohr)
#  id   atom   nneig     distance  nat   type      
   1      S      4       2.8977320   4    H         
         ...     2       2.9010690   2    H         
         ...     4       4.0973480   2    H         
         ...     8       4.1003715   3    H         
         ...     8       5.0204080   1    S         
         ...     2       5.7936000   1    S         
         ...     2       5.7954500   1    S         
         ...     2       5.8021500   1    S         
         ...     4       6.4778586   4    H         
         ...     8       6.4793520   2    H         
   2      H      4       2.8977250   3    H         
         ...     2       2.9010810   1    S         
         ...     4       4.0973480   1    S         
         ...     8       4.1003807   4    H         
         ...     8       5.0204080   2    H         
         ...     2       5.7936000   2    H         
         ...     2       5.7954500   2    H         
         ...     2       5.8021500   2    H         
         ...     4       6.4778465   3    H         
         ...     8       6.4793574   1    S         
   3      H      4       2.8968100   1    S         
         ...     2       2.9010750   4    H         
         ...     4       4.0973600   4    H         
         ...     8       4.0997207   2    H         
         ...     8       5.0204080   3    H         
         ...     2       5.7936000   3    H         
         ...     2       5.7954500   3    H         
         ...     2       5.8021500   3    H         
         ...     4       6.4778644   2    H         
         ...     8       6.4791009   1    S         
   4      H      4       2.8977180   1    S         
         ...     2       2.9010750   3    H         
         ...     4       4.0973360   3    H         
         ...     8       4.0997178   1    S         
         ...     8       5.0204080   4    H         
         ...     2       5.7936000   4    H         
         ...     2       5.7954500   4    H         
         ...     2       5.8021500   4    H         
         ...     4       6.4778523   1    S         
         ...     8       6.4793457   3    H         
 
+ List of half nearest neighbor distances (bohr)
   id   atom      rnn/2    
   1      S      1.4488660 
   2      H      1.4488625 
   3      H      1.4484050 
   4      H      1.4488590 
 
+ Vertex of the WS cell (cryst. coords.)
   id       x            y            z          d (bohr)   
    1    0.500000     0.500000    -0.500000     5.02040801  
    2    0.500000    -0.500000     0.500000     5.02040801  
    3    0.500000     0.500000     0.500000     5.02040801  
    4   -0.500000     0.500000     0.500000     5.02040801  
    5    0.500000    -0.500000    -0.500000     5.02040801  
    6   -0.500000     0.500000    -0.500000     5.02040801  
    7   -0.500000    -0.500000    -0.500000     5.02040801  
    8   -0.500000    -0.500000     0.500000     5.02040801  
 
+ Faces of the WS cell
  Number of faces: 6
   1: 3  4  6  1 
   2: 4  3  2  8 
   3: 7  6  4  8 
   4: 1  5  2  3 
   5: 5  7  8  2 
   6: 7  5  1  6 
 
+ Lattice vectors for the Wigner-Seitz neighbors
   1:  0  1  0
   2:  0  0  1
   3: -1  0  0
   4:  1  0  0
   5:  0 -1  0
   6:  0  0 -1
 
+ Lattice vectors for the Delaunay reduced cell (fractional)
   1:  0  1  0
   2:  0  0  1
   3:  1  0  0
  Delaunay reduced cell lengths:     5.7936     5.7954     5.8021
  Delaunay reduced cell angles:    90.0000    90.0000    90.0000
 
+ Is the cell orthogonal? T
+ Is the reduced cell orthogonal? T

 
* Atomic radial density grids
+ List of atomic charges and atomic numbers
# nat  name    Z     Q  ZPSP
    1    S    16   0.0   -1
    2    H     1   0.0   -1
    3    H     1   0.0   -1
    4    H     1   0.0   -1
 
+ Number of electrons: 38
+ Number of valence electrons: 38
+ Number of core electrons: 0
 
* Reading new promolecular density grids
+ Read density file: /ccc/cont003/home/unipoiti/frapperg/scratch/tnovoa/critic2/share/critic2/s__pbe.wfc
  Log grid (r = a*e^(b*x)) with a = 1.5492E-04, b = 2.0000E-03
  Num. grid points = 5578, rmax (bohr) = 10.8201623
  Integrated charge = 15.9999902557
  El. conf.: 1S(2)2S(2)2P(6)3S(2)3P(4)
+ Read density file: /ccc/cont003/home/unipoiti/frapperg/scratch/tnovoa/critic2/share/critic2/h__pbe.wfc
  Log grid (r = a*e^(b*x)) with a = 2.4788E-03, b = 2.0000E-03
  Num. grid points = 4153, rmax (bohr) = 10.0141591
  Integrated charge = 0.9999910815
  El. conf.: 1S(1)
 
* Reading new core density grids
 
* Field number 0 is now REFERENCE.

* List of integrable properties
#  Id  Type  Field  Name
    1   v        0  Volume
    2  fval      0  Pop
    3  lval      0  Lap
 
%% load /ccc/cont003/home/unipoiti/frapperg/scratch/tnovoa/TcESTIME/example/H3S.ELF.cube

* Scalar field number: 1
  Source: /ccc/cont003/home/unipoiti/frapperg/scratch/tnovoa/TcESTIME/example/H3S.ELF.cube
  Type: grid
  Grid dimensions : 50  50  50
  First elements... 4.346300000000E-02  4.171900000000E-02  3.765400000000E-02
  Last elements... 3.324200000000E-02  3.520300000000E-02  3.857400000000E-02
  Sum of elements... 5.708884921400E+04
  Sum of squares of elements... 3.384516235364E+04
  Cell integral (grid SUM) = 88.97457018
  Min: 3.14800000E-02
  Average: 4.56710794E-01
  Max: 1.00000000E+00
  Interpolation mode (1=nearest,2=linear,3=spline,4=tricubic): 4
  Use core densities?  F
  Numerical derivatives?  F
  Nuclear CP signature: -3
 
* Field number 1 is now REFERENCE.

* List of integrable properties
#  Id  Type  Field  Name
    1   v        0  Volume
    2  fval      1  Pop
    3  lval      1  Lap
 
%% AUTO CPEPS 0.3 NUCEPSH 0.5

Start AUTO--2023/6/14, 02:13:40.666
 
* Automatic determination of CPs
  Discard new CPs if another CP was found at a distance less than: 3.000E-01 bohr
  Discard new CPs if a nucleus was found at a distance less than: 2.321E-01 bohr
  Discard new CPs if a hydrogen was found at a distance less than: 5.000E-01 bohr
  CPs are degenerate if any Hessian element abs value is less than: 1.000E-08
  Discard CPs if grad(f) is above: 1.000E-12
+ List of seeding actions
  Id nseed     Type           Description
  1 450     WS recursive    depth=1, x0=0.0000  0.0000  0.0000, no radius 
+ Number of seeds before pruning and clipping: 450
+ Number of seeds: 418
+ Searching for CPs
+ Sorting the CPs
 
* Critical point list, final report (non-equivalent cps)
  Topological class (n|b|r|c): 7(20) 16(92) 5(64) 3(48) 
  Morse sum: -56
# ncp   pg  type   CPname         position (cryst. coords.)       mult  name            f             |grad|           lap
  1    D2h (3,-3) nucleus   0.99999776   0.99999638   0.00000224    2     S       4.34629999E-02  0.00000000E+00 -1.03892132E+00
  2    D2h (3,-3) nucleus   0.49999879   0.99999638   0.00000224    2     H       9.89830001E-01  0.00000000E+00  6.53498325E+00
  3    D2h (3,-3) nucleus   0.99999776   0.49999810   0.00000224    2     H       9.89800001E-01  0.00000000E+00  6.51997950E+00
  4    D2h (3,-3) nucleus   0.99999776   0.99999638   0.50000104    2     H       9.89810001E-01  0.00000000E+00  6.51796945E+00
  5    C2v (3,-3)  nnattr   0.00000000   0.27162260   1.00000000    4     n5      8.69367841E-01  2.09594455E-16 -1.81024144E+00
  6    C2v (3,-3)  nnattr   0.50000000   0.50000000   0.22847931    4     n7      8.69327149E-01  1.48131044E-16 -1.82668575E+00
  7    C2v (3,-3)  nnattr   0.22878049   0.50000000   0.50000000    4     n6      8.69148406E-01  3.04623205E-17 -1.85204026E+00
  8    C2v (3,-1)   bond    0.00000000   0.33918296   1.00000000    4     b7      8.41833778E-01  2.95722805E-13  3.23092803E-01
  9    C2v (3,-1)   bond    0.50000000   0.50000000   0.16081414    4    b15      8.41653835E-01  5.40844538E-16  3.26986164E-01
  10   C2v (3,-1)   bond    0.16081350   0.50000000   0.50000000    4    b10      8.41013747E-01  2.56935444E-16  3.28183418E-01
  11   Cs  (3,-1)   bond    0.31372872   0.50000000   0.31358993    8     b9      7.07986162E-01  3.56966741E-14 -2.54370760E+00
  12   Cs  (3,-1)   bond    0.18626616   0.18645699   0.00000000    8    b11      7.07926007E-01  4.45107443E-13 -2.54608348E+00
  13   Cs  (3,-1)   bond    0.00000000   0.18647099   0.18642593    8     b4      7.07716029E-01  1.13779128E-15 -2.55058852E+00
  14   C2v (3,-1)   bond    0.00000000   0.24999819   0.50000000    4    b16      1.58930000E-01  1.64681357E-16  1.86539165E+00
  15   C2v (3,-1)   bond    0.00000000   0.50000000   0.25000814    4     b2      1.58658123E-01  1.96712362E-16  1.85834299E+00
  16   C2v (3,-1)   bond    0.75000091   0.50000000   1.00000000    4    b13      1.57691875E-01  2.64788326E-13  1.84783495E+00
  17    i  (3,-1)   bond    0.25000000   0.25000000   0.25000000    8     b1      1.54010596E-01  1.72557655E-16  1.49857446E+00
  18   Cs  (3,-1)   bond    0.00000000   0.31663216   0.31718002    8     b8      1.44142314E-01  3.59870589E-16  1.34948298E+00
  19   Cs  (3,-1)   bond    0.68178390   0.31559371   1.00000000    8    b14      1.43641697E-01  3.60315797E-16  1.35300658E+00
  20   Cs  (3,-1)   bond    0.18211398   0.50000000   0.18410397    8     b5      1.43497772E-01  9.62917174E-15  1.35316125E+00
  21   C2v (3,-1)   bond    0.00000000   0.06485849   1.00000000    4     b3      3.45976238E-02  3.27491336E-18 -8.77833356E-02
  22   C2v (3,-1)   bond    0.50000000   0.50000000   0.43514866    4    b12      3.45940603E-02  2.99325070E-17 -8.88269996E-02
  23   C2v (3,-1)   bond    0.43520383   0.50000000   0.50000000    4     b6      3.45793532E-02  7.92291643E-17 -9.49397130E-02
  24   C1  (3,1 )   ring    0.15216960   0.15246205   0.15240023   16     r2      6.73570427E-01  4.07262657E-16 -3.02926747E+00
  25   C1  (3,1 )   ring    0.87899613   0.24851366   0.38236919   16     r4      1.42973369E-01  7.33660489E-13  1.41338209E+00
  26   C1  (3,1 )   ring    0.88225531   0.37629812   0.25277861   16     r1      1.42884694E-01  4.39590871E-15  1.43194074E+00
  27   Cs  (3,1 )   ring    0.50000000   0.55130554   0.44868671    8     r3      3.20550681E-02  2.27481117E-15  8.20009865E-01
  28   Cs  (3,1 )   ring    0.55130709   0.55128268   0.50000000    8     r5      3.20491265E-02  1.69046650E-16  8.19636923E-01
  29   C1  (3,3 )   cage    0.58573270   0.80321591   0.82010391   16     c1      1.42269746E-01  1.25253585E-15  1.57182971E+00
  30   C1  (3,3 )   cage    0.69677387   0.32179505   0.07931035   16     c3      1.41857355E-01  4.02504023E-16  1.65139479E+00
  31   C1  (3,3 )   cage    0.69646539   0.07902024   0.32151126   16     c2      1.41758772E-01  2.46333066E-13  1.65152683E+00
 
* Analysis of system bonds
# ncp is the bond from the non-equivalent CP list.
# End-1 and End-2 are the bond path terminator from the non-equivalent
#   CP list (index in parentheses).
# r1 and r2 are the geometric distances between bond and terminators.
# r1-B-r2 is the geometric angle between bond and terminators.
# ncp   End-1      End-2    r1(bohr)   r2(bohr)     r1/r2   r1-B-r2 (degree)
  8     H (3)      n5 (5)    0.6316     0.3914     1.613621    179.9998  
  9     n7 (6)     H (4)     0.3922     0.6316     0.620884    179.9998  
 10     n6 (7)     H (2)     0.3944     0.6316     0.624374    179.9998  
 11     n6 (7)     n7 (6)    1.1875     1.1880     0.999530    139.0555  
 12     n6 (7)     n5 (5)    1.1874     1.1881     0.999469    139.0644  
 13     n7 (6)     n5 (5)    1.1876     1.1877     0.999907    139.0784  
 14     H (2)      H (4)     1.0030     1.0035     0.999552    179.9999  
 15     H (2)      H (3)     1.0039     1.0039     1.000000    179.9999  
 16     H (3)      H (4)     1.0051     1.0051     1.000000    179.9999  
 17     n6 (7)     n6 (7)    0.9790     0.9790     1.000011    179.9897  
 18     n7 (6)     H (2)     1.8535     1.0395     1.782971    143.3213  
 19     H (4)      n6 (7)    1.0401     1.8486     0.562627    144.0315  
 20     n6 (7)     H (3)     1.8507     1.0425     1.775168    143.8283  
 21     n5 (5)     S (1)     1.1979     0.3758     3.187748    179.9972  
 22     S (1)      n7 (6)    0.3759     1.1977     0.313804    179.9962  
 23     S (1)      n6 (7)    0.3759     1.1977     0.313889    179.9962  
 
* Analysis of system rings
# ncp is the ring from the non-equivalent CP list.
# End-1 and End-2 are the ring path terminator from the non-equivalent
#   CP list (index in parentheses).
# r1 and r2 are the geometric distances between ring and terminators.
# r1-B-r2 is the geometric angle between ring and terminators.
# ncp   End-1      End-2    r1(bohr)   r2(bohr)     r1/r2   r1-R-r2 (degree)
 24    c1 (29)    c1 (29)    1.1106     0.9781     1.135509    176.8869  
 25    c1 (29)    c1 (29)    0.0110     0.0220     0.499425    171.9598  
 26    c1 (29)    c1 (29)    0.0158     0.0213     0.741166    176.7889  
 27    c1 (29)    c1 (29)    0.2126     0.2126     1.000000    158.4513  
 28    c3 (30)    c3 (30)    0.2117     0.2117     1.000000    158.0745  
 
* Complete CP list
# (x symbols are the non-equivalent representative atoms)
#  cp   ncp  typ      position (cryst. coords.)        op.    (lvec+cvec)
x 1      1    n  0.99999776   0.99999638   0.00000224   1   0.0   0.0   0.0 
  2      1    n  0.49999776   0.49999638   0.50000224   1  -0.5  -0.5   0.5 
x 3      2    n  0.49999879   0.99999638   0.00000224   1   0.0   0.0   0.0 
  4      2    n  0.99999879   0.49999638   0.50000224   1   0.5  -0.5   0.5 
x 5      3    n  0.99999776   0.49999810   0.00000224   1   0.0   0.0   0.0 
  6      3    n  0.49999776   0.99999810   0.50000224   1  -0.5   0.5   0.5 
x 7      4    n  0.99999776   0.99999638   0.50000104   1   0.0   0.0   0.0 
  8      4    n  0.49999776   0.49999638   0.00000104   1  -0.5  -0.5  -0.5 
x 9      5    n  0.00000000   0.27162260   0.00000000   1   0.0   0.0  -1.0 
  10     5    n  0.50000000   0.77162260   0.50000000   1   0.5   0.5  -0.5 
  11     5    n  0.99999655   0.72837188   0.00000328   2   0.0   0.0   1.0 
  12     5    n  0.49999655   0.22837188   0.50000328   2  -0.5  -0.5   1.5 
x 13     6    n  0.50000000   0.50000000   0.22847931   1   0.0   0.0   0.0 
  14     6    n  1.00000000   1.00000000   0.72847931   1   0.5   0.5   0.5 
  15     6    n  0.49999655   0.49999448   0.77152397   2   0.0   0.0   1.0 
  16     6    n  0.99999655   0.99999448   0.27152397   2   0.5   0.5   0.5 
x 17     7    n  0.22878049   0.50000000   0.50000000   1   0.0   0.0   0.0 
  18     7    n  0.72878049   1.00000000   0.00000000   1   0.5   0.5  -0.5 
  19     7    n  0.77121607   0.49999448   0.50000328   2   0.0   0.0   1.0 
  20     7    n  0.27121607   0.99999448   0.00000328   2  -0.5   0.5   0.5 
x 21     8    b  0.00000000   0.33918296   0.00000000   1   0.0   0.0  -1.0 
  22     8    b  0.50000000   0.83918296   0.50000000   1   0.5   0.5  -0.5 
  23     8    b  0.99999655   0.66081152   0.00000328   2   0.0   0.0   1.0 
  24     8    b  0.49999655   0.16081152   0.50000328   2  -0.5  -0.5   1.5 
x 25     9    b  0.50000000   0.50000000   0.16081414   1   0.0   0.0   0.0 
  26     9    b  1.00000000   0.00000000   0.66081414   1   0.5  -0.5   0.5 
  27     9    b  0.49999655   0.49999448   0.83918914   2   0.0   0.0   1.0 
  28     9    b  0.99999655   0.99999448   0.33918914   2   0.5   0.5   0.5 
x 29     10   b  0.16081350   0.50000000   0.50000000   1   0.0   0.0   0.0 
  30     10   b  0.66081350   0.00000000   0.00000000   1   0.5  -0.5  -0.5 
  31     10   b  0.83918306   0.49999448   0.50000328   2   0.0   0.0   1.0 
  32     10   b  0.33918306   0.99999448   0.00000328   2  -0.5   0.5   0.5 
x 33     11   b  0.31372872   0.50000000   0.31358993   1   0.0   0.0   0.0 
  34     11   b  0.81372872   0.00000000   0.81358993   1   0.5  -0.5   0.5 
  35     11   b  0.68626783   0.49999448   0.68641335   2   0.0   0.0   1.0 
  36     11   b  0.18626783   0.99999448   0.18641335   2  -0.5   0.5   0.5 
  37     11   b  0.81372872   0.99999448   0.18641335   3   0.0   1.0   0.0 
  38     11   b  0.31372872   0.49999448   0.68641335   3  -0.5   0.5   0.5 
  39     11   b  0.68626783   0.50000000   0.31358993   4   0.0   0.0   0.0 
  40     11   b  0.18626783   0.00000000   0.81358993   4  -0.5  -0.5   0.5 
x 41     12   b  0.18626616   0.18645699   0.00000000   1   0.0   0.0   0.0 
  42     12   b  0.68626616   0.68645699   0.50000000   1   0.5   0.5   0.5 
  43     12   b  0.81373039   0.81353749   0.00000328   2   0.0   0.0   0.0 
  44     12   b  0.31373039   0.31353749   0.50000328   2  -0.5  -0.5   0.5 
  45     12   b  0.68626616   0.31353749   0.50000328   3   0.0   0.0   0.0 
  46     12   b  0.18626616   0.81353749   0.00000328   3  -0.5   0.5  -0.5 
  47     12   b  0.81373039   0.18645699   0.00000000   4   0.0   0.0   0.0 
  48     12   b  0.31373039   0.68645699   0.50000000   4  -0.5   0.5   0.5 
x 49     13   b  0.00000000   0.18647099   0.18642593   1   0.0   0.0   0.0 
  50     13   b  0.50000000   0.68647099   0.68642593   1   0.5   0.5   0.5 
  51     13   b  0.99999655   0.81352349   0.81357734   2   0.0   0.0   1.0 
  52     13   b  0.49999655   0.31352349   0.31357734   2  -0.5  -0.5   0.5 
  53     13   b  0.49999655   0.68647099   0.31357734   5   0.0   0.0   0.0 
  54     13   b  0.99999655   0.18647099   0.81357734   5   0.5  -0.5   0.5 
  55     13   b  0.00000000   0.81352349   0.18642593   6   0.0   0.0   0.0 
  56     13   b  0.50000000   0.31352349   0.68642593   6   0.5  -0.5   0.5 
x 57     14   b  0.00000000   0.24999819   0.50000000   1   0.0   0.0   0.0 
  58     14   b  0.50000000   0.74999819   0.00000000   1   0.5   0.5  -0.5 
  59     14   b  0.99999655   0.74999628   0.50000328   2   0.0   0.0   1.0 
  60     14   b  0.49999655   0.24999628   0.00000328   2  -0.5  -0.5   0.5 
x 61     15   b  0.00000000   0.50000000   0.25000814   1   0.0   0.0   0.0 
  62     15   b  0.50000000   1.00000000   0.75000814   1   0.5   0.5   0.5 
  63     15   b  0.99999655   0.49999448   0.74999514   2   0.0   0.0   1.0 
  64     15   b  0.49999655   0.99999448   0.24999514   2  -0.5   0.5   0.5 
x 65     16   b  0.75000091   0.50000000   0.00000000   1   0.0   0.0  -1.0 
  66     16   b  0.25000091   1.00000000   0.50000000   1  -0.5   0.5  -0.5 
  67     16   b  0.24999565   0.49999448   0.00000328   2   0.0   0.0   1.0 
  68     16   b  0.74999565   0.99999448   0.50000328   2   0.5   0.5   1.5 
x 69     17   b  0.25000000   0.25000000   0.25000000   1   0.0   0.0   0.0 
  70     17   b  0.75000000   0.75000000   0.75000000   1   0.5   0.5   0.5 
  71     17   b  0.75000000   0.24999448   0.25000328   3   0.0   0.0   0.0 
  72     17   b  0.25000000   0.74999448   0.75000328   3  -0.5   0.5   0.5 
  73     17   b  0.24999655   0.75000000   0.25000328   5   0.0   0.0   0.0 
  74     17   b  0.74999655   0.25000000   0.75000328   5   0.5  -0.5   0.5 
  75     17   b  0.74999655   0.74999448   0.25000000   7   0.0   0.0   0.0 
  76     17   b  0.24999655   0.24999448   0.75000000   7  -0.5  -0.5   0.5 
x 77     18   b  0.00000000   0.31663216   0.31718002   1   0.0   0.0   0.0 
  78     18   b  0.50000000   0.81663216   0.81718002   1   0.5   0.5   0.5 
  79     18   b  0.99999655   0.68336231   0.68282325   2   0.0   0.0   1.0 
  80     18   b  0.49999655   0.18336231   0.18282325   2  -0.5  -0.5   0.5 
  81     18   b  0.49999655   0.81663216   0.18282325   5   0.0   0.0   0.0 
  82     18   b  0.99999655   0.31663216   0.68282325   5   0.5  -0.5   0.5 
  83     18   b  0.00000000   0.68336231   0.31718002   6   0.0   0.0   0.0 
  84     18   b  0.50000000   0.18336231   0.81718002   6   0.5  -0.5   0.5 
x 85     19   b  0.68178390   0.31559371   0.00000000   1   0.0   0.0  -1.0 
  86     19   b  0.18178390   0.81559371   0.50000000   1  -0.5   0.5  -0.5 
  87     19   b  0.31821265   0.68440077   0.00000328   2   0.0   0.0   1.0 
  88     19   b  0.81821265   0.18440077   0.50000328   2   0.5  -0.5   1.5 
  89     19   b  0.18178390   0.18440077   0.50000328   3  -1.0   0.0   1.0 
  90     19   b  0.68178390   0.68440077   0.00000328   3  -0.5   0.5   0.5 
  91     19   b  0.31821265   0.31559371   0.00000000   4   0.0   0.0  -1.0 
  92     19   b  0.81821265   0.81559371   0.50000000   4   0.5   0.5  -0.5 
x 93     20   b  0.18211398   0.50000000   0.18410397   1   0.0   0.0   0.0 
  94     20   b  0.68211398   0.00000000   0.68410397   1   0.5  -0.5   0.5 
  95     20   b  0.81788258   0.49999448   0.81589931   2   0.0   0.0   1.0 
  96     20   b  0.31788258   0.99999448   0.31589931   2  -0.5   0.5   0.5 
  97     20   b  0.68211398   0.99999448   0.31589931   3   0.0   1.0   0.0 
  98     20   b  0.18211398   0.49999448   0.81589931   3  -0.5   0.5   0.5 
  99     20   b  0.81788258   0.50000000   0.18410397   4   0.0   0.0   0.0 
  100    20   b  0.31788258   0.00000000   0.68410397   4  -0.5  -0.5   0.5 
x 101    21   b  0.00000000   0.06485849   0.00000000   1   0.0   0.0  -1.0 
  102    21   b  0.50000000   0.56485849   0.50000000   1   0.5   0.5  -0.5 
  103    21   b  0.99999655   0.93513599   0.00000328   2   0.0   0.0   1.0 
  104    21   b  0.49999655   0.43513599   0.50000328   2  -0.5  -0.5   1.5 
x 105    22   b  0.50000000   0.50000000   0.43514866   1   0.0   0.0   0.0 
  106    22   b  0.00000000   0.00000000   0.93514866   1  -0.5  -0.5   0.5 
  107    22   b  0.49999655   0.49999448   0.56485462   2   0.0   0.0   1.0 
  108    22   b  0.99999655   0.99999448   0.06485462   2   0.5   0.5   0.5 
x 109    23   b  0.43520383   0.50000000   0.50000000   1   0.0   0.0   0.0 
  110    23   b  0.93520383   1.00000000   0.00000000   1   0.5   0.5  -0.5 
  111    23   b  0.56479272   0.49999448   0.50000328   2   0.0   0.0   1.0 
  112    23   b  0.06479272   0.99999448   0.00000328   2  -0.5   0.5   0.5 
x 113    24   r  0.15216960   0.15246205   0.15240023   1   0.0   0.0   0.0 
  114    24   r  0.65216960   0.65246205   0.65240023   1   0.5   0.5   0.5 
  115    24   r  0.84782695   0.84753243   0.84760305   2   0.0   0.0   1.0 
  116    24   r  0.34782695   0.34753243   0.34760305   2  -0.5  -0.5   0.5 
  117    24   r  0.65216960   0.34753243   0.34760305   3   0.0   0.0   0.0 
  118    24   r  0.15216960   0.84753243   0.84760305   3  -0.5   0.5   0.5 
  119    24   r  0.84782695   0.15246205   0.15240023   4   0.0   0.0   0.0 
  120    24   r  0.34782695   0.65246205   0.65240023   4  -0.5   0.5   0.5 
  121    24   r  0.34782695   0.65246205   0.34760305   5   0.0   0.0   0.0 
  122    24   r  0.84782695   0.15246205   0.84760305   5   0.5  -0.5   0.5 
  123    24   r  0.15216960   0.84753243   0.15240023   6   0.0   0.0   0.0 
  124    24   r  0.65216960   0.34753243   0.65240023   6   0.5  -0.5   0.5 
  125    24   r  0.84782695   0.84753243   0.15240023   7   0.0   0.0   0.0 
  126    24   r  0.34782695   0.34753243   0.65240023   7  -0.5  -0.5   0.5 
  127    24   r  0.15216960   0.15246205   0.84760305   8   0.0   0.0   1.0 
  128    24   r  0.65216960   0.65246205   0.34760305   8   0.5   0.5   0.5 
x 129    25   r  0.87899613   0.24851366   0.38236919   1   0.0   0.0   0.0 
  130    25   r  0.37899613   0.74851366   0.88236919   1  -0.5   0.5   0.5 
  131    25   r  0.12100042   0.75148081   0.61763409   2   0.0   0.0   1.0 
  132    25   r  0.62100042   0.25148081   0.11763409   2   0.5  -0.5   0.5 
  133    25   r  0.37899613   0.25148081   0.11763409   3  -1.0   0.0   0.0 
  134    25   r  0.87899613   0.75148081   0.61763409   3  -0.5   0.5   0.5 
  135    25   r  0.12100042   0.24851366   0.38236919   4   0.0   0.0   0.0 
  136    25   r  0.62100042   0.74851366   0.88236919   4   0.5   0.5   0.5 
  137    25   r  0.62100042   0.74851366   0.11763409   5   1.0   0.0   0.0 
  138    25   r  0.12100042   0.24851366   0.61763409   5   0.5  -0.5   0.5 
  139    25   r  0.87899613   0.75148081   0.38236919   6   0.0   0.0   0.0 
  140    25   r  0.37899613   0.25148081   0.88236919   6  -0.5  -0.5   0.5 
  141    25   r  0.12100042   0.75148081   0.38236919   7   0.0   0.0   0.0 
  142    25   r  0.62100042   0.25148081   0.88236919   7   0.5  -0.5   0.5 
  143    25   r  0.87899613   0.24851366   0.61763409   8   0.0   0.0   1.0 
  144    25   r  0.37899613   0.74851366   0.11763409   8  -0.5   0.5   0.5 
x 145    26   r  0.88225531   0.37629812   0.25277861   1   0.0   0.0   0.0 
  146    26   r  0.38225531   0.87629812   0.75277861   1  -0.5   0.5   0.5 
  147    26   r  0.11774124   0.62369636   0.74722467   2   0.0   0.0   1.0 
  148    26   r  0.61774124   0.12369636   0.24722467   2   0.5  -0.5   0.5 
  149    26   r  0.38225531   0.12369636   0.24722467   3  -1.0   0.0   0.0 
  150    26   r  0.88225531   0.62369636   0.74722467   3  -0.5   0.5   0.5 
  151    26   r  0.11774124   0.37629812   0.25277861   4   0.0   0.0   0.0 
  152    26   r  0.61774124   0.87629812   0.75277861   4   0.5   0.5   0.5 
  153    26   r  0.61774124   0.87629812   0.24722467   5   1.0   0.0   0.0 
  154    26   r  0.11774124   0.37629812   0.74722467   5   0.5  -0.5   0.5 
  155    26   r  0.88225531   0.62369636   0.25277861   6   0.0   0.0   0.0 
  156    26   r  0.38225531   0.12369636   0.75277861   6  -0.5  -0.5   0.5 
  157    26   r  0.11774124   0.62369636   0.25277861   7   0.0   0.0   0.0 
  158    26   r  0.61774124   0.12369636   0.75277861   7   0.5  -0.5   0.5 
  159    26   r  0.88225531   0.37629812   0.74722467   8   0.0   0.0   1.0 
  160    26   r  0.38225531   0.87629812   0.24722467   8  -0.5   0.5   0.5 
x 161    27   r  0.50000000   0.55130554   0.44868671   1   0.0   0.0   0.0 
  162    27   r  0.00000000   0.05130554   0.94868671   1  -0.5  -0.5   0.5 
  163    27   r  0.49999655   0.44868893   0.55131657   2   0.0   0.0   1.0 
  164    27   r  0.99999655   0.94868893   0.05131657   2   0.5   0.5   0.5 
  165    27   r  0.99999655   0.05130554   0.05131657   5   1.0  -1.0   0.0 
  166    27   r  0.49999655   0.55130554   0.55131657   5   0.5  -0.5   0.5 
  167    27   r  0.50000000   0.44868893   0.44868671   6   0.0   0.0   0.0 
  168    27   r  0.00000000   0.94868893   0.94868671   6  -0.5   0.5   0.5 
x 169    28   r  0.55130709   0.55128268   0.50000000   1   0.0   0.0   0.0 
  170    28   r  0.05130709   0.05128268   0.00000000   1  -0.5  -0.5  -0.5 
  171    28   r  0.44868946   0.44871179   0.50000328   2   0.0   0.0   1.0 
  172    28   r  0.94868946   0.94871179   0.00000328   2   0.5   0.5   0.5 
  173    28   r  0.05130709   0.94871179   0.00000328   3  -1.0   1.0   0.0 
  174    28   r  0.55130709   0.44871179   0.50000328   3  -0.5   0.5   0.5 
  175    28   r  0.44868946   0.55128268   0.50000000   4   0.0   0.0   0.0 
  176    28   r  0.94868946   0.05128268   0.00000000   4   0.5  -0.5  -0.5 
x 177    29   c  0.58573270   0.80321591   0.82010391   1   0.0   0.0   0.0 
  178    29   c  0.08573270   0.30321591   0.32010391   1  -0.5  -0.5  -0.5 
  179    29   c  0.41426385   0.19677857   0.17989937   2   0.0   0.0   1.0 
  180    29   c  0.91426385   0.69677857   0.67989937   2   0.5   0.5   1.5 
  181    29   c  0.08573270   0.69677857   0.67989937   3  -1.0   1.0   1.0 
  182    29   c  0.58573270   0.19677857   0.17989937   3  -0.5   0.5   0.5 
  183    29   c  0.41426385   0.80321591   0.82010391   4   0.0   0.0   0.0 
  184    29   c  0.91426385   0.30321591   0.32010391   4   0.5  -0.5  -0.5 
  185    29   c  0.91426385   0.30321591   0.67989937   5   1.0  -1.0   1.0 
  186    29   c  0.41426385   0.80321591   0.17989937   5   0.5  -0.5   0.5 
  187    29   c  0.58573270   0.19677857   0.82010391   6   0.0   0.0   0.0 
  188    29   c  0.08573270   0.69677857   0.32010391   6  -0.5   0.5  -0.5 
  189    29   c  0.41426385   0.19677857   0.82010391   7   0.0   0.0   0.0 
  190    29   c  0.91426385   0.69677857   0.32010391   7   0.5   0.5  -0.5 
  191    29   c  0.58573270   0.80321591   0.17989937   8   0.0   0.0   1.0 
  192    29   c  0.08573270   0.30321591   0.67989937   8  -0.5  -0.5   1.5 
x 193    30   c  0.69677387   0.32179505   0.07931035   1   0.0   0.0   0.0 
  194    30   c  0.19677387   0.82179505   0.57931035   1  -0.5   0.5   0.5 
  195    30   c  0.30322269   0.67819943   0.92069293   2   0.0   0.0   1.0 
  196    30   c  0.80322269   0.17819943   0.42069293   2   0.5  -0.5   0.5 
  197    30   c  0.19677387   0.17819943   0.42069293   3  -1.0   0.0   0.0 
  198    30   c  0.69677387   0.67819943   0.92069293   3  -0.5   0.5   0.5 
  199    30   c  0.30322269   0.32179505   0.07931035   4   0.0   0.0   0.0 
  200    30   c  0.80322269   0.82179505   0.57931035   4   0.5   0.5   0.5 
  201    30   c  0.80322269   0.82179505   0.42069293   5   1.0   0.0   0.0 
  202    30   c  0.30322269   0.32179505   0.92069293   5   0.5  -0.5   0.5 
  203    30   c  0.69677387   0.67819943   0.07931035   6   0.0   0.0   0.0 
  204    30   c  0.19677387   0.17819943   0.57931035   6  -0.5  -0.5   0.5 
  205    30   c  0.30322269   0.67819943   0.07931035   7   0.0   0.0   0.0 
  206    30   c  0.80322269   0.17819943   0.57931035   7   0.5  -0.5   0.5 
  207    30   c  0.69677387   0.32179505   0.92069293   8   0.0   0.0   1.0 
  208    30   c  0.19677387   0.82179505   0.42069293   8  -0.5   0.5   0.5 
x 209    31   c  0.69646539   0.07902024   0.32151126   1   0.0   0.0   0.0 
  210    31   c  0.19646539   0.57902024   0.82151126   1  -0.5   0.5   0.5 
  211    31   c  0.30353116   0.92097424   0.67849202   2   0.0   0.0   1.0 
  212    31   c  0.80353116   0.42097424   0.17849202   2   0.5  -0.5   0.5 
  213    31   c  0.19646539   0.42097424   0.17849202   3  -1.0   0.0   0.0 
  214    31   c  0.69646539   0.92097424   0.67849202   3  -0.5   0.5   0.5 
  215    31   c  0.30353116   0.07902024   0.32151126   4   0.0   0.0   0.0 
  216    31   c  0.80353116   0.57902024   0.82151126   4   0.5   0.5   0.5 
  217    31   c  0.80353116   0.57902024   0.17849202   5   1.0   0.0   0.0 
  218    31   c  0.30353116   0.07902024   0.67849202   5   0.5  -0.5   0.5 
  219    31   c  0.69646539   0.92097424   0.32151126   6   0.0   0.0   0.0 
  220    31   c  0.19646539   0.42097424   0.82151126   6  -0.5  -0.5   0.5 
  221    31   c  0.30353116   0.92097424   0.32151126   7   0.0   0.0   0.0 
  222    31   c  0.80353116   0.42097424   0.82151126   7   0.5  -0.5   0.5 
  223    31   c  0.69646539   0.07902024   0.67849202   8   0.0   0.0   1.0 
  224    31   c  0.19646539   0.57902024   0.17849202   8  -0.5   0.5   0.5 
 
* Complete CP list, bcp and rcp connectivity table
# (cp(end)+lvec connected to bcp/rcp)
#cp  ncp   typ        position (cryst. coords.)            end1 (lvec)      end2 (lvec)
1      1    n   0.99999776    0.99999638    0.00000224 
2      1    n   0.49999776    0.49999638    0.50000224 
3      2    n   0.49999879    0.99999638    0.00000224 
4      2    n   0.99999879    0.49999638    0.50000224 
5      3    n   0.99999776    0.49999810    0.00000224 
6      3    n   0.49999776    0.99999810    0.50000224 
7      4    n   0.99999776    0.99999638    0.50000104 
8      4    n   0.49999776    0.49999638    0.00000104 
9      5    n   0.00000000    0.27162260    0.00000000 
10     5    n   0.50000000    0.77162260    0.50000000 
11     5    n   0.99999655    0.72837188    0.00000328 
12     5    n   0.49999655    0.22837188    0.50000328 
13     6    n   0.50000000    0.50000000    0.22847931 
14     6    n   1.00000000    1.00000000    0.72847931 
15     6    n   0.49999655    0.49999448    0.77152397 
16     6    n   0.99999655    0.99999448    0.27152397 
17     7    n   0.22878049    0.50000000    0.50000000 
18     7    n   0.72878049    1.00000000    0.00000000 
19     7    n   0.77121607    0.49999448    0.50000328 
20     7    n   0.27121607    0.99999448    0.00000328 
21     8    b   0.00000000    0.33918296    0.00000000   5   (-1  0  0 )  9   ( 0  0  0 )
22     8    b   0.50000000    0.83918296    0.50000000   6   ( 0  0  0 )  10  ( 0  0  0 )
23     8    b   0.99999655    0.66081152    0.00000328   5   ( 0  0  0 )  11  ( 0  0  0 )
24     8    b   0.49999655    0.16081152    0.50000328   6   ( 0 -1  0 )  12  ( 0  0  0 )
25     9    b   0.50000000    0.50000000    0.16081414   13  ( 0  0  0 )  8   ( 0  0  0 )
26     9    b   1.00000000    0.00000000    0.66081414   14  ( 0 -1  0 )  7   ( 0 -1  0 )
27     9    b   0.49999655    0.49999448    0.83918914   15  ( 0  0  0 )  8   ( 0  0  1 )
28     9    b   0.99999655    0.99999448    0.33918914   16  ( 0  0  0 )  7   ( 0  0  0 )
29     10   b   0.16081350    0.50000000    0.50000000   17  ( 0  0  0 )  4   (-1  0  0 )
30     10   b   0.66081350    0.00000000    0.00000000   18  ( 0 -1  0 )  3   ( 0 -1  0 )
31     10   b   0.83918306    0.49999448    0.50000328   19  ( 0  0  0 )  4   ( 0  0  0 )
32     10   b   0.33918306    0.99999448    0.00000328   20  ( 0  0  0 )  3   ( 0  0  0 )
33     11   b   0.31372872    0.50000000    0.31358993   17  ( 0  0  0 )  13  ( 0  0  0 )
34     11   b   0.81372872    0.00000000    0.81358993   18  ( 0 -1  1 )  14  ( 0 -1  0 )
35     11   b   0.68626783    0.49999448    0.68641335   19  ( 0  0  0 )  15  ( 0  0  0 )
36     11   b   0.18626783    0.99999448    0.18641335   20  ( 0  0  0 )  16  (-1  0  0 )
37     11   b   0.81372872    0.99999448    0.18641335   18  ( 0  0  0 )  16  ( 0  0  0 )
38     11   b   0.31372872    0.49999448    0.68641335   17  ( 0  0  0 )  15  ( 0  0  0 )
39     11   b   0.68626783    0.50000000    0.31358993   19  ( 0  0  0 )  13  ( 0  0  0 )
40     11   b   0.18626783    0.00000000    0.81358993   20  ( 0 -1  1 )  14  (-1 -1  0 )
41     12   b   0.18626616    0.18645699    0.00000000   20  ( 0 -1  0 )  9   ( 0  0  0 )
42     12   b   0.68626616    0.68645699    0.50000000   19  ( 0  0  0 )  10  ( 0  0  0 )
43     12   b   0.81373039    0.81353749    0.00000328   18  ( 0  0  0 )  11  ( 0  0  0 )
44     12   b   0.31373039    0.31353749    0.50000328   17  ( 0  0  0 )  12  ( 0  0  0 )
45     12   b   0.68626616    0.31353749    0.50000328   19  ( 0  0  0 )  12  ( 0  0  0 )
46     12   b   0.18626616    0.81353749    0.00000328   20  ( 0  0  0 )  11  (-1  0  0 )
47     12   b   0.81373039    0.18645699    0.00000000   18  ( 0 -1  0 )  9   ( 1  0  0 )
48     12   b   0.31373039    0.68645699    0.50000000   17  ( 0  0  0 )  10  ( 0  0  0 )
49     13   b   0.00000000    0.18647099    0.18642593   16  (-1 -1  0 )  9   ( 0  0  0 )
50     13   b   0.50000000    0.68647099    0.68642593   15  ( 0  0  0 )  10  ( 0  0  0 )
51     13   b   0.99999655    0.81352349    0.81357734   14  ( 0  0  0 )  11  ( 0  0  1 )
52     13   b   0.49999655    0.31352349    0.31357734   13  ( 0  0  0 )  12  ( 0  0  0 )
53     13   b   0.49999655    0.68647099    0.31357734   13  ( 0  0  0 )  10  ( 0  0  0 )
54     13   b   0.99999655    0.18647099    0.81357734   14  ( 0 -1  0 )  9   ( 1  0  1 )
55     13   b   0.00000000    0.81352349    0.18642593   16  (-1  0  0 )  11  (-1  0  0 )
56     13   b   0.50000000    0.31352349    0.68642593   15  ( 0  0  0 )  12  ( 0  0  0 )
57     14   b   0.00000000    0.24999819    0.50000000   4   (-1  0  0 )  7   (-1 -1  0 )
58     14   b   0.50000000    0.74999819    0.00000000   3   ( 0  0  0 )  8   ( 0  0  0 )
59     14   b   0.99999655    0.74999628    0.50000328   4   ( 0  0  0 )  7   ( 0  0  0 )
60     14   b   0.49999655    0.24999628    0.00000328   3   ( 0 -1  0 )  8   ( 0  0  0 )
61     15   b   0.00000000    0.50000000    0.25000814   4   (-1  0  0 )  5   (-1  0  0 )
62     15   b   0.50000000    1.00000000    0.75000814   3   ( 0  0  1 )  6   ( 0  0  0 )
63     15   b   0.99999655    0.49999448    0.74999514   4   ( 0  0  0 )  5   ( 0  0  1 )
64     15   b   0.49999655    0.99999448    0.24999514   3   ( 0  0  0 )  6   ( 0  0  0 )
65     16   b   0.75000091    0.50000000    0.00000000   5   ( 0  0  0 )  8   ( 0  0  0 )
66     16   b   0.25000091    1.00000000    0.50000000   6   ( 0  0  0 )  7   (-1  0  0 )
67     16   b   0.24999565    0.49999448    0.00000328   5   (-1  0  0 )  8   ( 0  0  0 )
68     16   b   0.74999565    0.99999448    0.50000328   6   ( 0  0  0 )  7   ( 0  0  0 )
69     17   b   0.25000000    0.25000000    0.25000000   20  ( 0 -1  0 )  17  ( 0  0  0 )
70     17   b   0.75000000    0.75000000    0.75000000   19  ( 0  0  0 )  18  ( 0  0  1 )
71     17   b   0.75000000    0.24999448    0.25000328   19  ( 0  0  0 )  18  ( 0 -1  0 )
72     17   b   0.25000000    0.74999448    0.75000328   20  ( 0  0  1 )  17  ( 0  0  0 )
73     17   b   0.24999655    0.75000000    0.25000328   17  ( 0  0  0 )  20  ( 0  0  0 )
74     17   b   0.74999655    0.25000000    0.75000328   18  ( 0 -1  1 )  19  ( 0  0  0 )
75     17   b   0.74999655    0.74999448    0.25000000   18  ( 0  0  0 )  19  ( 0  0  0 )
76     17   b   0.24999655    0.24999448    0.75000000   17  ( 0  0  0 )  20  ( 0 -1  1 )
77     18   b   0.00000000    0.31663216    0.31718002   16  (-1 -1  0 )  4   (-1  0  0 )
78     18   b   0.50000000    0.81663216    0.81718002   15  ( 0  0  0 )  3   ( 0  0  1 )
79     18   b   0.99999655    0.68336231    0.68282325   14  ( 0  0  0 )  4   ( 0  0  0 )
80     18   b   0.49999655    0.18336231    0.18282325   13  ( 0  0  0 )  3   ( 0 -1  0 )
81     18   b   0.49999655    0.81663216    0.18282325   13  ( 0  0  0 )  3   ( 0  0  0 )
82     18   b   0.99999655    0.31663216    0.68282325   14  ( 0 -1  0 )  4   ( 0  0  0 )
83     18   b   0.00000000    0.68336231    0.31718002   16  (-1  0  0 )  4   (-1  0  0 )
84     18   b   0.50000000    0.18336231    0.81718002   15  ( 0  0  0 )  3   ( 0 -1  1 )
85     19   b   0.68178390    0.31559371    0.00000000   8   ( 0  0  0 )  18  ( 0 -1  0 )
86     19   b   0.18178390    0.81559371    0.50000000   7   (-1  0  0 )  17  ( 0  0  0 )
87     19   b   0.31821265    0.68440077    0.00000328   8   ( 0  0  0 )  20  ( 0  0  0 )
88     19   b   0.81821265    0.18440077    0.50000328   7   ( 0 -1  0 )  19  ( 0  0  0 )
89     19   b   0.18178390    0.18440077    0.50000328   7   (-1 -1  0 )  17  ( 0  0  0 )
90     19   b   0.68178390    0.68440077    0.00000328   8   ( 0  0  0 )  18  ( 0  0  0 )
91     19   b   0.31821265    0.31559371    0.00000000   8   ( 0  0  0 )  20  ( 0 -1  0 )
92     19   b   0.81821265    0.81559371    0.50000000   7   ( 0  0  0 )  19  ( 0  0  0 )
93     20   b   0.18211398    0.50000000    0.18410397   17  ( 0  0  0 )  5   (-1  0  0 )
94     20   b   0.68211398    0.00000000    0.68410397   18  ( 0 -1  1 )  6   ( 0 -1  0 )
95     20   b   0.81788258    0.49999448    0.81589931   19  ( 0  0  0 )  5   ( 0  0  1 )
96     20   b   0.31788258    0.99999448    0.31589931   20  ( 0  0  0 )  6   ( 0  0  0 )
97     20   b   0.68211398    0.99999448    0.31589931   18  ( 0  0  0 )  6   ( 0  0  0 )
98     20   b   0.18211398    0.49999448    0.81589931   17  ( 0  0  0 )  5   (-1  0  1 )
99     20   b   0.81788258    0.50000000    0.18410397   19  ( 0  0  0 )  5   ( 0  0  0 )
100    20   b   0.31788258    0.00000000    0.68410397   20  ( 0 -1  1 )  6   ( 0 -1  0 )
101    21   b   0.00000000    0.06485849    0.00000000   9   ( 0  0  0 )  1   (-1 -1  0 )
102    21   b   0.50000000    0.56485849    0.50000000   10  ( 0  0  0 )  2   ( 0  0  0 )
103    21   b   0.99999655    0.93513599    0.00000328   11  ( 0  0  0 )  1   ( 0  0  0 )
104    21   b   0.49999655    0.43513599    0.50000328   12  ( 0  0  0 )  2   ( 0  0  0 )
105    22   b   0.50000000    0.50000000    0.43514866   2   ( 0  0  0 )  13  ( 0  0  0 )
106    22   b   0.00000000    0.00000000    0.93514866   1   (-1 -1  1 )  14  (-1 -1  0 )
107    22   b   0.49999655    0.49999448    0.56485462   2   ( 0  0  0 )  15  ( 0  0  0 )
108    22   b   0.99999655    0.99999448    0.06485462   1   ( 0  0  0 )  16  ( 0  0  0 )
109    23   b   0.43520383    0.50000000    0.50000000   2   ( 0  0  0 )  17  ( 0  0  0 )
110    23   b   0.93520383    1.00000000    0.00000000   1   ( 0  0  0 )  18  ( 0  0  0 )
111    23   b   0.56479272    0.49999448    0.50000328   2   ( 0  0  0 )  19  ( 0  0  0 )
112    23   b   0.06479272    0.99999448    0.00000328   1   (-1  0  0 )  20  ( 0  0  0 )
113    24   r   0.15216960    0.15246205    0.15240023  178  ( 0  0  0 ) 178  ( 0  0  0 )
114    24   r   0.65216960    0.65246205    0.65240023  177  ( 0  0  0 ) 177  ( 0  0  0 )
115    24   r   0.84782695    0.84753243    0.84760305  180  ( 0  0  0 ) 180  ( 0  0  0 )
116    24   r   0.34782695    0.34753243    0.34760305  179  ( 0  0  0 ) 179  ( 0  0  0 )
117    24   r   0.65216960    0.34753243    0.34760305  182  ( 0  0  0 ) 182  ( 0  0  0 )
118    24   r   0.15216960    0.84753243    0.84760305  181  ( 0  0  0 ) 181  ( 0  0  0 )
119    24   r   0.84782695    0.15246205    0.15240023  184  ( 0  0  0 ) 184  ( 0  0  0 )
120    24   r   0.34782695    0.65246205    0.65240023  183  ( 0  0  0 ) 183  ( 0  0  0 )
121    24   r   0.34782695    0.65246205    0.34760305  186  ( 0  0  0 ) 186  ( 0  0  0 )
122    24   r   0.84782695    0.15246205    0.84760305  185  ( 0  0  0 ) 185  ( 0  0  0 )
123    24   r   0.15216960    0.84753243    0.15240023  188  ( 0  0  0 ) 188  ( 0  0  0 )
124    24   r   0.65216960    0.34753243    0.65240023  187  ( 0  0  0 ) 187  ( 0  0  0 )
125    24   r   0.84782695    0.84753243    0.15240023  190  ( 0  0  0 ) 190  ( 0  0  0 )
126    24   r   0.34782695    0.34753243    0.65240023  189  ( 0  0  0 ) 189  ( 0  0  0 )
127    24   r   0.15216960    0.15246205    0.84760305  192  ( 0  0  0 ) 192  ( 0  0  0 )
128    24   r   0.65216960    0.65246205    0.34760305  191  ( 0  0  0 ) 191  ( 0  0  0 )
129    25   r   0.87899613    0.24851366    0.38236919  184  ( 0  0  0 ) 184  ( 0  0  0 )
130    25   r   0.37899613    0.74851366    0.88236919  183  ( 0  0  0 ) 183  ( 0  0  0 )
131    25   r   0.12100042    0.75148081    0.61763409  181  ( 0  0  0 ) 181  ( 0  0  0 )
132    25   r   0.62100042    0.25148081    0.11763409  182  ( 0  0  0 ) 182  ( 0  0  0 )
133    25   r   0.37899613    0.25148081    0.11763409  179  ( 0  0  0 ) 179  ( 0  0  0 )
134    25   r   0.87899613    0.75148081    0.61763409  180  ( 0  0  0 ) 180  ( 0  0  0 )
135    25   r   0.12100042    0.24851366    0.38236919  178  ( 0  0  0 ) 178  ( 0  0  0 )
136    25   r   0.62100042    0.74851366    0.88236919  177  ( 0  0  0 ) 177  ( 0  0  0 )
137    25   r   0.62100042    0.74851366    0.11763409  191  ( 0  0  0 ) 191  ( 0  0  0 )
138    25   r   0.12100042    0.24851366    0.61763409  192  ( 0  0  0 ) 192  ( 0  0  0 )
139    25   r   0.87899613    0.75148081    0.38236919  190  ( 0  0  0 ) 190  ( 0  0  0 )
140    25   r   0.37899613    0.25148081    0.88236919  189  ( 0  0  0 ) 189  ( 0  0  0 )
141    25   r   0.12100042    0.75148081    0.38236919  188  ( 0  0  0 ) 188  ( 0  0  0 )
142    25   r   0.62100042    0.25148081    0.88236919  187  ( 0  0  0 ) 187  ( 0  0  0 )
143    25   r   0.87899613    0.24851366    0.61763409  185  ( 0  0  0 ) 185  ( 0  0  0 )
144    25   r   0.37899613    0.74851366    0.11763409  186  ( 0  0  0 ) 186  ( 0  0  0 )
145    26   r   0.88225531    0.37629812    0.25277861  184  ( 0  0  0 ) 184  ( 0  0  0 )
146    26   r   0.38225531    0.87629812    0.75277861  183  ( 0  0  0 ) 183  ( 0  0  0 )
147    26   r   0.11774124    0.62369636    0.74722467  181  ( 0  0  0 ) 181  ( 0  0  0 )
148    26   r   0.61774124    0.12369636    0.24722467  182  ( 0  0  0 ) 182  ( 0  0  0 )
149    26   r   0.38225531    0.12369636    0.24722467  179  ( 0  0  0 ) 179  ( 0  0  0 )
150    26   r   0.88225531    0.62369636    0.74722467  180  ( 0  0  0 ) 180  ( 0  0  0 )
151    26   r   0.11774124    0.37629812    0.25277861  178  ( 0  0  0 ) 178  ( 0  0  0 )
152    26   r   0.61774124    0.87629812    0.75277861  177  ( 0  0  0 ) 177  ( 0  0  0 )
153    26   r   0.61774124    0.87629812    0.24722467  191  ( 0  0  0 ) 191  ( 0  0  0 )
154    26   r   0.11774124    0.37629812    0.74722467  192  ( 0  0  0 ) 192  ( 0  0  0 )
155    26   r   0.88225531    0.62369636    0.25277861  190  ( 0  0  0 ) 190  ( 0  0  0 )
156    26   r   0.38225531    0.12369636    0.75277861  189  ( 0  0  0 ) 189  ( 0  0  0 )
157    26   r   0.11774124    0.62369636    0.25277861  188  ( 0  0  0 ) 188  ( 0  0  0 )
158    26   r   0.61774124    0.12369636    0.75277861  187  ( 0  0  0 ) 187  ( 0  0  0 )
159    26   r   0.88225531    0.37629812    0.74722467  185  ( 0  0  0 ) 185  ( 0  0  0 )
160    26   r   0.38225531    0.87629812    0.24722467  186  ( 0  0  0 ) 186  ( 0  0  0 )
161    27   r   0.50000000    0.55130554    0.44868671  191  ( 0  0  0 ) 186  ( 0  0  0 )
162    27   r   0.00000000    0.05130554    0.94868671  192  ( 0  0  0 ) 185  (-1  0  0 )
163    27   r   0.49999655    0.44868893    0.55131657  189  ( 0  0  0 ) 187  ( 0  0  0 )
164    27   r   0.99999655    0.94868893    0.05131657  190  ( 0  0  0 ) 188  ( 1  0  0 )
165    27   r   0.99999655    0.05130554    0.05131657  184  ( 0  0  0 ) 178  ( 1  0  0 )
166    27   r   0.49999655    0.55130554    0.55131657  183  ( 0  0  0 ) 177  ( 0  0  0 )
167    27   r   0.50000000    0.44868893    0.44868671  182  ( 0  0  0 ) 179  ( 0  0  0 )
168    27   r   0.00000000    0.94868893    0.94868671  181  ( 0  0  0 ) 180  (-1  0  0 )
169    28   r   0.55130709    0.55128268    0.50000000  200  ( 0  0  0 ) 201  ( 0  0  0 )
170    28   r   0.05130709    0.05128268    0.00000000  199  ( 0  0  0 ) 202  ( 0  0 -1 )
171    28   r   0.44868946    0.44871179    0.50000328  197  ( 0  0  0 ) 204  ( 0  0  0 )
172    28   r   0.94868946    0.94871179    0.00000328  198  ( 0  0 -1 ) 203  ( 0  0  0 )
173    28   r   0.05130709    0.94871179    0.00000328  195  ( 0  0 -1 ) 205  ( 0  0  0 )
174    28   r   0.55130709    0.44871179    0.50000328  196  ( 0  0  0 ) 206  ( 0  0  0 )
175    28   r   0.44868946    0.55128268    0.50000000  194  ( 0  0  0 ) 208  ( 0  0  0 )
176    28   r   0.94868946    0.05128268    0.00000000  193  ( 0  0  0 ) 207  ( 0  0 -1 )
177    29   c   0.58573270    0.80321591    0.82010391 
178    29   c   0.08573270    0.30321591    0.32010391 
179    29   c   0.41426385    0.19677857    0.17989937 
180    29   c   0.91426385    0.69677857    0.67989937 
181    29   c   0.08573270    0.69677857    0.67989937 
182    29   c   0.58573270    0.19677857    0.17989937 
183    29   c   0.41426385    0.80321591    0.82010391 
184    29   c   0.91426385    0.30321591    0.32010391 
185    29   c   0.91426385    0.30321591    0.67989937 
186    29   c   0.41426385    0.80321591    0.17989937 
187    29   c   0.58573270    0.19677857    0.82010391 
188    29   c   0.08573270    0.69677857    0.32010391 
189    29   c   0.41426385    0.19677857    0.82010391 
190    29   c   0.91426385    0.69677857    0.32010391 
191    29   c   0.58573270    0.80321591    0.17989937 
192    29   c   0.08573270    0.30321591    0.67989937 
193    30   c   0.69677387    0.32179505    0.07931035 
194    30   c   0.19677387    0.82179505    0.57931035 
195    30   c   0.30322269    0.67819943    0.92069293 
196    30   c   0.80322269    0.17819943    0.42069293 
197    30   c   0.19677387    0.17819943    0.42069293 
198    30   c   0.69677387    0.67819943    0.92069293 
199    30   c   0.30322269    0.32179505    0.07931035 
200    30   c   0.80322269    0.82179505    0.57931035 
201    30   c   0.80322269    0.82179505    0.42069293 
202    30   c   0.30322269    0.32179505    0.92069293 
203    30   c   0.69677387    0.67819943    0.07931035 
204    30   c   0.19677387    0.17819943    0.57931035 
205    30   c   0.30322269    0.67819943    0.07931035 
206    30   c   0.80322269    0.17819943    0.57931035 
207    30   c   0.69677387    0.32179505    0.92069293 
208    30   c   0.19677387    0.82179505    0.42069293 
209    31   c   0.69646539    0.07902024    0.32151126 
210    31   c   0.19646539    0.57902024    0.82151126 
211    31   c   0.30353116    0.92097424    0.67849202 
212    31   c   0.80353116    0.42097424    0.17849202 
213    31   c   0.19646539    0.42097424    0.17849202 
214    31   c   0.69646539    0.92097424    0.67849202 
215    31   c   0.30353116    0.07902024    0.32151126 
216    31   c   0.80353116    0.57902024    0.82151126 
217    31   c   0.80353116    0.57902024    0.17849202 
218    31   c   0.30353116    0.07902024    0.67849202 
219    31   c   0.69646539    0.92097424    0.32151126 
220    31   c   0.19646539    0.42097424    0.82151126 
221    31   c   0.30353116    0.92097424    0.32151126 
222    31   c   0.80353116    0.42097424    0.82151126 
223    31   c   0.69646539    0.07902024    0.67849202 
224    31   c   0.19646539    0.57902024    0.17849202 
 
* Attractor connectivity matrix
  to be read: each cp in a row i connects to mij cps in column j
              n(1)  n(2)  n(3)  n(4)  n(5)  n(6) 
               S     H     H     H     n5    n7  
 n(1)    S      0     0     0     0     2     2   
 n(2)    H      0     0     2     2     0     4   
 n(3)    H      0     2     0     2     2     0   
 n(4)    H      0     2     2     0     0     2   
 n(5)    n5     1     0     1     0     0     2   
 n(6)    n7     1     2     0     1     2     0   
 n(7)    n6     1     1     2     2     2     2   
              n(7) 
               n6  
 n(1)    S      2   
 n(2)    H      2   
 n(3)    H      4   
 n(4)    H      4   
 n(5)    n5     2   
 n(6)    n7     2   
 n(7)    n6     4   
 
* Additional properties at the critical points
+ Critical point no. 1
  Crystallographic coordinates: 0.9999977595 0.9999963753 0.0000022431
  Cartesian coordinates (bohr): 5.8021370000 5.7935790000 0.0000130000
  Type : nucleus
  Field value (f): 4.346299987E-02
  Field value, valence (fval): 4.346299987E-02
  Gradient (grad f): 0.000000000E+00  0.000000000E+00  0.000000000E+00
  Gradient norm (|grad f|): 0.000000000E+00
  Laplacian (del2 f): -1.038921316E+00
  Laplacian, valence (del2 fval): -1.038921316E+00
  Hessian:
    -3.459539669E-01   6.463128852E-10  -3.951523064E-10
     6.463128852E-10  -3.465108354E-01  -6.946820670E-10
    -3.951523064E-10  -6.946820670E-10  -3.464565138E-01
  Hessian eigenvalues: -3.465108354E-01  -3.464565138E-01  -3.459539669E-01
  Field 0 (f,|grad|,lap): 2.889700794E+03  0.000000000E+00  -4.939931115E+09
+ Critical point no. 2
  Crystallographic coordinates: 0.4999987936 0.9999963753 0.0000022431
  Cartesian coordinates (bohr): 2.9010680000 5.7935790000 0.0000130000
  Type : nucleus
  Field value (f): 9.898300008E-01
  Field value, valence (fval): 9.898300008E-01
  Gradient (grad f): 0.000000000E+00  0.000000000E+00  0.000000000E+00
  Gradient norm (|grad f|): 0.000000000E+00
  Laplacian (del2 f): 6.534983254E+00
  Laplacian, valence (del2 fval): 6.534983254E+00
  Hessian:
     1.770962011E+00  -3.179391816E-08   1.964515269E-08
    -3.179391816E-08   2.382628253E+00   6.172440115E-08
     1.964515269E-08   6.172440115E-08   2.381392990E+00
  Hessian eigenvalues: 1.770962011E+00  2.381392990E+00  2.382628253E+00
  Field 0 (f,|grad|,lap): 3.204961768E-01  0.000000000E+00  -7.247611472E+00
+ Critical point no. 3
  Crystallographic coordinates: 0.9999977595 0.4999981014 0.0000022431
  Cartesian coordinates (bohr): 5.8021370000 2.8967890000 0.0000130000
  Type : nucleus
  Field value (f): 9.898000005E-01
  Field value, valence (fval): 9.898000005E-01
  Gradient (grad f): 0.000000000E+00  0.000000000E+00  0.000000000E+00
  Gradient norm (|grad f|): 0.000000000E+00
  Laplacian (del2 f): 6.519979498E+00
  Laplacian, valence (del2 fval): 6.519979498E+00
  Hessian:
     2.378124509E+00  -3.062896944E-08   3.780036488E-08
    -3.062896944E-08   1.764926455E+00   3.043044161E-08
     3.780036488E-08   3.043044161E-08   2.376928534E+00
  Hessian eigenvalues: 1.764926455E+00  2.376928534E+00  2.378124509E+00
  Field 0 (f,|grad|,lap): 3.206220540E-01  0.000000000E+00  -7.247329123E+00
+ Critical point no. 4
  Crystallographic coordinates: 0.9999977595 0.9999963753 0.5000010353
  Cartesian coordinates (bohr): 5.8021370000 5.7935790000 2.8977310000
  Type : nucleus
  Field value (f): 9.898100008E-01
  Field value, valence (fval): 9.898100008E-01
  Gradient (grad f): 0.000000000E+00  0.000000000E+00  0.000000000E+00
  Gradient norm (|grad f|): 0.000000000E+00
  Laplacian (del2 f): 6.517969450E+00
  Laplacian, valence (del2 fval): 6.517969450E+00
  Hessian:
     2.378866851E+00  -6.111428029E-08   1.661893817E-08
    -6.111428029E-08   2.374439037E+00   2.681236927E-08
     1.661893817E-08   2.681236927E-08   1.764663562E+00
  Hessian eigenvalues: 1.764663562E+00  2.374439037E+00  2.378866851E+00
  Field 0 (f,|grad|,lap): 3.205947001E-01  0.000000000E+00  -7.247390422E+00
+ Critical point no. 5
  Crystallographic coordinates: 0.0000000000 0.2716225967 1.0000000000
  Cartesian coordinates (bohr): 0.0000000000 1.5736726764 5.7954500000
  Type : (3,-3)
  Field value (f): 8.693678409E-01
  Field value, valence (fval): 8.693678409E-01
  Gradient (grad f): 0.000000000E+00  -2.095944548E-16  0.000000000E+00
  Gradient norm (|grad f|): 2.095944548E-16
  Laplacian (del2 f): -1.810241436E+00
  Laplacian, valence (del2 fval): -1.810241436E+00
  Hessian:
    -3.778378877E-01   0.000000000E+00   0.000000000E+00
     0.000000000E+00  -1.051659324E+00   0.000000000E+00
     0.000000000E+00   0.000000000E+00  -3.807442245E-01
  Hessian eigenvalues: -1.051659324E+00  -3.807442245E-01  -3.778378877E-01
  Field 0 (f,|grad|,lap): 1.438074351E-01  1.243419844E-01  -6.804920354E-02
+ Critical point no. 6
  Crystallographic coordinates: 0.5000000000 0.5000000000 0.2284793078
  Cartesian coordinates (bohr): 2.9010750000 2.8968000000 1.3241404043
  Type : (3,-3)
  Field value (f): 8.693271489E-01
  Field value, valence (fval): 8.693271489E-01
  Gradient (grad f): 5.959330903E-17  5.609108555E-17  -1.234715913E-16
  Gradient norm (|grad f|): 1.481310441E-16
  Laplacian (del2 f): -1.826685752E+00
  Laplacian, valence (del2 fval): -1.826685752E+00
  Hessian:
    -3.820290709E-01  -5.907113204E-13  -8.684957007E-13
    -5.907113204E-13  -3.828354367E-01  -8.926376392E-13
    -8.684957007E-13  -8.926376392E-13  -1.061821244E+00
  Hessian eigenvalues: -1.061821244E+00  -3.828354367E-01  -3.820290709E-01
  Field 0 (f,|grad|,lap): 1.437831852E-01  1.244366154E-01  -6.811897722E-02
+ Critical point no. 7
  Crystallographic coordinates: 0.2287804878 0.5000000000 0.5000000000
  Cartesian coordinates (bohr): 1.3274187073 2.8968000000 2.8977250000
  Type : (3,-3)
  Field value (f): 8.691484057E-01
  Field value, valence (fval): 8.691484057E-01
  Gradient (grad f): 5.605864236E-18  -2.994206497E-17  0.000000000E+00
  Gradient norm (|grad f|): 3.046232047E-17
  Laplacian (del2 f): -1.852040261E+00
  Laplacian, valence (del2 fval): -1.852040261E+00
  Hessian:
    -1.090154771E+00  -3.892154945E-14   0.000000000E+00
    -3.892154945E-14  -3.813709302E-01   0.000000000E+00
     0.000000000E+00   0.000000000E+00  -3.805145601E-01
  Hessian eigenvalues: -1.090154771E+00  -3.813709302E-01  -3.805145601E-01
  Field 0 (f,|grad|,lap): 1.436470611E-01  1.247038151E-01  -6.806712146E-02
+ Critical point no. 8
  Crystallographic coordinates: 0.0000000000 0.3391829603 1.0000000000
  Cartesian coordinates (bohr): 0.0000000000 1.9650903990 5.7954500000
  Type : (3,-1)
  Field value (f): 8.418337780E-01
  Field value, valence (fval): 8.418337780E-01
  Gradient (grad f): 0.000000000E+00  2.957228047E-13  0.000000000E+00
  Gradient norm (|grad f|): 2.957228047E-13
  Laplacian (del2 f): 3.230928030E-01
  Laplacian, valence (del2 fval): 3.230928030E-01
  Hessian:
    -5.522996346E-01   0.000000000E+00   0.000000000E+00
     0.000000000E+00   1.426733794E+00   0.000000000E+00
     0.000000000E+00   0.000000000E+00  -5.513413569E-01
  Hessian eigenvalues: -5.522996346E-01  -5.513413569E-01  1.426733794E+00
  Ellipticity (l_1/l_2 - 1): 1.738084103E-03
  Field 0 (f,|grad|,lap): 1.147561678E-01  1.402358761E-02  6.929237519E-02
+ Critical point no. 9
  Crystallographic coordinates: 0.5000000000 0.5000000000 0.1608141427
  Cartesian coordinates (bohr): 2.9010750000 2.8968000000 0.9319903231
  Type : (3,-1)
  Field value (f): 8.416538352E-01
  Field value, valence (fval): 8.416538352E-01
  Gradient (grad f): 1.382232942E-16  0.000000000E+00  5.228834814E-16
  Gradient norm (|grad f|): 5.408445379E-16
  Laplacian (del2 f): 3.269861640E-01
  Laplacian, valence (del2 fval): 3.269861640E-01
  Hessian:
    -5.523117616E-01   0.000000000E+00   3.479214805E-15
     0.000000000E+00  -5.516882013E-01   0.000000000E+00
     3.479214805E-15   0.000000000E+00   1.430986127E+00
  Hessian eigenvalues: -5.523117616E-01  -5.516882013E-01  1.430986127E+00
  Ellipticity (l_1/l_2 - 1): 1.130276792E-03
  Field 0 (f,|grad|,lap): 1.146649107E-01  1.397456653E-02  6.943040935E-02
+ Critical point no. 10
  Crystallographic coordinates: 0.1608134977 0.5000000000 0.5000000000
  Cartesian coordinates (bohr): 0.9330640354 2.8968000000 2.8977250000
  Type : (3,-1)
  Field value (f): 8.410137466E-01
  Field value, valence (fval): 8.410137466E-01
  Gradient (grad f): 2.569354441E-16  0.000000000E+00  0.000000000E+00
  Gradient norm (|grad f|): 2.569354441E-16
  Laplacian (del2 f): 3.281834182E-01
  Laplacian, valence (del2 fval): 3.281834182E-01
  Hessian:
     1.437858203E+00   0.000000000E+00   0.000000000E+00
     0.000000000E+00  -5.553798248E-01   0.000000000E+00
     0.000000000E+00   0.000000000E+00  -5.542949604E-01
  Hessian eigenvalues: -5.553798248E-01  -5.542949604E-01  1.437858203E+00
  Ellipticity (l_1/l_2 - 1): 1.957196954E-03
  Field 0 (f,|grad|,lap): 1.143360693E-01  1.381536340E-02  6.993039095E-02
+ Critical point no. 11
  Crystallographic coordinates: 0.3137287204 0.5000000000 0.3135899297
  Cartesian coordinates (bohr): 1.8203010948 2.8968000000 1.8173947578
  Type : (3,-1)
  Field value (f): 7.079861619E-01
  Field value, valence (fval): 7.079861619E-01
  Gradient (grad f): -2.885151460E-14  -1.020152947E-14  -1.837855929E-14
  Gradient norm (|grad f|): 3.569667407E-14
  Laplacian (del2 f): -2.543707601E+00
  Laplacian, valence (del2 fval): -2.543707601E+00
  Hessian:
    -1.206255420E+00   1.127997944E-13  -1.995586572E+00
     1.127997944E-13  -1.318161819E-01   1.138330992E-13
    -1.995586572E+00   1.138330992E-13  -1.205635999E+00
  Hessian eigenvalues: -3.201532305E+00  -1.318161819E-01  7.896408865E-01
  Ellipticity (l_1/l_2 - 1): 2.328785494E+01
  Field 0 (f,|grad|,lap): 1.400542508E-01  1.606962834E-01  -1.064673798E-01
+ Critical point no. 12
  Crystallographic coordinates: 0.1862661611 0.1864569876 0.0000000000
  Cartesian coordinates (bohr): 1.0807442064 1.0802572035 0.0000000000
  Type : (3,-1)
  Field value (f): 7.079260067E-01
  Field value, valence (fval): 7.079260067E-01
  Gradient (grad f): -2.979329979E-13  -2.907599074E-13  -1.575285409E-13
  Gradient norm (|grad f|): 4.451074434E-13
  Laplacian (del2 f): -2.546083478E+00
  Laplacian, valence (del2 fval): -2.546083478E+00
  Hessian:
    -1.206947698E+00  -1.997549342E+00  -1.719327316E-12
    -1.997549342E+00  -1.206539256E+00  -1.731348621E-12
    -1.719327316E-12  -1.731348621E-12  -1.325965248E-01
  Hessian eigenvalues: -3.204292829E+00  -1.325965248E-01  7.908058757E-01
  Ellipticity (l_1/l_2 - 1): 2.316573763E+01
  Field 0 (f,|grad|,lap): 1.400681374E-01  1.606959650E-01  -1.065013499E-01
+ Critical point no. 13
  Crystallographic coordinates: 0.0000000000 0.1864709869 0.1864259337
  Cartesian coordinates (bohr): 0.0000000000 1.0803383099 1.0804221777
  Type : (3,-1)
  Field value (f): 7.077160294E-01
  Field value, valence (fval): 7.077160294E-01
  Gradient (grad f): 0.000000000E+00  -9.581460790E-16  -6.136163932E-16
  Gradient norm (|grad f|): 1.137791276E-15
  Laplacian (del2 f): -2.550588520E+00
  Laplacian, valence (del2 fval): -2.550588520E+00
  Hessian:
    -1.352607821E-01   0.000000000E+00   0.000000000E+00
     0.000000000E+00  -1.207576835E+00  -2.005167775E+00
     0.000000000E+00  -2.005167775E+00  -1.207750903E+00
  Hessian eigenvalues: -3.212831646E+00  -1.352607821E-01  7.975039075E-01
  Ellipticity (l_1/l_2 - 1): 2.275286905E+01
  Field 0 (f,|grad|,lap): 1.401209561E-01  1.606956547E-01  -1.066345025E-01
+ Critical point no. 14
  Crystallographic coordinates: 0.0000000000 0.2499981936 0.5000000000
  Cartesian coordinates (bohr): 0.0000000000 1.4483895347 2.8977250000
  Type : (3,-1)
  Field value (f): 1.589299999E-01
  Field value, valence (fval): 1.589299999E-01
  Gradient (grad f): 0.000000000E+00  1.646813573E-16  0.000000000E+00
  Gradient norm (|grad f|): 1.646813573E-16
  Laplacian (del2 f): 1.865391646E+00
  Laplacian, valence (del2 fval): 1.865391646E+00
  Hessian:
    -9.738443723E-02   0.000000000E+00   0.000000000E+00
     0.000000000E+00   2.061622591E+00   0.000000000E+00
     0.000000000E+00   0.000000000E+00  -9.884650741E-02
  Hessian eigenvalues: -9.884650741E-02  -9.738443723E-02  2.061622591E+00
  Ellipticity (l_1/l_2 - 1): 1.501338639E-02
  Field 0 (f,|grad|,lap): 5.748249179E-02  5.025031645E-05  9.824477831E-02
+ Critical point no. 15
  Crystallographic coordinates: 0.0000000000 0.5000000000 0.2500081360
  Cartesian coordinates (bohr): 0.0000000000 2.8968000000 1.4489096515
  Type : (3,-1)
  Field value (f): 1.586581227E-01
  Field value, valence (fval): 1.586581227E-01
  Gradient (grad f): 0.000000000E+00  -2.901130419E-17  1.945612954E-16
  Gradient norm (|grad f|): 1.967123622E-16
  Laplacian (del2 f): 1.858342988E+00
  Laplacian, valence (del2 fval): 1.858342988E+00
  Hessian:
    -1.002542480E-01   0.000000000E+00   0.000000000E+00
     0.000000000E+00  -9.984903854E-02  -5.222737954E-14
     0.000000000E+00  -5.222737954E-14   2.058446275E+00
  Hessian eigenvalues: -1.002542480E-01  -9.984903854E-02  2.058446275E+00
  Ellipticity (l_1/l_2 - 1): 4.058220801E-03
  Field 0 (f,|grad|,lap): 5.746164464E-02  6.144405916E-05  9.825681458E-02
+ Critical point no. 16
  Crystallographic coordinates: 0.7500009063 0.5000000000 1.0000000000
  Cartesian coordinates (bohr): 4.3516177584 2.8968000000 5.7954500000
  Type : (3,-1)
  Field value (f): 1.576918750E-01
  Field value, valence (fval): 1.576918750E-01
  Gradient (grad f): 2.647883256E-13  -7.485516242E-18  0.000000000E+00
  Gradient norm (|grad f|): 2.647883257E-13
  Laplacian (del2 f): 1.847834954E+00
  Laplacian, valence (del2 fval): 1.847834954E+00
  Hessian:
     2.048495970E+00  -3.968756295E-14   0.000000000E+00
    -3.968756295E-14  -9.979921396E-02   0.000000000E+00
     0.000000000E+00   0.000000000E+00  -1.008618028E-01
  Hessian eigenvalues: -1.008618028E-01  -9.979921396E-02  2.048495970E+00
  Ellipticity (l_1/l_2 - 1): 1.064726658E-02
  Field 0 (f,|grad|,lap): 5.738603276E-02  1.669547648E-05  9.829940712E-02
+ Critical point no. 17
  Crystallographic coordinates: 0.2500000000 0.2500000000 0.2500000000
  Cartesian coordinates (bohr): 1.4505375000 1.4484000000 1.4488625000
  Type : (3,-1)
  Field value (f): 1.540105957E-01
  Field value, valence (fval): 1.540105957E-01
  Gradient (grad f): -1.195917704E-16  -8.608343678E-17  -8.979752095E-17
  Gradient norm (|grad f|): 1.725576553E-16
  Laplacian (del2 f): 1.498574461E+00
  Laplacian, valence (del2 fval): 1.498574461E+00
  Hessian:
     5.000507167E-01   5.502801290E-01   5.498459986E-01
     5.502801290E-01   4.992700296E-01   5.513525668E-01
     5.498459986E-01   5.513525668E-01   4.992537147E-01
  Hessian eigenvalues: -5.211734417E-02  -4.981886558E-02  1.600510671E+00
  Ellipticity (l_1/l_2 - 1): 4.613671089E-02
  Field 0 (f,|grad|,lap): 5.825807449E-02  1.962879541E-06  1.240604157E-01
+ Critical point no. 18
  Crystallographic coordinates: 0.0000000000 0.3166321633 0.3171800235
  Cartesian coordinates (bohr): 0.0000000000 1.8344401013 1.8382009674
  Type : (3,-1)
  Field value (f): 1.441423142E-01
  Field value, valence (fval): 1.441423142E-01
  Gradient (grad f): 0.000000000E+00  2.545075522E-16  2.544263094E-16
  Gradient norm (|grad f|): 3.598705893E-16
  Laplacian (del2 f): 1.349482985E+00
  Laplacian, valence (del2 fval): 1.349482985E+00
  Hessian:
    -4.465945720E-02   0.000000000E+00   0.000000000E+00
     0.000000000E+00   7.033960474E-01   7.575785486E-01
     0.000000000E+00   7.575785486E-01   6.907463945E-01
  Hessian eigenvalues: -6.053372929E-02  -4.465945720E-02  1.454676171E+00
  Ellipticity (l_1/l_2 - 1): 3.554515232E-01
  Field 0 (f,|grad|,lap): 5.569476217E-02  1.751873178E-03  1.087478988E-01
+ Critical point no. 19
  Crystallographic coordinates: 0.6817839000 0.3155937052 1.0000000000
  Cartesian coordinates (bohr): 3.9558124554 1.8284236903 5.7954500000
  Type : (3,-1)
  Field value (f): 1.436416971E-01
  Field value, valence (fval): 1.436416971E-01
  Gradient (grad f): 2.391835407E-16  -2.694785847E-16  0.000000000E+00
  Gradient norm (|grad f|): 3.603157973E-16
  Laplacian (del2 f): 1.353006583E+00
  Laplacian, valence (del2 fval): 1.353006583E+00
  Hessian:
     6.653373867E-01  -7.545928934E-01   0.000000000E+00
    -7.545928934E-01   7.274523421E-01   0.000000000E+00
     0.000000000E+00   0.000000000E+00  -3.978314598E-02
  Hessian eigenvalues: -5.883688929E-02  -3.978314598E-02  1.451626618E+00
  Ellipticity (l_1/l_2 - 1): 4.789400845E-01
  Field 0 (f,|grad|,lap): 5.564284586E-02  1.644829859E-03  1.087310226E-01
+ Critical point no. 20
  Crystallographic coordinates: 0.1821139756 0.5000000000 0.1841039728
  Cartesian coordinates (bohr): 1.0566526035 2.8968000000 1.0669653694
  Type : (3,-1)
  Field value (f): 1.434977721E-01
  Field value, valence (fval): 1.434977721E-01
  Gradient (grad f): 7.156820007E-15  4.792743716E-16  6.424264311E-15
  Gradient norm (|grad f|): 9.629171744E-15
  Laplacian (del2 f): 1.353161245E+00
  Laplacian, valence (del2 fval): 1.353161245E+00
  Hessian:
     6.726375986E-01  -2.563427555E-15   7.550129070E-01
    -2.563427555E-15  -3.900254319E-02  -2.239092580E-16
     7.550129070E-01  -2.239092580E-16   7.195261898E-01
  Hessian eigenvalues: -5.929491555E-02  -3.900254319E-02  1.451458704E+00
  Ellipticity (l_1/l_2 - 1): 5.202833125E-01
  Field 0 (f,|grad|,lap): 5.562877066E-02  1.629101784E-03  1.087306318E-01
+ Critical point no. 21
  Crystallographic coordinates: 0.0000000000 0.0648584897 1.0000000000
  Cartesian coordinates (bohr): 0.0000000000 0.3757641459 5.7954500000
  Type : (3,-1)
  Field value (f): 3.459762378E-02
  Field value, valence (fval): 3.459762378E-02
  Gradient (grad f): 0.000000000E+00  -3.274913356E-18  0.000000000E+00
  Gradient norm (|grad f|): 3.274913356E-18
  Laplacian (del2 f): -8.778333558E-02
  Laplacian, valence (del2 fval): -8.778333558E-02
  Hessian:
    -1.707875659E-01   0.000000000E+00   0.000000000E+00
     0.000000000E+00   2.536714085E-01   0.000000000E+00
     0.000000000E+00   0.000000000E+00  -1.706671782E-01
  Hessian eigenvalues: -1.707875659E-01  -1.706671782E-01  2.536714085E-01
  Ellipticity (l_1/l_2 - 1): 7.053941145E-04
  Field 0 (f,|grad|,lap): 9.785945731E+00  6.226063517E+01  -5.189019249E+01
+ Critical point no. 22
  Crystallographic coordinates: 0.5000000000 0.5000000000 0.4351486566
  Cartesian coordinates (bohr): 2.9010750000 2.8968000000 2.5218822821
  Type : (3,-1)
  Field value (f): 3.459406027E-02
  Field value, valence (fval): 3.459406027E-02
  Gradient (grad f): 0.000000000E+00  0.000000000E+00  -2.993250698E-17
  Gradient norm (|grad f|): 2.993250698E-17
  Laplacian (del2 f): -8.882699962E-02
  Laplacian, valence (del2 fval): -8.882699962E-02
  Hessian:
    -1.705833345E-01   0.000000000E+00   0.000000000E+00
     0.000000000E+00  -1.709156729E-01   0.000000000E+00
     0.000000000E+00   0.000000000E+00   2.526720078E-01
  Hessian eigenvalues: -1.709156729E-01  -1.705833345E-01  2.526720078E-01
  Ellipticity (l_1/l_2 - 1): 1.948246423E-03
  Field 0 (f,|grad|,lap): 9.781551394E+00  6.224091736E+01  -5.169752837E+01
+ Critical point no. 23
  Crystallographic coordinates: 0.4352038305 0.5000000000 0.5000000000
  Cartesian coordinates (bohr): 2.5251179053 2.8968000000 2.8977250000
  Type : (3,-1)
  Field value (f): 3.457935322E-02
  Field value, valence (fval): 3.457935322E-02
  Gradient (grad f): -3.083225330E-17  -7.298378336E-17  0.000000000E+00
  Gradient norm (|grad f|): 7.922916431E-17
  Laplacian (del2 f): -9.493971302E-02
  Laplacian, valence (del2 fval): -9.493971302E-02
  Hessian:
     2.463669248E-01  -8.369705475E-15   0.000000000E+00
    -8.369705475E-15  -1.706995905E-01   0.000000000E+00
     0.000000000E+00   0.000000000E+00  -1.706070473E-01
  Hessian eigenvalues: -1.706995905E-01  -1.706070473E-01  2.463669248E-01
  Ellipticity (l_1/l_2 - 1): 5.424350252E-04
  Field 0 (f,|grad|,lap): 9.776047674E+00  6.221623741E+01  -5.145650298E+01
+ Critical point no. 24
  Crystallographic coordinates: 0.1521696008 0.1524620466 0.1524002271
  Cartesian coordinates (bohr): 0.8829108493 0.8833041134 0.8832278964
  Type : (3,1)
  Field value (f): 6.735704268E-01
  Field value, valence (fval): 6.735704268E-01
  Gradient (grad f): -2.541325120E-16  -2.395365197E-16  -2.095275489E-16
  Gradient norm (|grad f|): 4.072626569E-16
  Laplacian (del2 f): -3.029267473E+00
  Laplacian, valence (del2 fval): -3.029267473E+00
  Hessian:
    -1.004147536E+00  -1.381789509E+00  -1.382717421E+00
    -1.381789509E+00  -1.013463852E+00  -1.383407129E+00
    -1.382717421E+00  -1.383407129E+00  -1.011656084E+00
  Hessian eigenvalues: -3.775036795E+00  3.705892423E-01  3.751800796E-01
  Field 0 (f,|grad|,lap): 1.386907678E-01  1.620376639E-01  -1.056635754E-01
+ Critical point no. 25
  Crystallographic coordinates: 0.8789961341 0.2485136627 0.3823691887
  Cartesian coordinates (bohr): 5.1000674198 1.4397887561 2.2160015148
  Type : (3,1)
  Field value (f): 1.429733690E-01
  Field value, valence (fval): 1.429733690E-01
  Gradient (grad f): -6.334785419E-13  3.650938907E-13  -6.057310484E-14
  Gradient norm (|grad f|): 7.336604890E-13
  Laplacian (del2 f): 1.413382094E+00
  Laplacian, valence (del2 fval): 1.413382094E+00
  Hessian:
     1.482789967E-01  -4.481797599E-01  -1.666360935E-01
    -4.481797599E-01   9.761739115E-01   4.303933787E-01
    -1.666360935E-01   4.303933787E-01   2.889291855E-01
  Hessian eigenvalues: -5.026704705E-02  9.446150607E-02  1.369187635E+00
  Field 0 (f,|grad|,lap): 5.459659175E-02  5.267141950E-04  1.123300382E-01
+ Critical point no. 26
  Crystallographic coordinates: 0.8822553102 0.3762981212 0.2527786086
  Cartesian coordinates (bohr): 5.1189776481 2.1801207951 1.4649657874
  Type : (3,1)
  Field value (f): 1.428846937E-01
  Field value, valence (fval): 1.428846937E-01
  Gradient (grad f): -1.891044869E-15  1.553244620E-15  3.651765852E-15
  Gradient norm (|grad f|): 4.395908710E-15
  Laplacian (del2 f): 1.431940744E+00
  Laplacian, valence (del2 fval): 1.431940744E+00
  Hessian:
     2.881746095E-01  -1.709363578E-01  -4.229821101E-01
    -1.709363578E-01   1.849459541E-01   4.588477114E-01
    -4.229821101E-01   4.588477114E-01   9.588201807E-01
  Hessian eigenvalues: -3.200274204E-02  9.898479164E-02  1.364958695E+00
  Field 0 (f,|grad|,lap): 5.460227484E-02  8.164644006E-04  1.125485840E-01
+ Critical point no. 27
  Crystallographic coordinates: 0.5000000000 0.5513055440 0.4486867100
  Cartesian coordinates (bohr): 2.9010750000 3.1940437999 2.6003413937
  Type : (3,1)
  Field value (f): 3.205506806E-02
  Field value, valence (fval): 3.205506806E-02
  Gradient (grad f): -5.851302578E-16  -1.064814685E-15  -1.923163574E-15
  Gradient norm (|grad f|): 2.274811171E-15
  Laplacian (del2 f): 8.200098646E-01
  Laplacian, valence (del2 fval): 8.200098646E-01
  Hessian:
    -1.182747815E-01   3.402921138E-15  -3.419980105E-15
     3.402921138E-15   4.687934352E-01  -1.934833112E-01
    -3.419980105E-15  -1.934833112E-01   4.694912110E-01
  Hessian eigenvalues: -1.182747815E-01  2.756586973E-01  6.626259489E-01
  Field 0 (f,|grad|,lap): 7.283517777E+00  4.973373320E+01  3.782691625E+01
+ Critical point no. 28
  Crystallographic coordinates: 0.5513070927 0.5512826849 0.5000000000
  Cartesian coordinates (bohr): 3.1987664482 3.1939113630 2.8977250000
  Type : (3,1)
  Field value (f): 3.204912652E-02
  Field value, valence (fval): 3.204912652E-02
  Gradient (grad f): 1.420152273E-16  9.169757396E-17  0.000000000E+00
  Gradient norm (|grad f|): 1.690466499E-16
  Laplacian (del2 f): 8.196369229E-01
  Laplacian, valence (del2 fval): 8.196369229E-01
  Hessian:
     4.700861412E-01   1.936437809E-01   0.000000000E+00
     1.936437809E-01   4.677581285E-01   0.000000000E+00
     0.000000000E+00   0.000000000E+00  -1.182073468E-01
  Hessian eigenvalues: -1.182073468E-01  2.752748555E-01  6.625694142E-01
  Field 0 (f,|grad|,lap): 7.277339767E+00  4.969966708E+01  3.799428951E+01
+ Critical point no. 29
  Crystallographic coordinates: 0.5857327015 0.8032159093 0.8201039058
  Cartesian coordinates (bohr): 3.3985089939 4.6535116919 4.7528711808
  Type : (3,3)
  Field value (f): 1.422697464E-01
  Field value, valence (fval): 1.422697464E-01
  Gradient (grad f): 2.510084106E-16  9.401925361E-16  7.885929428E-16
  Gradient norm (|grad f|): 1.252535850E-15
  Laplacian (del2 f): 1.571829712E+00
  Laplacian, valence (del2 fval): 1.571829712E+00
  Hessian:
     7.847517970E-02   2.073766726E-01   1.887117051E-01
     2.073766726E-01   7.796871644E-01   6.777227616E-01
     1.887117051E-01   6.777227616E-01   7.136673682E-01
  Hessian eigenvalues: 2.161791020E-02  6.899098191E-02  1.481220820E+00
  Field 0 (f,|grad|,lap): 5.503305768E-02  3.561385913E-03  1.126920573E-01
+ Critical point no. 30
  Crystallographic coordinates: 0.6967738663 0.3217950497 0.0793103481
  Cartesian coordinates (bohr): 4.0427864886 1.8643518002 0.4596391570
  Type : (3,3)
  Field value (f): 1.418573550E-01
  Field value, valence (fval): 1.418573550E-01
  Gradient (grad f): 2.728187261E-16  -2.863209963E-16  -7.483126746E-17
  Gradient norm (|grad f|): 4.025040234E-16
  Laplacian (del2 f): 1.651394786E+00
  Laplacian, valence (del2 fval): 1.651394786E+00
  Hessian:
     8.033227783E-01  -6.818803879E-01  -1.926112122E-01
    -6.818803879E-01   7.053239848E-01   1.716517317E-01
    -1.926112122E-01   1.716517317E-01   1.427480230E-01
  Hessian eigenvalues: 6.942693748E-02  9.452728893E-02  1.487440560E+00
  Field 0 (f,|grad|,lap): 5.503581038E-02  3.464964055E-03  1.121515535E-01
+ Critical point no. 31
  Crystallographic coordinates: 0.6964653916 0.0790202410 0.3215112557
  Cartesian coordinates (bohr): 4.0409966721 0.4578116685 1.8633024070
  Type : (3,3)
  Field value (f): 1.417587721E-01
  Field value, valence (fval): 1.417587721E-01
  Gradient (grad f): 1.305932789E-13  -5.232960659E-14  -2.022053094E-13
  Gradient norm (|grad f|): 2.463330659E-13
  Laplacian (del2 f): 1.651526830E+00
  Laplacian, valence (del2 fval): 1.651526830E+00
  Hessian:
     8.011558087E-01  -1.912979953E-01  -6.818097869E-01
    -1.912979953E-01   1.391194213E-01   1.712294088E-01
    -6.818097869E-01   1.712294088E-01   7.112515999E-01
  Hessian eigenvalues: 7.124008836E-02  9.196234962E-02  1.488324392E+00
  Field 0 (f,|grad|,lap): 5.503076458E-02  3.434048300E-03  1.121336052E-01
+ Flatness (rho_min / rho_b,max): 0.038071
 
End AUTO--2023/6/14, 02:13:41.094
 
CRITIC2 ended succesfully (0 WARNINGS, 0 COMMENTS)

Elapsed wall time: 0s
Elapsed CPU time: 0s
CRITIC2--2023/6/14, 02:13:41.095
