WARNING(grda_init): Could not find data files.
(!) 1. CRITIC_HOME environment variable not set
(!) 2. Not found (install path): /usr/local/share/critic2/cif_core.dic
(!) 3. Not found (pwd): ./cif_core.dic
(!) The cif dict file, the density files, and the structure library
(!) will not be available.
                  _   _     _          ___     
                 (_) | |   (_)        |__ \    
     ___   _ __   _  | |_   _    ___     ) |   
    / __| | '__| | | | __| | |  / __|   / /    
   | (__  | |    | | | |_  | | | (__   / /_    
    \___| |_|    |_|  \__| |_|  \___| |____|   
 
* CRITIC2: analysis of real-space scalar fields in solids and molecules.
  (c) 1996-2015 A. Otero-de-la-Roza, A. Martin-Pendas, V. Lua~na
  Distributed under GNU GPL v.3 (see COPYING for details)
  Bugs, requests, and rants: aoterodelaroza@gmail.com 
  If you find this software useful, please cite:
  A. Otero-de-la-Roza et al., Comput. Phys. Commun. 185 (2014) 1007-1018.
  A. Otero-de-la-Roza et al., Comput. Phys. Commun. 180 (2009) 157-166.
 
+ critic2 (stable), commit (config) e7d44b3ee15876ac5dca5951c108a0689910200e
 compile host: Linux irene193 4.18.0-477.21.1.el8_8.x86_64 #1 SMP Thu Jul 20 08:38:27 EDT 2023 x86_64 x86_64 x86_64 GNU/Linux
 compile date: Mon Nov 13 15:00:27 CET 2023
    using f77: ifort -g 
          f90: ifort -g -FR -fopenmp
            c: gcc -g -O2 -Iqhull/
      ldflags: 
       debug?: no
 compiled dat: /usr/local/share/critic2
      datadir: .
     dic file: ./cif_core.dic
...was found?:  F
 
CRITIC2--2025/10/22, 16:01:10.538
 
%% crystal ELFCAR

* Crystal structure
  From: ELFCAR
  Lattice parameters (bohr): 5.600770  5.600770  7.911357
  Lattice parameters (ang): 2.963800  2.963800  4.186510
  Lattice angles (degrees): 90.000  90.000  90.000
  Molecular formula: 
    Ca(1) Y(1) H(8) H(4) H(8) 
  Number of non-equivalent atoms in the unit cell: 5
  Number of atoms in the unit cell: 22
  Number of electrons: 79

+ List of non-equivalent atoms in the unit cell (cryst. coords.): 
# nat       x              y              z           name    mult  Z  
   1   0.0000000000   0.0000000000   0.9999970000      Ca      1    20 
   2   0.5000000000   0.5000000000   0.4999990000      Y       1    39 
   3   0.2564000000   0.5000000000   0.1158000000      H       8    1  
   4   0.0000000000   0.5000000000   0.7582980000      H       4    1  
   5   0.2373000000   0.0000000000   0.3731990000      H       8    1  
 
+ List of atoms in the unit cell (cryst. coords.): 
# at        x              y              z           name     Z  
   1   0.0000000000   0.0000000000   0.9999970000      Ca      20 
   2   0.5000000000   0.5000000000   0.4999990000      Y       39 
   3   0.2564000000   0.5000000000   0.1158000000      H       1  
   4   0.7436000000   0.5000000000   0.8842000000      H       1  
   5   0.5000000000   0.2564000000   0.1158000000      H       1  
   6   0.5000000000   0.7436000000   0.8842000000      H       1  
   7   0.7436000000   0.5000000000   0.1158000000      H       1  
   8   0.2564000000   0.5000000000   0.8842000000      H       1  
   9   0.5000000000   0.7436000000   0.1158000000      H       1  
  10   0.5000000000   0.2564000000   0.8842000000      H       1  
  11   0.0000000000   0.5000000000   0.7582980000      H       1  
  12   0.0000000000   0.5000000000   0.2417020000      H       1  
  13   0.5000000000   0.0000000000   0.7582980000      H       1  
  14   0.5000000000   0.0000000000   0.2417020000      H       1  
  15   0.2373000000   0.0000000000   0.3731990000      H       1  
  16   0.7627000000   0.0000000000   0.6268010000      H       1  
  17   0.0000000000   0.2373000000   0.3731990000      H       1  
  18   0.0000000000   0.7627000000   0.6268010000      H       1  
  19   0.7627000000   0.0000000000   0.3731990000      H       1  
  20   0.2373000000   0.0000000000   0.6268010000      H       1  
  21   0.0000000000   0.7627000000   0.3731990000      H       1  
  22   0.0000000000   0.2373000000   0.6268010000      H       1  
 
+ Lattice vectors (bohr)
    1:    5.6007703126     0.0000000000     0.0000000000 
    2:    0.0000000000     5.6007703126     0.0000000000 
    3:    0.0000000000     0.0000000000     7.9113573526 
 
+ List of atoms in Cartesian coordinates (bohr): 
# at         x                y                z            name     Z  
   1     0.0000000000     0.0000000000     7.9113336185      Ca      20 
   2     2.8003851563     2.8003851563     3.9556707649      Y       39 
   3     1.4360375082     2.8003851563     0.9161351814      H       1  
   4     4.1647328045     2.8003851563     6.9952221712      H       1  
   5     2.8003851563     1.4360375082     0.9161351814      H       1  
   6     2.8003851563     4.1647328045     6.9952221712      H       1  
   7     4.1647328045     2.8003851563     0.9161351814      H       1  
   8     1.4360375082     2.8003851563     6.9952221712      H       1  
   9     2.8003851563     4.1647328045     0.9161351814      H       1  
  10     2.8003851563     1.4360375082     6.9952221712      H       1  
  11     0.0000000000     2.8003851563     5.9991664578      H       1  
  12     0.0000000000     2.8003851563     1.9121908948      H       1  
  13     2.8003851563     0.0000000000     5.9991664578      H       1  
  14     2.8003851563     0.0000000000     1.9121908948      H       1  
  15     1.3290627952     0.0000000000     2.9525106526      H       1  
  16     4.2717075175     0.0000000000     4.9588467000      H       1  
  17     0.0000000000     1.3290627952     2.9525106526      H       1  
  18     0.0000000000     4.2717075175     4.9588467000      H       1  
  19     4.2717075175     0.0000000000     2.9525106526      H       1  
  20     1.3290627952     0.0000000000     4.9588467000      H       1  
  21     0.0000000000     4.2717075175     2.9525106526      H       1  
  22     0.0000000000     1.3290627952     4.9588467000      H       1  
 
+ Cell volume (bohr^3): 248.16843
+ Cell volume (ang^3): 36.77477
 
+ List of symmetry operations (16):
  Operation 1:
     1.000000  0.000000  0.000000  0.000000
     0.000000  1.000000  0.000000  0.000000
     0.000000  0.000000  1.000000  0.000000
  Operation 2:
    -1.000000  0.000000  0.000000  0.000000
     0.000000 -1.000000  0.000000  0.000000
     0.000000  0.000000 -1.000000  0.000000
  Operation 3:
     0.000000 -1.000000  0.000000  0.000000
     1.000000  0.000000  0.000000  0.000000
     0.000000  0.000000  1.000000  0.000000
  Operation 4:
     0.000000  1.000000  0.000000  0.000000
    -1.000000  0.000000  0.000000  0.000000
     0.000000  0.000000 -1.000000  0.000000
  Operation 5:
    -1.000000  0.000000  0.000000  0.000000
     0.000000 -1.000000  0.000000  0.000000
     0.000000  0.000000  1.000000  0.000000
  Operation 6:
     1.000000  0.000000  0.000000  0.000000
     0.000000  1.000000  0.000000  0.000000
     0.000000  0.000000 -1.000000  0.000000
  Operation 7:
     0.000000  1.000000  0.000000  0.000000
    -1.000000  0.000000  0.000000  0.000000
     0.000000  0.000000  1.000000  0.000000
  Operation 8:
     0.000000 -1.000000  0.000000  0.000000
     1.000000  0.000000  0.000000  0.000000
     0.000000  0.000000 -1.000000  0.000000
  Operation 9:
     1.000000  0.000000  0.000000  0.000000
     0.000000 -1.000000  0.000000  0.000000
     0.000000  0.000000 -1.000000  0.000000
  Operation 10:
    -1.000000  0.000000  0.000000  0.000000
     0.000000  1.000000  0.000000  0.000000
     0.000000  0.000000  1.000000  0.000000
  Operation 11:
     0.000000 -1.000000  0.000000  0.000000
    -1.000000  0.000000  0.000000  0.000000
     0.000000  0.000000 -1.000000  0.000000
  Operation 12:
     0.000000  1.000000  0.000000  0.000000
     1.000000  0.000000  0.000000  0.000000
     0.000000  0.000000  1.000000  0.000000
  Operation 13:
    -1.000000  0.000000  0.000000  0.000000
     0.000000  1.000000  0.000000  0.000000
     0.000000  0.000000 -1.000000  0.000000
  Operation 14:
     1.000000  0.000000  0.000000  0.000000
     0.000000 -1.000000  0.000000  0.000000
     0.000000  0.000000  1.000000  0.000000
  Operation 15:
     0.000000  1.000000  0.000000  0.000000
     1.000000  0.000000  0.000000  0.000000
     0.000000  0.000000 -1.000000  0.000000
  Operation 16:
     0.000000 -1.000000  0.000000  0.000000
    -1.000000  0.000000  0.000000  0.000000
     0.000000  0.000000  1.000000  0.000000
 
+ List of symmetry operations in crystallographic notation:
   1: x,y,z
   2: -x,-y,-z
   3: -y,x,z
   4: y,-x,-z
   5: -x,-y,z
   6: x,y,-z
   7: y,-x,z
   8: -y,x,-z
   9: x,-y,-z
   10: -x,y,z
   11: -y,-x,-z
   12: y,x,z
   13: -x,y,-z
   14: x,-y,z
   15: y,x,-z
   16: -y,-x,z
 
+ List of centering vectors (1):
  Vector 1: 0.000000  0.000000  0.000000 
 
+ Crystal symmetry information
  Space group (Hermann-Mauguin): P4/mmm (number 123)
  Space group (Hall): -P 4 2 (number 400)
  Point group (Hermann-Mauguin): 4/mmm
  Point group (Schoenflies): D4h
  Holohedry: tetragonal
  Laue class: 4/mmm
 
+ Cartesian/crystallographic coordinate transformation matrices:
  A = car to crys (xcrys = A * xcar, bohr^-1)
       0.1785468684     0.0000000000     0.0000000000 
       0.0000000000     0.1785468684     0.0000000000 
       0.0000000000     0.0000000000     0.1264005600 
  B = crys to car (xcar = B * xcrys, bohr)
       5.6007703126     0.0000000000     0.0000000000 
       0.0000000000     5.6007703126     0.0000000000 
       0.0000000000     0.0000000000     7.9113573526 
  G = metric tensor (B'*B, bohr^2)
      31.3686280950     0.0000000000     0.0000000000 
       0.0000000000    31.3686280950     0.0000000000 
       0.0000000000     0.0000000000    62.5895751603 
 
+ List of fragments in the system
  Number of fragments: 1
# Id  nat           Center of mass          Discrete? 
  1    22     0.654636    0.654636    0.634360   No
 
+ Atomic environment of the main cell
  Number of atoms contributing density to the main cell: 18889
 
+ Atomic environments (distances in bohr)
#  id   atom   nneig     distance  nat   type      
   1     Ca      8       3.2378368   5    H         
         ...    16       3.2777463   3    H         
         ...     8       3.3909498   4    H         
         ...    16       5.1016092   3    H         
         ...     8       5.1338419   5    H         
         ...     8       5.1927511   5    H         
         ...     8       5.5974622   2    Y         
         ...     4       5.6007703   1    Ca        
         ...    16       6.4693288   5    H         
         ...     8       6.5450294   5    H         
   2      Y     16       3.3186257   5    H         
         ...     8       3.3316994   3    H         
         ...     8       3.4667033   4    H         
         ...     8       5.0592428   3    H         
         ...    16       5.0892887   5    H         
         ...     8       5.2140339   3    H         
         ...     8       5.5974845   1    Ca        
         ...     4       5.6007703   2    Y         
         ...     8       6.4561421   3    H         
         ...     8       6.5018426   4    H         
   3      H      1       1.7476644   4    H         
         ...     1       1.8322704   3    H         
         ...     2       1.9294789   3    H         
         ...     2       2.6608464   3    H         
         ...     1       2.7286953   3    H         
         ...     1       2.8720750   3    H         
         ...     2       2.8937550   5    H         
         ...     1       3.1720076   4    H         
         ...     2       3.2704325   4    H         
         ...     2       3.2777596   1    Ca        
   4      H      2       1.7476644   3    H         
         ...     2       1.8019586   5    H         
         ...     2       3.1720076   3    H         
         ...     8       3.2704325   3    H         
         ...     2       3.3833269   5    H         
         ...     2       3.3909498   1    Ca        
         ...     2       3.4667033   2    Y         
         ...     1       3.8243818   4    H         
         ...     4       3.9603427   4    H         
         ...     1       4.0869756   4    H         
   5      H      1       1.8019586   4    H         
         ...     2       1.8795786   5    H         
         ...     1       2.0063360   5    H         
         ...     1       2.6581256   5    H         
         ...     2       2.7492181   5    H         
         ...     2       2.8937550   3    H         
         ...     1       2.9426447   5    H         
         ...     1       3.2378801   1    Ca        
         ...     2       3.2696835   4    H         
         ...     2       3.3186257   2    Y         
 
+ List of half nearest neighbor distances (bohr)
   id   atom      rnn/2    
   1     Ca      1.6189184 
   2      Y      1.6593129 
   3      H      0.8738322 
   4      H      0.8738322 
   5      H      0.9009793 
 
+ Vertex of the WS cell (cryst. coords.)
   id       x            y            z          d (bohr)   
    1    0.500000     0.500000    -0.500000     5.59747334  
    2    0.500000    -0.500000     0.500000     5.59747334  
    3    0.500000     0.500000     0.500000     5.59747334  
    4   -0.500000     0.500000     0.500000     5.59747334  
    5    0.500000    -0.500000    -0.500000     5.59747334  
    6   -0.500000     0.500000    -0.500000     5.59747334  
    7   -0.500000    -0.500000    -0.500000     5.59747334  
    8   -0.500000    -0.500000     0.500000     5.59747334  
 
+ Faces of the WS cell
  Number of faces: 6
   1: 8  4  3  2 
   2: 6  1  3  4 
   3: 7  6  4  8 
   4: 1  5  2  3 
   5: 5  7  8  2 
   6: 7  5  1  6 
 
+ Lattice vectors for the Wigner-Seitz neighbors
   1:  0  0  1
   2:  0  1  0
   3: -1  0  0
   4:  1  0  0
   5:  0 -1  0
   6:  0  0 -1
 
+ Lattice vectors for the Delaunay reduced cell (fractional)
   1:  1  0  0
   2:  0  1  0
   3:  0  0  1
  Delaunay reduced cell lengths:     5.6008     5.6008     7.9114
  Delaunay reduced cell angles:    90.0000    90.0000    90.0000
 
+ Is the cell orthogonal? T
+ Is the reduced cell orthogonal? T

 
* Atomic radial density grids
+ List of atomic charges and atomic numbers
# nat  name    Z     Q  ZPSP
    1   Ca    20   0.0   -1
    2    Y    39   0.0   -1
    3    H     1   0.0   -1
    4    H     1   0.0   -1
    5    H     1   0.0   -1
 
+ Number of electrons: 79
+ Number of valence electrons: 79
+ Number of core electrons: 0
 
* Reading new promolecular density grids
File: ./ca_pbe.wfc
WARNING(grid1_read_critic): Atomic density file not found
File: ./y__pbe.wfc
WARNING(grid1_read_critic): Atomic density file not found
File: ./h__pbe.wfc
WARNING(grid1_read_critic): Atomic density file not found
File: ./h__pbe.wfc
WARNING(grid1_read_critic): Atomic density file not found
File: ./h__pbe.wfc
WARNING(grid1_read_critic): Atomic density file not found
 
* Reading new core density grids
 
* Field number 0 is now REFERENCE.

* List of integrable properties
#  Id  Type  Field  Name
    1   v        0  Volume
    2  fval      0  Pop
    3  lval      0  Lap
 
%% load ELFCAR

* Scalar field number: 1
  Source: ELFCAR
  Type: grid
  Grid dimensions : 28  28  36
  First elements... 6.985500000000E-01  6.955000000000E-01  6.864700000000E-01
  Last elements... 6.689500000000E-01  6.827800000000E-01  6.911000000000E-01
  Sum of elements... 1.242307798200E+04
  Sum of squares of elements... 6.836971061422E+03
  Cell integral (grid SUM) = 109.23383345
  Min: 8.65760000E-02
  Average: 4.40160076E-01
  Max: 9.53750000E-01
  Interpolation mode (1=nearest,2=linear,3=spline,4=tricubic): 4
  Use core densities?  F
  Numerical derivatives?  F
  Nuclear CP signature: -3
 
* Field number 1 is now REFERENCE.

* List of integrable properties
#  Id  Type  Field  Name
    1   v        0  Volume
    2  fval      1  Pop
    3  lval      1  Lap
 
%% AUTO CPEPS 0.3 NUCEPSH 0.6

Start AUTO--2025/10/22, 16:01:10.581
 
* Automatic determination of CPs
  Discard new CPs if another CP was found at a distance less than: 3.000E-01 bohr
  Discard new CPs if a nucleus was found at a distance less than: 4.395E-01 bohr
  Discard new CPs if a hydrogen was found at a distance less than: 6.000E-01 bohr
  CPs are degenerate if any Hessian element abs value is less than: 1.000E-08
  Discard CPs if grad(f) is above: 1.000E-12
+ List of seeding actions
  Id nseed     Type           Description
  1 225     WS recursive    depth=1, x0=0.0000  0.0000  0.0000, no radius 
+ Number of seeds before pruning and clipping: 225
+ Number of seeds: 219
+ Searching for CPs
+ Sorting the CPs
 
* Critical point list, final report (non-equivalent cps)
  Topological class (n|b|r|c): 5(22) 8(56) 13(72) 12(54) 
  Morse sum: -16
# ncp   pg  type   CPname         position (cryst. coords.)       mult  name            f             |grad|           lap
  1    D4h (3,-3) nucleus   0.00000000   0.00000000   0.99999700    1     Ca      6.98550000E-01  0.00000000E+00 -3.72725414E-01
  2    D4h (3,-3) nucleus   0.50000000   0.50000000   0.49999900    1     Y       8.41780000E-01  0.00000000E+00 -5.29302541E-01
  3    Cs  (3,-3) nucleus   0.25640000   0.50000000   0.11580000    8     H       9.53390755E-01  0.00000000E+00 -1.00661889E+00
  4    C2v (3,-3) nucleus   0.00000000   0.50000000   0.75829800    4     H       9.16816941E-01  0.00000000E+00 -1.53802559E+00
  5    Cs  (3,-3) nucleus   0.23730000   0.00000000   0.37319900    8     H       9.55566802E-01  0.00000000E+00 -1.19451475E+00
  6    Cs  (3,-1)   bond    0.87909638   0.50000000   0.81656227    8     b5      7.17264101E-01  1.55735395E-15  5.65794643E-01
  7    Cs  (3,-1)   bond    0.62339214   0.00000000   0.69662374    8     b3      6.80023221E-01  1.55339399E-13  1.33270379E+00
  8    C2v (3,-1)   bond    0.23393684   0.50000000   0.00000000    4     b7      6.49011306E-01  2.69931006E-14  3.75074013E+00
  9    Cs  (3,-1)   bond    0.86930750   0.86930750   0.36329253    8     b2      6.28832714E-01  5.64579362E-13  1.22645848E+00
  10   Cs  (3,-1)   bond    0.36882807   0.36882807   0.86937560    8     b8      5.90917781E-01  1.12291867E-15  1.45769260E+00
  11   C2v (3,-1)   bond    0.73188116   1.00000000   0.50000000    4     b1      5.50609849E-01  7.95136474E-17  3.98057238E+00
  12   Cs  (3,-1)   bond    0.66124161   0.50000000   0.72748543    8     b6      2.17232673E-01  8.71187909E-13  1.37114138E+00
  13   Cs  (3,-1)   bond    0.84575762   1.00000000   0.22260085    8     b4      1.77697700E-01  5.59405320E-14  2.17344118E+00
  14   C2v (3,1 )   ring    0.64179963   0.35820037   1.00000000    4     r9      2.99389116E-01  1.29106070E-13  2.60114028E+00
  15   C4v (3,1 )   ring    0.00000000   0.00000000   0.35774756    2     r5      2.95021007E-01  4.10473475E-16  1.94810789E+00
  16   C4v (3,1 )   ring    0.50000000   0.50000000   0.85881363    2    r10      2.80573837E-01  1.26299531E-16  1.34435986E+00
  17   C2v (3,1 )   ring    0.86006002   0.86006002   0.50000000    4     r4      2.68392601E-01  3.98731850E-16  2.26220587E+00
  18   Cs  (3,1 )   ring    0.73502404   0.73502404   0.39535014    8     r8      2.08805900E-01  3.23826133E-15  1.79755833E+00
  19   Cs  (3,1 )   ring    0.59638679   0.59638679   0.73985247    8    r12      2.05839003E-01  4.54968656E-16  1.58406689E+00
  20   Cs  (3,1 )   ring    0.63251451   0.84241199   0.50000000    8     r6      2.04625198E-01  4.64148844E-16  1.45251679E+00
  21   D2h (3,1 )   ring    0.50000000   1.00000000   0.50000000    2     r1      1.79700000E-01  2.23971555E-13  8.20102122E-01
  22   Cs  (3,1 )   ring    0.74676814   0.74676814   0.24714014    8     r2      1.77140846E-01  9.61538749E-16  1.22424819E+00
  23   D2h (3,1 )   ring    0.50000000   0.00000000   0.00000000    2     r3      1.74610000E-01  3.68596878E-15  1.16519131E+00
  24   Cs  (3,1 )   ring    0.90328742   0.90328742   0.23265136    8     r7      1.66303575E-01  5.57094935E-16  2.46785654E+00
  25   Cs  (3,1 )   ring    0.14511799   0.32598864   0.00000000    8    r11      1.63133649E-01  5.36657725E-16  2.48027802E+00
  26   Cs  (3,1 )   ring    0.23733713   0.23733713   0.90877554    8    r13      1.58407632E-01  7.98888106E-16  2.65768742E+00
  27   Cs  (3,3 )   cage    0.80227907   0.50000000   0.65772931    8     c9      1.88563553E-01  1.24308962E-13  1.98214224E+00
  28   C4v (3,3 )   cage    0.50000000   0.50000000   0.23670318    2    c10      1.76271870E-01  4.85181776E-14  1.59019050E+00
  29   C2v (3,3 )   cage    0.76475220   0.76475220   0.50000000    4     c3      1.67447898E-01  2.94351846E-16  1.68863698E+00
  30   C2v (3,3 )   cage    0.50000000   0.91095351   0.50000000    4     c4      1.60115741E-01  7.28483653E-16  1.12915188E+00
  31   Cs  (3,3 )   cage    0.70329048   0.29670952   0.71002918    8     c7      1.57176935E-01  3.07399340E-15  1.42672034E+00
  32   Cs  (3,3 )   cage    0.00000000   0.31202552   0.86832511    8     c8      1.52331922E-01  5.79460157E-16  2.65136155E+00
  33   C2v (3,3 )   cage    0.25679142   0.25679142   0.00000000    4    c12      1.38711920E-01  7.97202917E-17  2.08086849E+00
  34   C4v (3,3 )   cage    0.00000000   0.00000000   0.25581388    2     c2      1.35996846E-01  1.10512090E-16  2.66905631E+00
  35   Cs  (3,3 )   cage    0.80162911   0.80162911   0.18831588    8     c5      1.23705503E-01  2.47255077E-16  1.65184224E+00
  36   C2v (3,3 )   cage    0.38537391   0.00000000   0.00000000    4     c6      1.22539863E-01  5.26743396E-14  9.68776259E-01
  37   D4h (3,3 )   cage    0.50000000   0.50000000   1.00000000    1    c11      8.99520000E-02  2.06679077E-13  1.66248408E+00
  38   D4h (3,3 )   cage    0.00000000   0.00000000   0.50000000    1     c1      8.65760000E-02  2.49441573E-14  1.65661273E+00
 
* Analysis of system bonds
# ncp is the bond from the non-equivalent CP list.
# End-1 and End-2 are the bond path terminator from the non-equivalent
#   CP list (index in parentheses).
# r1 and r2 are the geometric distances between bond and terminators.
# r1-B-r2 is the geometric angle between bond and terminators.
# ncp   End-1      End-2    r1(bohr)   r2(bohr)     r1/r2   r1-B-r2 (degree)
  6     H (4)      H (3)     0.8192     0.9286     0.882165    179.0552  
  7     H (5)      H (4)     0.9560     0.8460     1.130029    179.9251  
  8     H (3)      H (3)     0.9247     0.9247     1.000000    164.3612  
  9     H (5)      H (5)     0.9479     0.9479     1.000000    165.0326  
 10     H (3)      H (3)     0.9747     0.9747     1.000000    163.6258  
 11     H (5)      H (5)     1.0179     1.0179     1.000000    160.4741  
 12     H (3)      Y (2)     1.3229     2.0136     0.656960    173.7606  
 13     H (5)      Ca (1)    1.2790     1.9616     0.652045    175.1983  
 
* Analysis of system rings
# ncp is the ring from the non-equivalent CP list.
# End-1 and End-2 are the ring path terminator from the non-equivalent
#   CP list (index in parentheses).
# r1 and r2 are the geometric distances between ring and terminators.
# r1-B-r2 is the geometric angle between ring and terminators.
# ncp   End-1      End-2    r1(bohr)   r2(bohr)     r1/r2   r1-R-r2 (degree)
 14    c12 (33)   c11 (37)   0.8032     1.1232     0.715157    179.9999  
 15    c1 (38)    c2 (34)    1.1254     0.8064     1.395539    179.9999  
 16    c11 (37)   c10 (28)   1.1170     0.7557     1.478131    179.9999  
 17    c3 (29)    c1 (38)    0.7549     1.1084     0.681062    179.9999  
 18    c3 (29)    c7 (31)    0.8608     0.8708     0.988511    179.0985  
 19    c10 (28)   c7 (31)    0.7857     0.8790     0.893799    178.0850  
 20    c3 (29)    c4 (30)    0.8589     0.8356     1.027911    176.9251  
 21    c4 (30)    c4 (30)    0.4987     0.4987     1.000000    179.9998  
 22    c7 (31)    c5 (35)    0.4831     0.6367     0.758785    177.5738  
 23    c6 (36)    c6 (36)    0.6420     0.6420     1.000000    179.9999  
 24    c5 (35)    c2 (34)    0.8783     0.7876     1.115078    169.9149  
 25    c12 (33)   c6 (36)    0.7358     0.8782     0.837853    170.4714  
 26    c12 (33)   c5 (35)    0.7380     0.8278     0.891477    170.1615  
 
* Complete CP list
# (x symbols are the non-equivalent representative atoms)
#  cp   ncp  typ      position (cryst. coords.)        op.    (lvec+cvec)
x 1      1    n  0.00000000   0.00000000   0.99999700   1   0.0   0.0   0.0 
x 2      2    n  0.50000000   0.50000000   0.49999900   1   0.0   0.0   0.0 
x 3      3    n  0.25640000   0.50000000   0.11580000   1   0.0   0.0   0.0 
  4      3    n  0.74360000   0.50000000   0.88420000   2   1.0   1.0   1.0 
  5      3    n  0.50000000   0.25640000   0.11580000   3   1.0   0.0   0.0 
  6      3    n  0.50000000   0.74360000   0.88420000   4   0.0   1.0   1.0 
  7      3    n  0.74360000   0.50000000   0.11580000   5   1.0   1.0   0.0 
  8      3    n  0.25640000   0.50000000   0.88420000   6   0.0   0.0   1.0 
  9      3    n  0.50000000   0.74360000   0.11580000   7   0.0   1.0   0.0 
  10     3    n  0.50000000   0.25640000   0.88420000   8   1.0   0.0   1.0 
x 11     4    n  0.00000000   0.50000000   0.75829800   1   0.0   0.0   0.0 
  12     4    n  0.00000000   0.50000000   0.24170200   2   0.0   1.0   1.0 
  13     4    n  0.50000000   0.00000000   0.75829800   3   1.0   0.0   0.0 
  14     4    n  0.50000000   0.00000000   0.24170200   4   0.0   0.0   1.0 
x 15     5    n  0.23730000   0.00000000   0.37319900   1   0.0   0.0   0.0 
  16     5    n  0.76270000   0.00000000   0.62680100   2   1.0   0.0   1.0 
  17     5    n  0.00000000   0.23730000   0.37319900   3   0.0   0.0   0.0 
  18     5    n  0.00000000   0.76270000   0.62680100   4   0.0   1.0   1.0 
  19     5    n  0.76270000   0.00000000   0.37319900   5   1.0   0.0   0.0 
  20     5    n  0.23730000   0.00000000   0.62680100   6   0.0   0.0   1.0 
  21     5    n  0.00000000   0.76270000   0.37319900   7   0.0   1.0   0.0 
  22     5    n  0.00000000   0.23730000   0.62680100   8   0.0   0.0   1.0 
x 23     6    b  0.87909638   0.50000000   0.81656227   1   0.0   0.0   0.0 
  24     6    b  0.12090362   0.50000000   0.18343773   2   1.0   1.0   1.0 
  25     6    b  0.50000000   0.87909638   0.81656227   3   1.0   0.0   0.0 
  26     6    b  0.50000000   0.12090362   0.18343773   4   0.0   1.0   1.0 
  27     6    b  0.12090362   0.50000000   0.81656227   5   1.0   1.0   0.0 
  28     6    b  0.87909638   0.50000000   0.18343773   6   0.0   0.0   1.0 
  29     6    b  0.50000000   0.12090362   0.81656227   7   0.0   1.0   0.0 
  30     6    b  0.50000000   0.87909638   0.18343773   8   1.0   0.0   1.0 
x 31     7    b  0.62339214   0.00000000   0.69662374   1   0.0   0.0   0.0 
  32     7    b  0.37660786   0.00000000   0.30337626   2   1.0   0.0   1.0 
  33     7    b  0.00000000   0.62339214   0.69662374   3   0.0   0.0   0.0 
  34     7    b  0.00000000   0.37660786   0.30337626   4   0.0   1.0   1.0 
  35     7    b  0.37660786   0.00000000   0.69662374   5   1.0   0.0   0.0 
  36     7    b  0.62339214   0.00000000   0.30337626   6   0.0   0.0   1.0 
  37     7    b  0.00000000   0.37660786   0.69662374   7   0.0   1.0   0.0 
  38     7    b  0.00000000   0.62339214   0.30337626   8   0.0   0.0   1.0 
x 39     8    b  0.23393684   0.50000000   0.00000000   1   0.0   0.0   0.0 
  40     8    b  0.76606316   0.50000000   0.00000000   2   1.0   1.0   0.0 
  41     8    b  0.50000000   0.23393684   0.00000000   3   1.0   0.0   0.0 
  42     8    b  0.50000000   0.76606316   0.00000000   4   0.0   1.0   0.0 
x 43     9    b  0.86930750   0.86930750   0.36329253   1   0.0   0.0   0.0 
  44     9    b  0.13069250   0.13069250   0.63670747   2   1.0   1.0   1.0 
  45     9    b  0.13069250   0.86930750   0.36329253   3   1.0   0.0   0.0 
  46     9    b  0.86930750   0.13069250   0.63670747   4   0.0   1.0   1.0 
  47     9    b  0.13069250   0.13069250   0.36329253   5   1.0   1.0   0.0 
  48     9    b  0.86930750   0.86930750   0.63670747   6   0.0   0.0   1.0 
  49     9    b  0.86930750   0.13069250   0.36329253   7   0.0   1.0   0.0 
  50     9    b  0.13069250   0.86930750   0.63670747   8   1.0   0.0   1.0 
x 51     10   b  0.36882807   0.36882807   0.86937560   1   0.0   0.0   0.0 
  52     10   b  0.63117193   0.63117193   0.13062440   2   1.0   1.0   1.0 
  53     10   b  0.63117193   0.36882807   0.86937560   3   1.0   0.0   0.0 
  54     10   b  0.36882807   0.63117193   0.13062440   4   0.0   1.0   1.0 
  55     10   b  0.63117193   0.63117193   0.86937560   5   1.0   1.0   0.0 
  56     10   b  0.36882807   0.36882807   0.13062440   6   0.0   0.0   1.0 
  57     10   b  0.36882807   0.63117193   0.86937560   7   0.0   1.0   0.0 
  58     10   b  0.63117193   0.36882807   0.13062440   8   1.0   0.0   1.0 
x 59     11   b  0.73188116   1.00000000   0.50000000   1   0.0   0.0   0.0 
  60     11   b  0.26811884   0.00000000   0.50000000   2   1.0   1.0   1.0 
  61     11   b  0.00000000   0.73188116   0.50000000   3   1.0   0.0   0.0 
  62     11   b  1.00000000   0.26811884   0.50000000   4   0.0   1.0   1.0 
x 63     12   b  0.66124161   0.50000000   0.72748543   1   0.0   0.0   0.0 
  64     12   b  0.33875839   0.50000000   0.27251457   2   1.0   1.0   1.0 
  65     12   b  0.50000000   0.66124161   0.72748543   3   1.0   0.0   0.0 
  66     12   b  0.50000000   0.33875839   0.27251457   4   0.0   1.0   1.0 
  67     12   b  0.33875839   0.50000000   0.72748543   5   1.0   1.0   0.0 
  68     12   b  0.66124161   0.50000000   0.27251457   6   0.0   0.0   1.0 
  69     12   b  0.50000000   0.33875839   0.72748543   7   0.0   1.0   0.0 
  70     12   b  0.50000000   0.66124161   0.27251457   8   1.0   0.0   1.0 
x 71     13   b  0.84575762   1.00000000   0.22260085   1   0.0   0.0   0.0 
  72     13   b  0.15424238   0.00000000   0.77739915   2   1.0   1.0   1.0 
  73     13   b  0.00000000   0.84575762   0.22260085   3   1.0   0.0   0.0 
  74     13   b  1.00000000   0.15424238   0.77739915   4   0.0   1.0   1.0 
  75     13   b  0.15424238   0.00000000   0.22260085   5   1.0   1.0   0.0 
  76     13   b  0.84575762   1.00000000   0.77739915   6   0.0   0.0   1.0 
  77     13   b  1.00000000   0.15424238   0.22260085   7   0.0   1.0   0.0 
  78     13   b  0.00000000   0.84575762   0.77739915   8   1.0   0.0   1.0 
x 79     14   r  0.64179963   0.35820037   1.00000000   1   0.0   0.0   0.0 
  80     14   r  0.35820037   0.64179963   0.00000000   2   1.0   1.0   1.0 
  81     14   r  0.64179963   0.64179963   1.00000000   3   1.0   0.0   0.0 
  82     14   r  0.35820037   0.35820037   0.00000000   4   0.0   1.0   1.0 
x 83     15   r  0.00000000   0.00000000   0.35774756   1   0.0   0.0   0.0 
  84     15   r  0.00000000   0.00000000   0.64225244   2   0.0   0.0   1.0 
x 85     16   r  0.50000000   0.50000000   0.85881363   1   0.0   0.0   0.0 
  86     16   r  0.50000000   0.50000000   0.14118637   2   1.0   1.0   1.0 
x 87     17   r  0.86006002   0.86006002   0.50000000   1   0.0   0.0   0.0 
  88     17   r  0.13993998   0.13993998   0.50000000   2   1.0   1.0   1.0 
  89     17   r  0.13993998   0.86006002   0.50000000   3   1.0   0.0   0.0 
  90     17   r  0.86006002   0.13993998   0.50000000   4   0.0   1.0   1.0 
x 91     18   r  0.73502404   0.73502404   0.39535014   1   0.0   0.0   0.0 
  92     18   r  0.26497596   0.26497596   0.60464986   2   1.0   1.0   1.0 
  93     18   r  0.26497596   0.73502404   0.39535014   3   1.0   0.0   0.0 
  94     18   r  0.73502404   0.26497596   0.60464986   4   0.0   1.0   1.0 
  95     18   r  0.26497596   0.26497596   0.39535014   5   1.0   1.0   0.0 
  96     18   r  0.73502404   0.73502404   0.60464986   6   0.0   0.0   1.0 
  97     18   r  0.73502404   0.26497596   0.39535014   7   0.0   1.0   0.0 
  98     18   r  0.26497596   0.73502404   0.60464986   8   1.0   0.0   1.0 
x 99     19   r  0.59638679   0.59638679   0.73985247   1   0.0   0.0   0.0 
  100    19   r  0.40361321   0.40361321   0.26014753   2   1.0   1.0   1.0 
  101    19   r  0.40361321   0.59638679   0.73985247   3   1.0   0.0   0.0 
  102    19   r  0.59638679   0.40361321   0.26014753   4   0.0   1.0   1.0 
  103    19   r  0.40361321   0.40361321   0.73985247   5   1.0   1.0   0.0 
  104    19   r  0.59638679   0.59638679   0.26014753   6   0.0   0.0   1.0 
  105    19   r  0.59638679   0.40361321   0.73985247   7   0.0   1.0   0.0 
  106    19   r  0.40361321   0.59638679   0.26014753   8   1.0   0.0   1.0 
x 107    20   r  0.63251451   0.84241199   0.50000000   1   0.0   0.0   0.0 
  108    20   r  0.36748549   0.15758801   0.50000000   2   1.0   1.0   1.0 
  109    20   r  0.15758801   0.63251451   0.50000000   3   1.0   0.0   0.0 
  110    20   r  0.84241199   0.36748549   0.50000000   4   0.0   1.0   1.0 
  111    20   r  0.63251451   0.15758801   0.50000000   9   0.0   1.0   1.0 
  112    20   r  0.36748549   0.84241199   0.50000000  10   1.0   0.0   0.0 
  113    20   r  0.15758801   0.36748549   0.50000000  11   1.0   1.0   1.0 
  114    20   r  0.84241199   0.63251451   0.50000000  12   0.0   0.0   0.0 
x 115    21   r  0.50000000   1.00000000   0.50000000   1   0.0   0.0   0.0 
  116    21   r  0.00000000   0.50000000   0.50000000   3   1.0   0.0   0.0 
x 117    22   r  0.74676814   0.74676814   0.24714014   1   0.0   0.0   0.0 
  118    22   r  0.25323186   0.25323186   0.75285986   2   1.0   1.0   1.0 
  119    22   r  0.25323186   0.74676814   0.24714014   3   1.0   0.0   0.0 
  120    22   r  0.74676814   0.25323186   0.75285986   4   0.0   1.0   1.0 
  121    22   r  0.25323186   0.25323186   0.24714014   5   1.0   1.0   0.0 
  122    22   r  0.74676814   0.74676814   0.75285986   6   0.0   0.0   1.0 
  123    22   r  0.74676814   0.25323186   0.24714014   7   0.0   1.0   0.0 
  124    22   r  0.25323186   0.74676814   0.75285986   8   1.0   0.0   1.0 
x 125    23   r  0.50000000   0.00000000   0.00000000   1   0.0   0.0   0.0 
  126    23   r  0.00000000   0.50000000   0.00000000   3   0.0   0.0   0.0 
x 127    24   r  0.90328742   0.90328742   0.23265136   1   0.0   0.0   0.0 
  128    24   r  0.09671258   0.09671258   0.76734864   2   1.0   1.0   1.0 
  129    24   r  0.09671258   0.90328742   0.23265136   3   1.0   0.0   0.0 
  130    24   r  0.90328742   0.09671258   0.76734864   4   0.0   1.0   1.0 
  131    24   r  0.09671258   0.09671258   0.23265136   5   1.0   1.0   0.0 
  132    24   r  0.90328742   0.90328742   0.76734864   6   0.0   0.0   1.0 
  133    24   r  0.90328742   0.09671258   0.23265136   7   0.0   1.0   0.0 
  134    24   r  0.09671258   0.90328742   0.76734864   8   1.0   0.0   1.0 
x 135    25   r  0.14511799   0.32598864   0.00000000   1   0.0   0.0   0.0 
  136    25   r  0.85488201   0.67401136   1.00000000   2   1.0   1.0   1.0 
  137    25   r  0.67401136   0.14511799   0.00000000   3   1.0   0.0   0.0 
  138    25   r  0.32598864   0.85488201   1.00000000   4   0.0   1.0   1.0 
  139    25   r  0.14511799   0.67401136   1.00000000   9   0.0   1.0   1.0 
  140    25   r  0.85488201   0.32598864   0.00000000  10   1.0   0.0   0.0 
  141    25   r  0.67401136   0.85488201   1.00000000  11   1.0   1.0   1.0 
  142    25   r  0.32598864   0.14511799   0.00000000  12   0.0   0.0   0.0 
x 143    26   r  0.23733713   0.23733713   0.90877554   1   0.0   0.0   0.0 
  144    26   r  0.76266287   0.76266287   0.09122446   2   1.0   1.0   1.0 
  145    26   r  0.76266287   0.23733713   0.90877554   3   1.0   0.0   0.0 
  146    26   r  0.23733713   0.76266287   0.09122446   4   0.0   1.0   1.0 
  147    26   r  0.76266287   0.76266287   0.90877554   5   1.0   1.0   0.0 
  148    26   r  0.23733713   0.23733713   0.09122446   6   0.0   0.0   1.0 
  149    26   r  0.23733713   0.76266287   0.90877554   7   0.0   1.0   0.0 
  150    26   r  0.76266287   0.23733713   0.09122446   8   1.0   0.0   1.0 
x 151    27   c  0.80227907   0.50000000   0.65772931   1   0.0   0.0   0.0 
  152    27   c  0.19772093   0.50000000   0.34227069   2   1.0   1.0   1.0 
  153    27   c  0.50000000   0.80227907   0.65772931   3   1.0   0.0   0.0 
  154    27   c  0.50000000   0.19772093   0.34227069   4   0.0   1.0   1.0 
  155    27   c  0.19772093   0.50000000   0.65772931   5   1.0   1.0   0.0 
  156    27   c  0.80227907   0.50000000   0.34227069   6   0.0   0.0   1.0 
  157    27   c  0.50000000   0.19772093   0.65772931   7   0.0   1.0   0.0 
  158    27   c  0.50000000   0.80227907   0.34227069   8   1.0   0.0   1.0 
x 159    28   c  0.50000000   0.50000000   0.23670318   1   0.0   0.0   0.0 
  160    28   c  0.50000000   0.50000000   0.76329682   2   1.0   1.0   1.0 
x 161    29   c  0.76475220   0.76475220   0.50000000   1   0.0   0.0   0.0 
  162    29   c  0.23524780   0.23524780   0.50000000   2   1.0   1.0   1.0 
  163    29   c  0.23524780   0.76475220   0.50000000   3   1.0   0.0   0.0 
  164    29   c  0.76475220   0.23524780   0.50000000   4   0.0   1.0   1.0 
x 165    30   c  0.50000000   0.91095351   0.50000000   1   0.0   0.0   0.0 
  166    30   c  0.50000000   0.08904649   0.50000000   2   1.0   1.0   1.0 
  167    30   c  0.08904649   0.50000000   0.50000000   3   1.0   0.0   0.0 
  168    30   c  0.91095351   0.50000000   0.50000000   4   0.0   1.0   1.0 
x 169    31   c  0.70329048   0.29670952   0.71002918   1   0.0   0.0   0.0 
  170    31   c  0.29670952   0.70329048   0.28997082   2   1.0   1.0   1.0 
  171    31   c  0.70329048   0.70329048   0.71002918   3   1.0   0.0   0.0 
  172    31   c  0.29670952   0.29670952   0.28997082   4   0.0   1.0   1.0 
  173    31   c  0.29670952   0.70329048   0.71002918   5   1.0   1.0   0.0 
  174    31   c  0.70329048   0.29670952   0.28997082   6   0.0   0.0   1.0 
  175    31   c  0.29670952   0.29670952   0.71002918   7   0.0   1.0   0.0 
  176    31   c  0.70329048   0.70329048   0.28997082   8   1.0   0.0   1.0 
x 177    32   c  0.00000000   0.31202552   0.86832511   1   0.0   0.0   0.0 
  178    32   c  0.00000000   0.68797448   0.13167489   2   0.0   1.0   1.0 
  179    32   c  0.68797448   0.00000000   0.86832511   3   1.0   0.0   0.0 
  180    32   c  0.31202552   0.00000000   0.13167489   4   0.0   0.0   1.0 
  181    32   c  0.00000000   0.68797448   0.86832511   5   0.0   1.0   0.0 
  182    32   c  0.00000000   0.31202552   0.13167489   6   0.0   0.0   1.0 
  183    32   c  0.31202552   0.00000000   0.86832511   7   0.0   0.0   0.0 
  184    32   c  0.68797448   0.00000000   0.13167489   8   1.0   0.0   1.0 
x 185    33   c  0.25679142   0.25679142   0.00000000   1   0.0   0.0   0.0 
  186    33   c  0.74320858   0.74320858   0.00000000   2   1.0   1.0   0.0 
  187    33   c  0.74320858   0.25679142   0.00000000   3   1.0   0.0   0.0 
  188    33   c  0.25679142   0.74320858   0.00000000   4   0.0   1.0   0.0 
x 189    34   c  0.00000000   0.00000000   0.25581388   1   0.0   0.0   0.0 
  190    34   c  0.00000000   0.00000000   0.74418612   2   0.0   0.0   1.0 
x 191    35   c  0.80162911   0.80162911   0.18831588   1   0.0   0.0   0.0 
  192    35   c  0.19837089   0.19837089   0.81168412   2   1.0   1.0   1.0 
  193    35   c  0.19837089   0.80162911   0.18831588   3   1.0   0.0   0.0 
  194    35   c  0.80162911   0.19837089   0.81168412   4   0.0   1.0   1.0 
  195    35   c  0.19837089   0.19837089   0.18831588   5   1.0   1.0   0.0 
  196    35   c  0.80162911   0.80162911   0.81168412   6   0.0   0.0   1.0 
  197    35   c  0.80162911   0.19837089   0.18831588   7   0.0   1.0   0.0 
  198    35   c  0.19837089   0.80162911   0.81168412   8   1.0   0.0   1.0 
x 199    36   c  0.38537391   0.00000000   0.00000000   1   0.0   0.0   0.0 
  200    36   c  0.61462609   1.00000000   1.00000000   2   1.0   1.0   1.0 
  201    36   c  1.00000000   0.38537391   0.00000000   3   1.0   0.0   0.0 
  202    36   c  0.00000000   0.61462609   1.00000000   4   0.0   1.0   1.0 
x 203    37   c  0.50000000   0.50000000   1.00000000   1   0.0   0.0   0.0 
x 204    38   c  0.00000000   0.00000000   0.50000000   1   0.0   0.0   0.0 
 
* Complete CP list, bcp and rcp connectivity table
# (cp(end)+lvec connected to bcp/rcp)
#cp  ncp   typ        position (cryst. coords.)            end1 (lvec)      end2 (lvec)
1      1    n   0.00000000    0.00000000    0.99999700 
2      2    n   0.50000000    0.50000000    0.49999900 
3      3    n   0.25640000    0.50000000    0.11580000 
4      3    n   0.74360000    0.50000000    0.88420000 
5      3    n   0.50000000    0.25640000    0.11580000 
6      3    n   0.50000000    0.74360000    0.88420000 
7      3    n   0.74360000    0.50000000    0.11580000 
8      3    n   0.25640000    0.50000000    0.88420000 
9      3    n   0.50000000    0.74360000    0.11580000 
10     3    n   0.50000000    0.25640000    0.88420000 
11     4    n   0.00000000    0.50000000    0.75829800 
12     4    n   0.00000000    0.50000000    0.24170200 
13     4    n   0.50000000    0.00000000    0.75829800 
14     4    n   0.50000000    0.00000000    0.24170200 
15     5    n   0.23730000    0.00000000    0.37319900 
16     5    n   0.76270000    0.00000000    0.62680100 
17     5    n   0.00000000    0.23730000    0.37319900 
18     5    n   0.00000000    0.76270000    0.62680100 
19     5    n   0.76270000    0.00000000    0.37319900 
20     5    n   0.23730000    0.00000000    0.62680100 
21     5    n   0.00000000    0.76270000    0.37319900 
22     5    n   0.00000000    0.23730000    0.62680100 
23     6    b   0.87909638    0.50000000    0.81656227   11  ( 1  0  0 )  4   ( 0  0  0 )
24     6    b   0.12090362    0.50000000    0.18343773   12  ( 0  0  0 )  3   ( 0  0  0 )
25     6    b   0.50000000    0.87909638    0.81656227   13  ( 0  1  0 )  6   ( 0  0  0 )
26     6    b   0.50000000    0.12090362    0.18343773   14  ( 0  0  0 )  5   ( 0  0  0 )
27     6    b   0.12090362    0.50000000    0.81656227   11  ( 0  0  0 )  8   ( 0  0  0 )
28     6    b   0.87909638    0.50000000    0.18343773   12  ( 1  0  0 )  7   ( 0  0  0 )
29     6    b   0.50000000    0.12090362    0.81656227   13  ( 0  0  0 )  10  ( 0  0  0 )
30     6    b   0.50000000    0.87909638    0.18343773   14  ( 0  1  0 )  9   ( 0  0  0 )
31     7    b   0.62339214    0.00000000    0.69662374   16  ( 0  0  0 )  13  ( 0  0  0 )
32     7    b   0.37660786    0.00000000    0.30337626   15  ( 0  0  0 )  14  ( 0  0  0 )
33     7    b   0.00000000    0.62339214    0.69662374   18  ( 0  0  0 )  11  ( 0  0  0 )
34     7    b   0.00000000    0.37660786    0.30337626   17  ( 0  0  0 )  12  ( 0  0  0 )
35     7    b   0.37660786    0.00000000    0.69662374   20  ( 0  0  0 )  13  ( 0  0  0 )
36     7    b   0.62339214    0.00000000    0.30337626   19  ( 0  0  0 )  14  ( 0  0  0 )
37     7    b   0.00000000    0.37660786    0.69662374   22  ( 0  0  0 )  11  ( 0  0  0 )
38     7    b   0.00000000    0.62339214    0.30337626   21  ( 0  0  0 )  12  ( 0  0  0 )
39     8    b   0.23393684    0.50000000    0.00000000   3   ( 0  0  0 )  8   ( 0  0 -1 )
40     8    b   0.76606316    0.50000000    0.00000000   4   ( 0  0 -1 )  7   ( 0  0  0 )
41     8    b   0.50000000    0.23393684    0.00000000   5   ( 0  0  0 )  10  ( 0  0 -1 )
42     8    b   0.50000000    0.76606316    0.00000000   6   ( 0  0 -1 )  9   ( 0  0  0 )
43     9    b   0.86930750    0.86930750    0.36329253   21  ( 1  0  0 )  19  ( 0  1  0 )
44     9    b   0.13069250    0.13069250    0.63670747   22  ( 0  0  0 )  20  ( 0  0  0 )
45     9    b   0.13069250    0.86930750    0.36329253   15  ( 0  1  0 )  21  ( 0  0  0 )
46     9    b   0.86930750    0.13069250    0.63670747   16  ( 0  0  0 )  22  ( 1  0  0 )
47     9    b   0.13069250    0.13069250    0.36329253   17  ( 0  0  0 )  15  ( 0  0  0 )
48     9    b   0.86930750    0.86930750    0.63670747   18  ( 1  0  0 )  16  ( 0  1  0 )
49     9    b   0.86930750    0.13069250    0.36329253   19  ( 0  0  0 )  17  ( 1  0  0 )
50     9    b   0.13069250    0.86930750    0.63670747   20  ( 0  1  0 )  18  ( 0  0  0 )
51     10   b   0.36882807    0.36882807    0.86937560   10  ( 0  0  0 )  8   ( 0  0  0 )
52     10   b   0.63117193    0.63117193    0.13062440   9   ( 0  0  0 )  7   ( 0  0  0 )
53     10   b   0.63117193    0.36882807    0.86937560   4   ( 0  0  0 )  10  ( 0  0  0 )
54     10   b   0.36882807    0.63117193    0.13062440   3   ( 0  0  0 )  9   ( 0  0  0 )
55     10   b   0.63117193    0.63117193    0.86937560   6   ( 0  0  0 )  4   ( 0  0  0 )
56     10   b   0.36882807    0.36882807    0.13062440   5   ( 0  0  0 )  3   ( 0  0  0 )
57     10   b   0.36882807    0.63117193    0.86937560   8   ( 0  0  0 )  6   ( 0  0  0 )
58     10   b   0.63117193    0.36882807    0.13062440   7   ( 0  0  0 )  5   ( 0  0  0 )
59     11   b   0.73188116    1.00000000    0.50000000   16  ( 0  1  0 )  19  ( 0  1  0 )
60     11   b   0.26811884    0.00000000    0.50000000   15  ( 0  0  0 )  20  ( 0  0  0 )
61     11   b   0.00000000    0.73188116    0.50000000   18  ( 0  0  0 )  21  ( 0  0  0 )
62     11   b   1.00000000    0.26811884    0.50000000   17  ( 1  0  0 )  22  ( 1  0  0 )
63     12   b   0.66124161    0.50000000    0.72748543   4   ( 0  0  0 )  2   ( 0  0  0 )
64     12   b   0.33875839    0.50000000    0.27251457   3   ( 0  0  0 )  2   ( 0  0  0 )
65     12   b   0.50000000    0.66124161    0.72748543   6   ( 0  0  0 )  2   ( 0  0  0 )
66     12   b   0.50000000    0.33875839    0.27251457   5   ( 0  0  0 )  2   ( 0  0  0 )
67     12   b   0.33875839    0.50000000    0.72748543   8   ( 0  0  0 )  2   ( 0  0  0 )
68     12   b   0.66124161    0.50000000    0.27251457   7   ( 0  0  0 )  2   ( 0  0  0 )
69     12   b   0.50000000    0.33875839    0.72748543   10  ( 0  0  0 )  2   ( 0  0  0 )
70     12   b   0.50000000    0.66124161    0.27251457   9   ( 0  0  0 )  2   ( 0  0  0 )
71     13   b   0.84575762    1.00000000    0.22260085   19  ( 0  1  0 )  1   ( 1  1 -1 )
72     13   b   0.15424238    0.00000000    0.77739915   20  ( 0  0  0 )  1   ( 0  0  0 )
73     13   b   0.00000000    0.84575762    0.22260085   21  ( 0  0  0 )  1   ( 0  1 -1 )
74     13   b   1.00000000    0.15424238    0.77739915   22  ( 1  0  0 )  1   ( 1  0  0 )
75     13   b   0.15424238    0.00000000    0.22260085   15  ( 0  0  0 )  1   ( 0  0 -1 )
76     13   b   0.84575762    1.00000000    0.77739915   16  ( 0  1  0 )  1   ( 1  1  0 )
77     13   b   1.00000000    0.15424238    0.22260085   17  ( 1  0  0 )  1   ( 1  0 -1 )
78     13   b   0.00000000    0.84575762    0.77739915   18  ( 0  0  0 )  1   ( 0  1  0 )
79     14   r   0.64179963    0.35820037    1.00000000  187  ( 0  0  1 ) 203  ( 0  0  0 )
80     14   r   0.35820037    0.64179963    0.00000000  188  ( 0  0  0 ) 203  ( 0  0 -1 )
81     14   r   0.64179963    0.64179963    1.00000000  186  ( 0  0  1 ) 203  ( 0  0  0 )
82     14   r   0.35820037    0.35820037    0.00000000  185  ( 0  0  0 ) 203  ( 0  0 -1 )
83     15   r   0.00000000    0.00000000    0.35774756  204  ( 0  0  0 ) 189  ( 0  0  0 )
84     15   r   0.00000000    0.00000000    0.64225244  204  ( 0  0  0 ) 190  ( 0  0  0 )
85     16   r   0.50000000    0.50000000    0.85881363  203  ( 0  0  0 ) 160  ( 0  0  0 )
86     16   r   0.50000000    0.50000000    0.14118637  203  ( 0  0 -1 ) 159  ( 0  0  0 )
87     17   r   0.86006002    0.86006002    0.50000000  161  ( 0  0  0 ) 204  ( 1  1  0 )
88     17   r   0.13993998    0.13993998    0.50000000  162  ( 0  0  0 ) 204  ( 0  0  0 )
89     17   r   0.13993998    0.86006002    0.50000000  163  ( 0  0  0 ) 204  ( 0  1  0 )
90     17   r   0.86006002    0.13993998    0.50000000  164  ( 0  0  0 ) 204  ( 1  0  0 )
91     18   r   0.73502404    0.73502404    0.39535014  161  ( 0  0  0 ) 176  ( 0  0  0 )
92     18   r   0.26497596    0.26497596    0.60464986  162  ( 0  0  0 ) 175  ( 0  0  0 )
93     18   r   0.26497596    0.73502404    0.39535014  163  ( 0  0  0 ) 170  ( 0  0  0 )
94     18   r   0.73502404    0.26497596    0.60464986  164  ( 0  0  0 ) 169  ( 0  0  0 )
95     18   r   0.26497596    0.26497596    0.39535014  162  ( 0  0  0 ) 172  ( 0  0  0 )
96     18   r   0.73502404    0.73502404    0.60464986  161  ( 0  0  0 ) 171  ( 0  0  0 )
97     18   r   0.73502404    0.26497596    0.39535014  164  ( 0  0  0 ) 174  ( 0  0  0 )
98     18   r   0.26497596    0.73502404    0.60464986  163  ( 0  0  0 ) 173  ( 0  0  0 )
99     19   r   0.59638679    0.59638679    0.73985247  160  ( 0  0  0 ) 171  ( 0  0  0 )
100    19   r   0.40361321    0.40361321    0.26014753  159  ( 0  0  0 ) 172  ( 0  0  0 )
101    19   r   0.40361321    0.59638679    0.73985247  160  ( 0  0  0 ) 173  ( 0  0  0 )
102    19   r   0.59638679    0.40361321    0.26014753  159  ( 0  0  0 ) 174  ( 0  0  0 )
103    19   r   0.40361321    0.40361321    0.73985247  160  ( 0  0  0 ) 175  ( 0  0  0 )
104    19   r   0.59638679    0.59638679    0.26014753  159  ( 0  0  0 ) 176  ( 0  0  0 )
105    19   r   0.59638679    0.40361321    0.73985247  160  ( 0  0  0 ) 169  ( 0  0  0 )
106    19   r   0.40361321    0.59638679    0.26014753  159  ( 0  0  0 ) 170  ( 0  0  0 )
107    20   r   0.63251451    0.84241199    0.50000000  161  ( 0  0  0 ) 165  ( 0  0  0 )
108    20   r   0.36748549    0.15758801    0.50000000  162  ( 0  0  0 ) 166  ( 0  0  0 )
109    20   r   0.15758801    0.63251451    0.50000000  163  ( 0  0  0 ) 167  ( 0  0  0 )
110    20   r   0.84241199    0.36748549    0.50000000  164  ( 0  0  0 ) 168  ( 0  0  0 )
111    20   r   0.63251451    0.15758801    0.50000000  164  ( 0  0  0 ) 166  ( 0  0  0 )
112    20   r   0.36748549    0.84241199    0.50000000  163  ( 0  0  0 ) 165  ( 0  0  0 )
113    20   r   0.15758801    0.36748549    0.50000000  162  ( 0  0  0 ) 167  ( 0  0  0 )
114    20   r   0.84241199    0.63251451    0.50000000  161  ( 0  0  0 ) 168  ( 0  0  0 )
115    21   r   0.50000000    1.00000000    0.50000000  165  ( 0  0  0 ) 166  ( 0  1  0 )
116    21   r   0.00000000    0.50000000    0.50000000  167  ( 0  0  0 ) 168  (-1  0  0 )
117    22   r   0.74676814    0.74676814    0.24714014  176  ( 0  0  0 ) 191  ( 0  0  0 )
118    22   r   0.25323186    0.25323186    0.75285986  175  ( 0  0  0 ) 192  ( 0  0  0 )
119    22   r   0.25323186    0.74676814    0.24714014  170  ( 0  0  0 ) 193  ( 0  0  0 )
120    22   r   0.74676814    0.25323186    0.75285986  169  ( 0  0  0 ) 194  ( 0  0  0 )
121    22   r   0.25323186    0.25323186    0.24714014  172  ( 0  0  0 ) 195  ( 0  0  0 )
122    22   r   0.74676814    0.74676814    0.75285986  171  ( 0  0  0 ) 196  ( 0  0  0 )
123    22   r   0.74676814    0.25323186    0.24714014  174  ( 0  0  0 ) 197  ( 0  0  0 )
124    22   r   0.25323186    0.74676814    0.75285986  173  ( 0  0  0 ) 198  ( 0  0  0 )
125    23   r   0.50000000    0.00000000    0.00000000  199  ( 0  0  0 ) 200  ( 0 -1 -1 )
126    23   r   0.00000000    0.50000000    0.00000000  201  (-1  0  0 ) 202  ( 0  0 -1 )
127    24   r   0.90328742    0.90328742    0.23265136  191  ( 0  0  0 ) 189  ( 1  1  0 )
128    24   r   0.09671258    0.09671258    0.76734864  192  ( 0  0  0 ) 190  ( 0  0  0 )
129    24   r   0.09671258    0.90328742    0.23265136  193  ( 0  0  0 ) 189  ( 0  1  0 )
130    24   r   0.90328742    0.09671258    0.76734864  194  ( 0  0  0 ) 190  ( 1  0  0 )
131    24   r   0.09671258    0.09671258    0.23265136  195  ( 0  0  0 ) 189  ( 0  0  0 )
132    24   r   0.90328742    0.90328742    0.76734864  196  ( 0  0  0 ) 190  ( 1  1  0 )
133    24   r   0.90328742    0.09671258    0.23265136  197  ( 0  0  0 ) 189  ( 1  0  0 )
134    24   r   0.09671258    0.90328742    0.76734864  198  ( 0  0  0 ) 190  ( 0  1  0 )
135    25   r   0.14511799    0.32598864    0.00000000  185  ( 0  0  0 ) 201  (-1  0  0 )
136    25   r   0.85488201    0.67401136    1.00000000  186  ( 0  0  1 ) 202  ( 1  0  0 )
137    25   r   0.67401136    0.14511799    0.00000000  187  ( 0  0  0 ) 200  ( 0 -1 -1 )
138    25   r   0.32598864    0.85488201    1.00000000  188  ( 0  0  1 ) 199  ( 0  1  1 )
139    25   r   0.14511799    0.67401136    1.00000000  188  ( 0  0  1 ) 202  ( 0  0  0 )
140    25   r   0.85488201    0.32598864    0.00000000  187  ( 0  0  0 ) 201  ( 0  0  0 )
141    25   r   0.67401136    0.85488201    1.00000000  186  ( 0  0  1 ) 200  ( 0  0  0 )
142    25   r   0.32598864    0.14511799    0.00000000  185  ( 0  0  0 ) 199  ( 0  0  0 )
143    26   r   0.23733713    0.23733713    0.90877554  185  ( 0  0  1 ) 192  ( 0  0  0 )
144    26   r   0.76266287    0.76266287    0.09122446  186  ( 0  0  0 ) 191  ( 0  0  0 )
145    26   r   0.76266287    0.23733713    0.90877554  187  ( 0  0  1 ) 194  ( 0  0  0 )
146    26   r   0.23733713    0.76266287    0.09122446  188  ( 0  0  0 ) 193  ( 0  0  0 )
147    26   r   0.76266287    0.76266287    0.90877554  186  ( 0  0  1 ) 196  ( 0  0  0 )
148    26   r   0.23733713    0.23733713    0.09122446  185  ( 0  0  0 ) 195  ( 0  0  0 )
149    26   r   0.23733713    0.76266287    0.90877554  188  ( 0  0  1 ) 198  ( 0  0  0 )
150    26   r   0.76266287    0.23733713    0.09122446  187  ( 0  0  0 ) 197  ( 0  0  0 )
151    27   c   0.80227907    0.50000000    0.65772931 
152    27   c   0.19772093    0.50000000    0.34227069 
153    27   c   0.50000000    0.80227907    0.65772931 
154    27   c   0.50000000    0.19772093    0.34227069 
155    27   c   0.19772093    0.50000000    0.65772931 
156    27   c   0.80227907    0.50000000    0.34227069 
157    27   c   0.50000000    0.19772093    0.65772931 
158    27   c   0.50000000    0.80227907    0.34227069 
159    28   c   0.50000000    0.50000000    0.23670318 
160    28   c   0.50000000    0.50000000    0.76329682 
161    29   c   0.76475220    0.76475220    0.50000000 
162    29   c   0.23524780    0.23524780    0.50000000 
163    29   c   0.23524780    0.76475220    0.50000000 
164    29   c   0.76475220    0.23524780    0.50000000 
165    30   c   0.50000000    0.91095351    0.50000000 
166    30   c   0.50000000    0.08904649    0.50000000 
167    30   c   0.08904649    0.50000000    0.50000000 
168    30   c   0.91095351    0.50000000    0.50000000 
169    31   c   0.70329048    0.29670952    0.71002918 
170    31   c   0.29670952    0.70329048    0.28997082 
171    31   c   0.70329048    0.70329048    0.71002918 
172    31   c   0.29670952    0.29670952    0.28997082 
173    31   c   0.29670952    0.70329048    0.71002918 
174    31   c   0.70329048    0.29670952    0.28997082 
175    31   c   0.29670952    0.29670952    0.71002918 
176    31   c   0.70329048    0.70329048    0.28997082 
177    32   c   0.00000000    0.31202552    0.86832511 
178    32   c   0.00000000    0.68797448    0.13167489 
179    32   c   0.68797448    0.00000000    0.86832511 
180    32   c   0.31202552    0.00000000    0.13167489 
181    32   c   0.00000000    0.68797448    0.86832511 
182    32   c   0.00000000    0.31202552    0.13167489 
183    32   c   0.31202552    0.00000000    0.86832511 
184    32   c   0.68797448    0.00000000    0.13167489 
185    33   c   0.25679142    0.25679142    0.00000000 
186    33   c   0.74320858    0.74320858    0.00000000 
187    33   c   0.74320858    0.25679142    0.00000000 
188    33   c   0.25679142    0.74320858    0.00000000 
189    34   c   0.00000000    0.00000000    0.25581388 
190    34   c   0.00000000    0.00000000    0.74418612 
191    35   c   0.80162911    0.80162911    0.18831588 
192    35   c   0.19837089    0.19837089    0.81168412 
193    35   c   0.19837089    0.80162911    0.18831588 
194    35   c   0.80162911    0.19837089    0.81168412 
195    35   c   0.19837089    0.19837089    0.18831588 
196    35   c   0.80162911    0.80162911    0.81168412 
197    35   c   0.80162911    0.19837089    0.18831588 
198    35   c   0.19837089    0.80162911    0.81168412 
199    36   c   0.38537391    0.00000000    0.00000000 
200    36   c   0.61462609    1.00000000    1.00000000 
201    36   c   1.00000000    0.38537391    0.00000000 
202    36   c   0.00000000    0.61462609    1.00000000 
203    37   c   0.50000000    0.50000000    1.00000000 
204    38   c   0.00000000    0.00000000    0.50000000 
 
* Attractor connectivity matrix
  to be read: each cp in a row i connects to mij cps in column j
              n(1)  n(2)  n(3)  n(4)  n(5) 
               Ca    Y     H     H     H   
 n(1)    Ca     0     0     0     0     8   
 n(2)    Y      0     0     8     0     0   
 n(3)    H      0     1     3     1     0   
 n(4)    H      0     0     2     0     2   
 n(5)    H      1     0     0     1     3   
 
* Additional properties at the critical points
+ Critical point no. 1
  Crystallographic coordinates: 0.0000000000 0.0000000000 0.9999970000
  Cartesian coordinates (bohr): 0.0000000000 0.0000000000 7.9113336185
  Type : nucleus
  Field value (f): 6.985500000E-01
  Field value, valence (fval): 6.985500000E-01
  Gradient (grad f): 0.000000000E+00  0.000000000E+00  0.000000000E+00
  Gradient norm (|grad f|): 0.000000000E+00
  Laplacian (del2 f): -3.727254145E-01
  Laplacian, valence (del2 fval): -3.727254145E-01
  Hessian:
    -1.219664432E-01   0.000000000E+00   0.000000000E+00
     0.000000000E+00  -1.219664432E-01   0.000000000E+00
     0.000000000E+00   0.000000000E+00  -1.287925280E-01
  Hessian eigenvalues: -1.287925280E-01  -1.219664432E-01  -1.219664432E-01
  Field 0 (f,|grad|,lap): 0.000000000E+00  0.000000000E+00  0.000000000E+00
+ Critical point no. 2
  Crystallographic coordinates: 0.5000000000 0.5000000000 0.4999990000
  Cartesian coordinates (bohr): 2.8003851563 2.8003851563 3.9556707649
  Type : nucleus
  Field value (f): 8.417800000E-01
  Field value, valence (fval): 8.417800000E-01
  Gradient (grad f): 0.000000000E+00  0.000000000E+00  0.000000000E+00
  Gradient norm (|grad f|): 0.000000000E+00
  Laplacian (del2 f): -5.293025407E-01
  Laplacian, valence (del2 fval): -5.293025407E-01
  Hessian:
    -1.782009715E-01   0.000000000E+00   0.000000000E+00
     0.000000000E+00  -1.782009715E-01   0.000000000E+00
     0.000000000E+00   0.000000000E+00  -1.729005978E-01
  Hessian eigenvalues: -1.782009715E-01  -1.782009715E-01  -1.729005978E-01
  Field 0 (f,|grad|,lap): 0.000000000E+00  0.000000000E+00  0.000000000E+00
+ Critical point no. 3
  Crystallographic coordinates: 0.2564000000 0.5000000000 0.1158000000
  Cartesian coordinates (bohr): 1.4360375082 2.8003851563 0.9161351814
  Type : nucleus
  Field value (f): 9.533907548E-01
  Field value, valence (fval): 9.533907548E-01
  Gradient (grad f): 0.000000000E+00  0.000000000E+00  0.000000000E+00
  Gradient norm (|grad f|): 0.000000000E+00
  Laplacian (del2 f): -1.006618889E+00
  Laplacian, valence (del2 fval): -1.006618889E+00
  Hessian:
    -3.488772863E-01   0.000000000E+00   3.379150410E-02
     0.000000000E+00  -2.126232700E-01   0.000000000E+00
     3.379150410E-02   0.000000000E+00  -4.451183328E-01
  Hessian eigenvalues: -4.557978989E-01  -3.381977202E-01  -2.126232700E-01
  Field 0 (f,|grad|,lap): 0.000000000E+00  0.000000000E+00  0.000000000E+00
+ Critical point no. 4
  Crystallographic coordinates: 0.0000000000 0.5000000000 0.7582980000
  Cartesian coordinates (bohr): 0.0000000000 2.8003851563 5.9991664578
  Type : nucleus
  Field value (f): 9.168169405E-01
  Field value, valence (fval): 9.168169405E-01
  Gradient (grad f): 0.000000000E+00  0.000000000E+00  0.000000000E+00
  Gradient norm (|grad f|): 0.000000000E+00
  Laplacian (del2 f): -1.538025587E+00
  Laplacian, valence (del2 fval): -1.538025587E+00
  Hessian:
    -4.359528230E-01   0.000000000E+00   0.000000000E+00
     0.000000000E+00  -4.305207950E-01   0.000000000E+00
     0.000000000E+00   0.000000000E+00  -6.715519693E-01
  Hessian eigenvalues: -6.715519693E-01  -4.359528230E-01  -4.305207950E-01
  Field 0 (f,|grad|,lap): 0.000000000E+00  0.000000000E+00  0.000000000E+00
+ Critical point no. 5
  Crystallographic coordinates: 0.2373000000 0.0000000000 0.3731990000
  Cartesian coordinates (bohr): 1.3290627952 0.0000000000 2.9525106526
  Type : nucleus
  Field value (f): 9.555668016E-01
  Field value, valence (fval): 9.555668016E-01
  Gradient (grad f): 0.000000000E+00  0.000000000E+00  0.000000000E+00
  Gradient norm (|grad f|): 0.000000000E+00
  Laplacian (del2 f): -1.194514747E+00
  Laplacian, valence (del2 fval): -1.194514747E+00
  Hessian:
    -4.797577182E-01   0.000000000E+00   2.049635980E-02
     0.000000000E+00  -2.013674941E-01   0.000000000E+00
     2.049635980E-02   0.000000000E+00  -5.133895350E-01
  Hessian eigenvalues: -5.230854266E-01  -4.700618266E-01  -2.013674941E-01
  Field 0 (f,|grad|,lap): 0.000000000E+00  0.000000000E+00  0.000000000E+00
+ Critical point no. 6
  Crystallographic coordinates: 0.8790963788 0.5000000000 0.8165622748
  Cartesian coordinates (bohr): 4.9236169001 2.8003851563 6.4601159570
  Type : (3,-1)
  Field value (f): 7.172641011E-01
  Field value, valence (fval): 7.172641011E-01
  Gradient (grad f): 7.284836527E-16  0.000000000E+00  -1.376467543E-15
  Gradient norm (|grad f|): 1.557353952E-15
  Laplacian (del2 f): 5.657946433E-01
  Laplacian, valence (del2 fval): 5.657946433E-01
  Hessian:
     1.355046997E+00   0.000000000E+00  -2.083511696E+00
     0.000000000E+00  -9.145826067E-01   0.000000000E+00
    -2.083511696E+00   0.000000000E+00   1.253302526E-01
  Hessian eigenvalues: -1.432153845E+00  -9.145826067E-01  2.912531095E+00
  Ellipticity (l_1/l_2 - 1): 5.659097760E-01
  Field 0 (f,|grad|,lap): 0.000000000E+00  0.000000000E+00  0.000000000E+00
+ Critical point no. 7
  Crystallographic coordinates: 0.6233921429 0.0000000000 0.6966237449
  Cartesian coordinates (bohr): 3.4914762074 0.0000000000 5.5112393858
  Type : (3,-1)
  Field value (f): 6.800232212E-01
  Field value, valence (fval): 6.800232212E-01
  Gradient (grad f): -2.342855462E-14  0.000000000E+00  -1.535624687E-13
  Gradient norm (|grad f|): 1.553393992E-13
  Laplacian (del2 f): 1.332703787E+00
  Laplacian, valence (del2 fval): 1.332703787E+00
  Hessian:
     1.499076870E+00   0.000000000E+00  -2.101001029E+00
     0.000000000E+00  -9.459617080E-01   0.000000000E+00
    -2.101001029E+00   0.000000000E+00   7.795886248E-01
  Hessian eigenvalues: -9.922444049E-01  -9.459617080E-01  3.270909900E+00
  Ellipticity (l_1/l_2 - 1): 4.892660710E-02
  Field 0 (f,|grad|,lap): 0.000000000E+00  0.000000000E+00  0.000000000E+00
+ Critical point no. 8
  Crystallographic coordinates: 0.2339368364 0.5000000000 0.0000000000
  Cartesian coordinates (bohr): 1.3102264885 2.8003851563 0.0000000000
  Type : (3,-1)
  Field value (f): 6.490113062E-01
  Field value, valence (fval): 6.490113062E-01
  Gradient (grad f): -2.699129498E-14  3.122072797E-16  0.000000000E+00
  Gradient norm (|grad f|): 2.699310057E-14
  Laplacian (del2 f): 3.750740127E+00
  Laplacian, valence (del2 fval): 3.750740127E+00
  Hessian:
    -1.166398527E+00  -3.198600578E-14   0.000000000E+00
    -3.198600578E-14  -1.005575593E+00   0.000000000E+00
     0.000000000E+00   0.000000000E+00   5.922714247E+00
  Hessian eigenvalues: -1.166398527E+00  -1.005575593E+00  5.922714247E+00
  Ellipticity (l_1/l_2 - 1): 1.599312229E-01
  Field 0 (f,|grad|,lap): 0.000000000E+00  0.000000000E+00  0.000000000E+00
+ Critical point no. 9
  Crystallographic coordinates: 0.8693074974 0.8693074974 0.3632925288
  Cartesian coordinates (bohr): 4.8687916238 4.8687916238 2.8741370188
  Type : (3,-1)
  Field value (f): 6.288327141E-01
  Field value, valence (fval): 6.288327141E-01
  Gradient (grad f): -3.973934561E-13  -3.973757725E-13  -5.404435863E-14
  Gradient norm (|grad f|): 5.645793622E-13
  Laplacian (del2 f): 1.226458476E+00
  Laplacian, valence (del2 fval): 1.226458476E+00
  Hessian:
     1.172860425E+00  -2.785347099E+00   1.754032052E-02
    -2.785347099E+00   1.172860425E+00   1.754032052E-02
     1.754032052E-02   1.754032052E-02  -1.119262373E+00
  Hessian eigenvalues: -1.613731092E+00  -1.118017955E+00  3.958207523E+00
  Ellipticity (l_1/l_2 - 1): 4.433856666E-01
  Field 0 (f,|grad|,lap): 0.000000000E+00  0.000000000E+00  0.000000000E+00
+ Critical point no. 10
  Crystallographic coordinates: 0.3688280676 0.3688280676 0.8693756042
  Cartesian coordinates (bohr): 2.0657212915 2.0657212915 6.8779410782
  Type : (3,-1)
  Field value (f): 5.909177812E-01
  Field value, valence (fval): 5.909177812E-01
  Gradient (grad f): 1.500058414E-16  1.309671597E-16  1.105120895E-15
  Gradient norm (|grad f|): 1.122918671E-15
  Laplacian (del2 f): 1.457692598E+00
  Laplacian, valence (del2 fval): 1.457692598E+00
  Hessian:
     1.312151915E+00  -2.793893671E+00  -6.284305665E-03
    -2.793893671E+00   1.312151915E+00  -6.284305665E-03
    -6.284305665E-03  -6.284305665E-03  -1.166611232E+00
  Hessian eigenvalues: -1.481992199E+00  -1.166360789E+00  4.106045586E+00
  Ellipticity (l_1/l_2 - 1): 2.706121583E-01
  Field 0 (f,|grad|,lap): 0.000000000E+00  0.000000000E+00  0.000000000E+00
+ Critical point no. 11
  Crystallographic coordinates: 0.7318811578 1.0000000000 0.5000000000
  Cartesian coordinates (bohr): 4.0990982612 5.6007703126 3.9556786763
  Type : (3,-1)
  Field value (f): 5.506098491E-01
  Field value, valence (fval): 5.506098491E-01
  Gradient (grad f): -7.154750161E-17  -3.468969775E-17  0.000000000E+00
  Gradient norm (|grad f|): 7.951364736E-17
  Laplacian (del2 f): 3.980572384E+00
  Laplacian, valence (del2 fval): 3.980572384E+00
  Hessian:
    -1.023028879E+00  -3.347095420E-14   0.000000000E+00
    -3.347095420E-14  -1.100208280E+00  -2.891653084E-31
     0.000000000E+00  -2.891653084E-31   6.103809543E+00
  Hessian eigenvalues: -1.100208280E+00  -1.023028879E+00  6.103809543E+00
  Ellipticity (l_1/l_2 - 1): 7.544205562E-02
  Field 0 (f,|grad|,lap): 0.000000000E+00  0.000000000E+00  0.000000000E+00
+ Critical point no. 12
  Crystallographic coordinates: 0.6612416072 0.5000000000 0.7274854347
  Cartesian coordinates (bohr): 3.7034623630 2.8003851563 5.7553972424
  Type : (3,-1)
  Field value (f): 2.172326730E-01
  Field value, valence (fval): 2.172326730E-01
  Gradient (grad f): 7.246157514E-13  -5.824919338E-14  4.801118792E-13
  Gradient norm (|grad f|): 8.711879087E-13
  Laplacian (del2 f): 1.371141380E+00
  Laplacian, valence (del2 fval): 1.371141380E+00
  Hessian:
     1.892865043E-01  -1.032369483E-13   8.487527796E-01
    -1.032369483E-13  -1.561279556E-01   6.080707196E-14
     8.487527796E-01   6.080707196E-14   1.337982831E+00
  Hessian eigenvalues: -2.611858500E-01  -1.561279556E-01  1.788455186E+00
  Ellipticity (l_1/l_2 - 1): 6.728961129E-01
  Field 0 (f,|grad|,lap): 0.000000000E+00  0.000000000E+00  0.000000000E+00
+ Critical point no. 13
  Crystallographic coordinates: 0.8457576223 1.0000000000 0.2226008466
  Cartesian coordinates (bohr): 4.7368941829 5.6007703126 1.7610748442
  Type : (3,-1)
  Field value (f): 1.776976997E-01
  Field value, valence (fval): 1.776976997E-01
  Gradient (grad f): -4.556220786E-14  8.219156157E-16  3.244615214E-14
  Gradient norm (|grad f|): 5.594053199E-14
  Laplacian (del2 f): 2.173441184E+00
  Laplacian, valence (del2 fval): 2.173441184E+00
  Hessian:
     2.699519138E-01  -2.571677250E-14  -1.344617348E+00
    -2.571677250E-14  -1.494517732E-01  -7.882536096E-15
    -1.344617348E+00  -7.882536096E-15   2.052941043E+00
  Hessian eigenvalues: -4.518601788E-01  -1.494517732E-01  2.774753136E+00
  Ellipticity (l_1/l_2 - 1): 2.023451440E+00
  Field 0 (f,|grad|,lap): 0.000000000E+00  0.000000000E+00  0.000000000E+00
+ Critical point no. 14
  Crystallographic coordinates: 0.6417996252 0.3582003748 1.0000000000
  Cartesian coordinates (bohr): 3.5945722872 2.0061980254 7.9113573526
  Type : (3,1)
  Field value (f): 2.993891162E-01
  Field value, valence (fval): 2.993891162E-01
  Gradient (grad f): 1.077115115E-13  -7.117892357E-14  4.104734753E-16
  Gradient norm (|grad f|): 1.291060702E-13
  Laplacian (del2 f): 2.601140285E+00
  Laplacian, valence (del2 fval): 2.601140285E+00
  Hessian:
     4.196546271E-01   1.254986779E+00   6.634746298E-14
     1.254986779E+00   4.196546271E-01   5.584039263E-15
     6.634746298E-14   5.584039263E-15   1.761831031E+00
  Hessian eigenvalues: -8.353321524E-01  1.674641407E+00  1.761831031E+00
  Field 0 (f,|grad|,lap): 0.000000000E+00  0.000000000E+00  0.000000000E+00
+ Critical point no. 15
  Crystallographic coordinates: 0.0000000000 0.0000000000 0.3577475620
  Cartesian coordinates (bohr): 0.0000000000 0.0000000000 2.8302688047
  Type : (3,1)
  Field value (f): 2.950210071E-01
  Field value, valence (fval): 2.950210071E-01
  Gradient (grad f): 0.000000000E+00  0.000000000E+00  -4.104734753E-16
  Gradient norm (|grad f|): 4.104734753E-16
  Laplacian (del2 f): 1.948107889E+00
  Laplacian, valence (del2 fval): 1.948107889E+00
  Hessian:
     1.371988477E+00   0.000000000E+00   0.000000000E+00
     0.000000000E+00   1.371988477E+00   0.000000000E+00
     0.000000000E+00   0.000000000E+00  -7.958690647E-01
  Hessian eigenvalues: -7.958690647E-01  1.371988477E+00  1.371988477E+00
  Field 0 (f,|grad|,lap): 0.000000000E+00  0.000000000E+00  0.000000000E+00
+ Critical point no. 16
  Crystallographic coordinates: 0.5000000000 0.5000000000 0.8588136283
  Cartesian coordinates (bohr): 2.8003851563 2.8003851563 6.7943815131
  Type : (3,1)
  Field value (f): 2.805738367E-01
  Field value, valence (fval): 2.805738367E-01
  Gradient (grad f): 0.000000000E+00  0.000000000E+00  1.262995309E-16
  Gradient norm (|grad f|): 1.262995309E-16
  Laplacian (del2 f): 1.344359864E+00
  Laplacian, valence (del2 fval): 1.344359864E+00
  Hessian:
     1.130296510E+00   0.000000000E+00   0.000000000E+00
     0.000000000E+00   1.130296510E+00   0.000000000E+00
     0.000000000E+00   0.000000000E+00  -9.162331554E-01
  Hessian eigenvalues: -9.162331554E-01  1.130296510E+00  1.130296510E+00
  Field 0 (f,|grad|,lap): 0.000000000E+00  0.000000000E+00  0.000000000E+00
+ Critical point no. 17
  Crystallographic coordinates: 0.8600600222 0.8600600222 0.5000000000
  Cartesian coordinates (bohr): 4.8169986393 4.8169986393 3.9556786763
  Type : (3,1)
  Field value (f): 2.683926009E-01
  Field value, valence (fval): 2.683926009E-01
  Gradient (grad f): 8.672424437E-17  8.889235048E-17  -3.788985926E-16
  Gradient norm (|grad f|): 3.987318498E-16
  Laplacian (del2 f): 2.262205874E+00
  Laplacian, valence (del2 fval): 2.262205874E+00
  Hessian:
     2.270629807E-01  -1.000109076E+00   3.157054001E-15
    -1.000109076E+00   2.270629807E-01   3.157054001E-15
     3.157054001E-15   3.157054001E-15   1.808079913E+00
  Hessian eigenvalues: -7.730460948E-01  1.227172056E+00  1.808079913E+00
  Field 0 (f,|grad|,lap): 0.000000000E+00  0.000000000E+00  0.000000000E+00
+ Critical point no. 18
  Crystallographic coordinates: 0.7350240373 0.7350240373 0.3953501401
  Cartesian coordinates (bohr): 4.1167008074 4.1167008074 3.1277562380
  Type : (3,1)
  Field value (f): 2.088058996E-01
  Field value, valence (fval): 2.088058996E-01
  Gradient (grad f): 2.107399138E-15  -5.485308457E-16  2.396730941E-15
  Gradient norm (|grad f|): 3.238261327E-15
  Laplacian (del2 f): 1.797558333E+00
  Laplacian, valence (del2 fval): 1.797558333E+00
  Hessian:
     9.478450105E-01   7.134054493E-01  -3.912839749E-01
     7.134054493E-01   9.478450105E-01  -3.912839749E-01
    -3.912839749E-01  -3.912839749E-01  -9.813168760E-02
  Hessian eigenvalues: -2.577012564E-01  2.344395612E-01  1.820820029E+00
  Field 0 (f,|grad|,lap): 0.000000000E+00  0.000000000E+00  0.000000000E+00
+ Critical point no. 19
  Crystallographic coordinates: 0.5963867947 0.5963867947 0.7398524708
  Cartesian coordinates (bohr): 3.3402254543 3.3402254543 5.8532372850
  Type : (3,1)
  Field value (f): 2.058390032E-01
  Field value, valence (fval): 2.058390032E-01
  Gradient (grad f): 1.387587910E-16  1.387587910E-16  4.104734753E-16
  Gradient norm (|grad f|): 4.549686562E-16
  Laplacian (del2 f): 1.584066895E+00
  Laplacian, valence (del2 fval): 1.584066895E+00
  Hessian:
     4.282545691E-02  -9.067368716E-02   3.621140428E-01
    -9.067368716E-02   4.282545691E-02   3.621140428E-01
     3.621140428E-01   3.621140428E-01   1.498415981E+00
  Hessian eigenvalues: -2.020706484E-01  1.334991441E-01  1.652638399E+00
  Field 0 (f,|grad|,lap): 0.000000000E+00  0.000000000E+00  0.000000000E+00
+ Critical point no. 20
  Crystallographic coordinates: 0.6325145139 0.8424119931 0.5000000000
  Cartesian coordinates (bohr): 3.5425685118 4.7181560819 3.9556786763
  Type : (3,1)
  Field value (f): 2.046251985E-01
  Field value, valence (fval): 2.046251985E-01
  Gradient (grad f): -2.428278842E-16  -3.945953119E-16  -2.762802238E-17
  Gradient norm (|grad f|): 4.641488438E-16
  Laplacian (del2 f): 1.452516790E+00
  Laplacian, valence (del2 fval): 1.452516790E+00
  Hessian:
     1.950311558E-01   7.643933772E-01   9.155456602E-15
     7.643933772E-01   1.125016642E+00   2.348058913E-14
     9.155456602E-15   2.348058913E-14   1.324689931E-01
  Hessian eigenvalues: -2.346914114E-01  1.324689931E-01  1.554739209E+00
  Field 0 (f,|grad|,lap): 0.000000000E+00  0.000000000E+00  0.000000000E+00
+ Critical point no. 21
  Crystallographic coordinates: 0.5000000000 1.0000000000 0.5000000000
  Cartesian coordinates (bohr): 2.8003851563 5.6007703126 3.9556786763
  Type : (3,1)
  Field value (f): 1.797000000E-01
  Field value, valence (fval): 1.797000000E-01
  Gradient (grad f): 2.235758013E-13  2.141546809E-15  -1.313515121E-14
  Gradient norm (|grad f|): 2.239715548E-13
  Laplacian (del2 f): 8.201021217E-01
  Laplacian, valence (del2 fval): 8.201021217E-01
  Hessian:
     9.504884915E-01   1.023456493E-25   1.326147856E-25
     1.023456493E-25  -5.296042897E-01   1.010503925E-14
     1.326147856E-25   1.010503925E-14   3.992179199E-01
  Hessian eigenvalues: -5.296042897E-01  3.992179199E-01  9.504884915E-01
  Field 0 (f,|grad|,lap): 0.000000000E+00  0.000000000E+00  0.000000000E+00
+ Critical point no. 22
  Crystallographic coordinates: 0.7467681362 0.7467681362 0.2471401426
  Cartesian coordinates (bohr): 4.1824768078 4.1824768078 1.9552139843
  Type : (3,1)
  Field value (f): 1.771408460E-01
  Field value, valence (fval): 1.771408460E-01
  Gradient (grad f): -4.856557685E-16  -1.214139421E-16  -8.209469506E-16
  Gradient norm (|grad f|): 9.615387494E-16
  Laplacian (del2 f): 1.224248189E+00
  Laplacian, valence (del2 fval): 1.224248189E+00
  Hessian:
     4.253236739E-01  -9.681574803E-02   5.276787579E-01
    -9.681574803E-02   4.253236739E-01   5.276787579E-01
     5.276787579E-01   5.276787579E-01   3.736008413E-01
  Hessian eigenvalues: -3.955365928E-01  5.221394219E-01  1.097645360E+00
  Field 0 (f,|grad|,lap): 0.000000000E+00  0.000000000E+00  0.000000000E+00
+ Critical point no. 23
  Crystallographic coordinates: 0.5000000000 0.0000000000 0.0000000000
  Cartesian coordinates (bohr): 2.8003851563 0.0000000000 0.0000000000
  Type : (3,1)
  Field value (f): 1.746100000E-01
  Field value, valence (fval): 1.746100000E-01
  Gradient (grad f): 2.757830971E-15  0.000000000E+00  2.445553957E-15
  Gradient norm (|grad f|): 3.685968776E-15
  Laplacian (del2 f): 1.165191306E+00
  Laplacian, valence (del2 fval): 1.165191306E+00
  Hessian:
    -5.673439063E-01   0.000000000E+00   4.124349486E-28
     0.000000000E+00   1.122941045E+00   0.000000000E+00
     4.124349486E-28   0.000000000E+00   6.095941681E-01
  Hessian eigenvalues: -5.673439063E-01  6.095941681E-01  1.122941045E+00
  Field 0 (f,|grad|,lap): 0.000000000E+00  0.000000000E+00  0.000000000E+00
+ Critical point no. 24
  Crystallographic coordinates: 0.9032874235 0.9032874235 0.2326513579
  Cartesian coordinates (bohr): 5.0591053854 5.0591053854 1.8405880312
  Type : (3,1)
  Field value (f): 1.663035752E-01
  Field value, valence (fval): 1.663035752E-01
  Gradient (grad f): 1.734484887E-17  2.341554598E-16  -5.051981235E-16
  Gradient norm (|grad f|): 5.570949354E-16
  Laplacian (del2 f): 2.467856544E+00
  Laplacian, valence (del2 fval): 2.467856544E+00
  Hessian:
     1.296960628E-01  -2.943222434E-02  -5.723833645E-01
    -2.943222434E-02   1.296960628E-01  -5.723833645E-01
    -5.723833645E-01  -5.723833645E-01   2.208464418E+00
  Hessian eigenvalues: -1.746854768E-01  1.591282872E-01  2.483413734E+00
  Field 0 (f,|grad|,lap): 0.000000000E+00  0.000000000E+00  0.000000000E+00
+ Critical point no. 25
  Crystallographic coordinates: 0.1451179897 0.3259886428 0.0000000000
  Cartesian coordinates (bohr): 0.8127725284 1.8257875129 0.0000000000
  Type : (3,1)
  Field value (f): 1.631336486E-01
  Field value, valence (fval): 1.631336486E-01
  Gradient (grad f): -3.859228875E-16  -3.729142508E-16  -1.747985359E-22
  Gradient norm (|grad f|): 5.366577247E-16
  Laplacian (del2 f): 2.480278020E+00
  Laplacian, valence (del2 fval): 2.480278020E+00
  Hessian:
     3.311297961E-01   1.107148184E+00  -1.157182894E-19
     1.107148184E+00   2.092574648E+00  -4.129192154E-20
    -1.157182894E-19  -4.129192154E-20   5.657357537E-02
  Hessian eigenvalues: -2.028735792E-01  5.657357537E-02  2.626578024E+00
  Field 0 (f,|grad|,lap): 0.000000000E+00  0.000000000E+00  0.000000000E+00
+ Critical point no. 26
  Crystallographic coordinates: 0.2373371320 0.2373371320 0.9087755436
  Cartesian coordinates (bohr): 1.3292707632 1.3292707632 7.1896480784
  Type : (3,1)
  Field value (f): 1.584076323E-01
  Field value, valence (fval): 1.584076323E-01
  Gradient (grad f): -5.203454662E-16  -5.550351640E-16  2.437186260E-16
  Gradient norm (|grad f|): 7.988881062E-16
  Laplacian (del2 f): 2.657687421E+00
  Laplacian, valence (del2 fval): 2.657687421E+00
  Hessian:
     1.311371998E+00   1.005025365E+00  -5.204058177E-01
     1.005025365E+00   1.311371998E+00  -5.204058177E-01
    -5.204058177E-01  -5.204058177E-01   3.494342418E-02
  Hessian eigenvalues: -1.818650383E-01  3.063466332E-01  2.533205826E+00
  Field 0 (f,|grad|,lap): 0.000000000E+00  0.000000000E+00  0.000000000E+00
+ Critical point no. 27
  Crystallographic coordinates: 0.8022790707 0.5000000000 0.6577293052
  Cartesian coordinates (bohr): 4.4933808014 2.8003851563 5.2035315745
  Type : (3,3)
  Field value (f): 1.885635527E-01
  Field value, valence (fval): 1.885635527E-01
  Gradient (grad f): 3.586914747E-14  0.000000000E+00  1.190215204E-13
  Gradient norm (|grad f|): 1.243089621E-13
  Laplacian (del2 f): 1.982142239E+00
  Laplacian, valence (del2 fval): 1.982142239E+00
  Hessian:
     1.143643418E+00   0.000000000E+00   7.987438812E-01
     0.000000000E+00   3.812219120E-02   0.000000000E+00
     7.987438812E-01   0.000000000E+00   8.003766304E-01
  Hessian eigenvalues: 3.812219120E-02  1.550340087E-01  1.788986039E+00
  Field 0 (f,|grad|,lap): 0.000000000E+00  0.000000000E+00  0.000000000E+00
+ Critical point no. 28
  Crystallographic coordinates: 0.5000000000 0.5000000000 0.2367031767
  Cartesian coordinates (bohr): 2.8003851563 2.8003851563 1.8726434172
  Type : (3,3)
  Field value (f): 1.762718700E-01
  Field value, valence (fval): 1.762718700E-01
  Gradient (grad f): -1.992871101E-14  0.000000000E+00  -4.423641069E-14
  Gradient norm (|grad f|): 4.851817755E-14
  Laplacian (del2 f): 1.590190497E+00
  Laplacian, valence (del2 fval): 1.590190497E+00
  Hessian:
     2.490163662E-01   0.000000000E+00   4.740331184E-14
     0.000000000E+00   2.490163662E-01   0.000000000E+00
     4.740331184E-14   0.000000000E+00   1.092157764E+00
  Hessian eigenvalues: 2.490163662E-01  2.490163662E-01  1.092157764E+00
  Field 0 (f,|grad|,lap): 0.000000000E+00  0.000000000E+00  0.000000000E+00
+ Critical point no. 29
  Crystallographic coordinates: 0.7647522047 0.7647522047 0.5000000000
  Cartesian coordinates (bohr): 4.2832014449 4.2832014449 3.9556786763
  Type : (3,3)
  Field value (f): 1.674478977E-01
  Field value, valence (fval): 1.674478977E-01
  Gradient (grad f): -2.081381865E-16  -2.081381865E-16  0.000000000E+00
  Gradient norm (|grad f|): 2.943518462E-16
  Laplacian (del2 f): 1.688636979E+00
  Laplacian, valence (del2 fval): 1.688636979E+00
  Hessian:
     6.656825679E-01   3.979229116E-01   0.000000000E+00
     3.979229116E-01   6.656825679E-01   0.000000000E+00
     0.000000000E+00   0.000000000E+00   3.572718428E-01
  Hessian eigenvalues: 2.677596563E-01  3.572718428E-01  1.063605479E+00
  Field 0 (f,|grad|,lap): 0.000000000E+00  0.000000000E+00  0.000000000E+00
+ Critical point no. 30
  Crystallographic coordinates: 0.5000000000 0.9109535111 0.5000000000
  Cartesian coordinates (bohr): 2.8003851563 5.1020413811 3.9556786763
  Type : (3,3)
  Field value (f): 1.601157406E-01
  Field value, valence (fval): 1.601157406E-01
  Gradient (grad f): 0.000000000E+00  -7.284836527E-16  0.000000000E+00
  Gradient norm (|grad f|): 7.284836527E-16
  Laplacian (del2 f): 1.129151875E+00
  Laplacian, valence (del2 fval): 1.129151875E+00
  Hessian:
     4.466729957E-01   0.000000000E+00   0.000000000E+00
     0.000000000E+00   5.644414637E-01   0.000000000E+00
     0.000000000E+00   0.000000000E+00   1.180374160E-01
  Hessian eigenvalues: 1.180374160E-01  4.466729957E-01  5.644414637E-01
  Field 0 (f,|grad|,lap): 0.000000000E+00  0.000000000E+00  0.000000000E+00
+ Critical point no. 31
  Crystallographic coordinates: 0.7032904771 0.2967095229 0.7100291803
  Cartesian coordinates (bohr): 3.9389684254 1.6618018873 5.6172945758
  Type : (3,3)
  Field value (f): 1.571769347E-01
  Field value, valence (fval): 1.571769347E-01
  Gradient (grad f): -2.590886801E-16  -4.227806913E-17  3.062763624E-15
  Gradient norm (|grad f|): 3.073993395E-15
  Laplacian (del2 f): 1.426720340E+00
  Laplacian, valence (del2 fval): 1.426720340E+00
  Hessian:
     4.369644254E-01  -1.609482252E-01   2.767594588E-03
    -1.609482252E-01   4.369644254E-01  -2.767594588E-03
     2.767594588E-03  -2.767594588E-03   5.527914889E-01
  Hessian eigenvalues: 2.760162003E-01  5.524544942E-01  5.982496453E-01
  Field 0 (f,|grad|,lap): 0.000000000E+00  0.000000000E+00  0.000000000E+00
+ Critical point no. 32
  Crystallographic coordinates: 0.0000000000 0.3120255208 0.8683251056
  Cartesian coordinates (bohr): 0.0000000000 1.7475832738 6.8696302084
  Type : (3,3)
  Field value (f): 1.523319223E-01
  Field value, valence (fval): 1.523319223E-01
  Gradient (grad f): 0.000000000E+00  -5.637075884E-16  -1.341932515E-16
  Gradient norm (|grad f|): 5.794601574E-16
  Laplacian (del2 f): 2.651361550E+00
  Laplacian, valence (del2 fval): 2.651361550E+00
  Hessian:
     5.628055976E-02   0.000000000E+00   0.000000000E+00
     0.000000000E+00   1.783552030E+00  -1.141016659E+00
     0.000000000E+00  -1.141016659E+00   8.115289606E-01
  Hessian eigenvalues: 5.628055976E-02  5.732832505E-02  2.537752665E+00
  Field 0 (f,|grad|,lap): 0.000000000E+00  0.000000000E+00  0.000000000E+00
+ Critical point no. 33
  Crystallographic coordinates: 0.2567914239 0.2567914239 0.0000000000
  Cartesian coordinates (bohr): 1.4382297834 1.4382297834 0.0000000000
  Type : (3,3)
  Field value (f): 1.387119197E-01
  Field value, valence (fval): 1.387119197E-01
  Gradient (grad f): -5.637075884E-17  -5.637075884E-17  0.000000000E+00
  Gradient norm (|grad f|): 7.972029168E-17
  Laplacian (del2 f): 2.080868486E+00
  Laplacian, valence (del2 fval): 2.080868486E+00
  Hessian:
     9.377585903E-01   7.759672462E-01   0.000000000E+00
     7.759672462E-01   9.377585903E-01   0.000000000E+00
     0.000000000E+00   0.000000000E+00   2.053513050E-01
  Hessian eigenvalues: 1.617913441E-01  2.053513050E-01  1.713725837E+00
  Field 0 (f,|grad|,lap): 0.000000000E+00  0.000000000E+00  0.000000000E+00
+ Critical point no. 34
  Crystallographic coordinates: 0.0000000000 0.0000000000 0.2558138782
  Cartesian coordinates (bohr): 0.0000000000 0.0000000000 2.0238350058
  Type : (3,3)
  Field value (f): 1.359968457E-01
  Field value, valence (fval): 1.359968457E-01
  Gradient (grad f): 0.000000000E+00  0.000000000E+00  -1.105120895E-16
  Gradient norm (|grad f|): 1.105120895E-16
  Laplacian (del2 f): 2.669056309E+00
  Laplacian, valence (del2 fval): 2.669056309E+00
  Hessian:
     2.196670383E-01   0.000000000E+00   0.000000000E+00
     0.000000000E+00   2.196670383E-01   0.000000000E+00
     0.000000000E+00   0.000000000E+00   2.229722232E+00
  Hessian eigenvalues: 2.196670383E-01  2.196670383E-01  2.229722232E+00
  Field 0 (f,|grad|,lap): 0.000000000E+00  0.000000000E+00  0.000000000E+00
+ Critical point no. 35
  Crystallographic coordinates: 0.8016291143 0.8016291143 0.1883158820
  Cartesian coordinates (bohr): 4.4897405449 4.4897405449 1.4898342378
  Type : (3,3)
  Field value (f): 1.237055029E-01
  Field value, valence (fval): 1.237055029E-01
  Gradient (grad f): -1.821209132E-16  -1.474312154E-16  -7.893720679E-17
  Gradient norm (|grad f|): 2.472550766E-16
  Laplacian (del2 f): 1.651842240E+00
  Laplacian, valence (del2 fval): 1.651842240E+00
  Hessian:
     4.773938982E-01   3.075634107E-01  -2.495694397E-01
     3.075634107E-01   4.773938982E-01  -2.495694397E-01
    -2.495694397E-01  -2.495694397E-01   6.970544436E-01
  Hessian eigenvalues: 1.698304875E-01  3.853353280E-01  1.096676424E+00
  Field 0 (f,|grad|,lap): 0.000000000E+00  0.000000000E+00  0.000000000E+00
+ Critical point no. 36
  Crystallographic coordinates: 0.3853739066 0.0000000000 0.0000000000
  Cartesian coordinates (bohr): 2.1583907353 0.0000000000 0.0000000000
  Type : (3,3)
  Field value (f): 1.225398627E-01
  Field value, valence (fval): 1.225398627E-01
  Gradient (grad f): -4.991847506E-14  1.009555985E-14  1.344661941E-14
  Gradient norm (|grad f|): 5.267433962E-14
  Laplacian (del2 f): 9.687762587E-01
  Laplacian, valence (del2 fval): 9.687762587E-01
  Hessian:
     5.246245970E-01   5.588087225E-14   1.433577468E-13
     5.588087225E-14   3.247150449E-01   1.819532943E-27
     1.433577468E-13   1.819532943E-27   1.194366168E-01
  Hessian eigenvalues: 1.194366168E-01  3.247150449E-01  5.246245970E-01
  Field 0 (f,|grad|,lap): 0.000000000E+00  0.000000000E+00  0.000000000E+00
+ Critical point no. 37
  Crystallographic coordinates: 0.5000000000 0.5000000000 1.0000000000
  Cartesian coordinates (bohr): 2.8003851563 2.8003851563 7.9113573526
  Type : (3,3)
  Field value (f): 8.995200000E-02
  Field value, valence (fval): 8.995200000E-02
  Gradient (grad f): -1.456247765E-13  -1.455688123E-13  -1.787138362E-14
  Gradient norm (|grad f|): 2.066790773E-13
  Laplacian (del2 f): 1.662484077E+00
  Laplacian, valence (del2 fval): 1.662484077E+00
  Hessian:
     5.311038771E-01  -2.414304611E-13  -2.020875278E-13
    -2.414304611E-13   5.311038771E-01  -2.020218587E-13
    -2.020875278E-13  -2.020218587E-13   6.002763224E-01
  Hessian eigenvalues: 5.311038771E-01  5.311038771E-01  6.002763224E-01
  Field 0 (f,|grad|,lap): 0.000000000E+00  0.000000000E+00  0.000000000E+00
+ Critical point no. 38
  Crystallographic coordinates: 0.0000000000 0.0000000000 0.5000000000
  Cartesian coordinates (bohr): 0.0000000000 0.0000000000 3.9556786763
  Type : (3,3)
  Field value (f): 8.657600000E-02
  Field value, valence (fval): 8.657600000E-02
  Gradient (grad f): 0.000000000E+00  0.000000000E+00  -2.494415735E-14
  Gradient norm (|grad f|): 2.494415735E-14
  Laplacian (del2 f): 1.656612731E+00
  Laplacian, valence (del2 fval): 1.656612731E+00
  Hessian:
     4.885155944E-01   0.000000000E+00   0.000000000E+00
     0.000000000E+00   4.885155944E-01   0.000000000E+00
     0.000000000E+00   0.000000000E+00   6.795815420E-01
  Hessian eigenvalues: 4.885155944E-01  4.885155944E-01  6.795815420E-01
  Field 0 (f,|grad|,lap): 0.000000000E+00  0.000000000E+00  0.000000000E+00
+ Flatness (rho_min / rho_b,max): 0.120703
 
End AUTO--2025/10/22, 16:01:10.696
 
CRITIC2 ended succesfully (6 WARNINGS, 0 COMMENTS)

Elapsed wall time: 0s
Elapsed CPU time: 0s
CRITIC2--2025/10/22, 16:01:10.698
