/Volumes/Nico_Barrera/Sorbonne_PhD/CMP/TcESTIME/v_2.0.0/Tests/QE/QE_2/CaYH20_pdos.dat.pdos_atm#1(Ca)_wfc#1(s):  24.187  0.177E-03  0.177E-03
/Volumes/Nico_Barrera/Sorbonne_PhD/CMP/TcESTIME/v_2.0.0/Tests/QE/QE_2/CaYH20_pdos.dat.pdos_atm#1(Ca)_wfc#2(s):  24.187  0.146E-02  0.146E-02
/Volumes/Nico_Barrera/Sorbonne_PhD/CMP/TcESTIME/v_2.0.0/Tests/QE/QE_2/CaYH20_pdos.dat.pdos_atm#1(Ca)_wfc#3(p):  24.187  0.343E-02  0.136E-02  0.136E-02  0.709E-03
/Volumes/Nico_Barrera/Sorbonne_PhD/CMP/TcESTIME/v_2.0.0/Tests/QE/QE_2/CaYH20_pdos.dat.pdos_atm#1(Ca)_wfc#4(p):  24.187  0.249E-02  0.585E-03  0.841E-03  0.106E-02
/Volumes/Nico_Barrera/Sorbonne_PhD/CMP/TcESTIME/v_2.0.0/Tests/QE/QE_2/CaYH20_pdos.dat.pdos_atm#10(H)_wfc#1(s):  24.187  0.272E-01  0.272E-01
/Volumes/Nico_Barrera/Sorbonne_PhD/CMP/TcESTIME/v_2.0.0/Tests/QE/QE_2/CaYH20_pdos.dat.pdos_atm#11(H)_wfc#1(s):  24.187  0.107E-01  0.107E-01
/Volumes/Nico_Barrera/Sorbonne_PhD/CMP/TcESTIME/v_2.0.0/Tests/QE/QE_2/CaYH20_pdos.dat.pdos_atm#12(H)_wfc#1(s):  24.187  0.149E-01  0.149E-01
/Volumes/Nico_Barrera/Sorbonne_PhD/CMP/TcESTIME/v_2.0.0/Tests/QE/QE_2/CaYH20_pdos.dat.pdos_atm#13(H)_wfc#1(s):  24.187  0.158E-01  0.158E-01
/Volumes/Nico_Barrera/Sorbonne_PhD/CMP/TcESTIME/v_2.0.0/Tests/QE/QE_2/CaYH20_pdos.dat.pdos_atm#14(H)_wfc#1(s):  24.187  0.146E-01  0.146E-01
/Volumes/Nico_Barrera/Sorbonne_PhD/CMP/TcESTIME/v_2.0.0/Tests/QE/QE_2/CaYH20_pdos.dat.pdos_atm#15(H)_wfc#1(s):  24.187  0.316E-01  0.316E-01
/Volumes/Nico_Barrera/Sorbonne_PhD/CMP/TcESTIME/v_2.0.0/Tests/QE/QE_2/CaYH20_pdos.dat.pdos_atm#16(H)_wfc#1(s):  24.187  0.316E-01  0.316E-01
/Volumes/Nico_Barrera/Sorbonne_PhD/CMP/TcESTIME/v_2.0.0/Tests/QE/QE_2/CaYH20_pdos.dat.pdos_atm#17(H)_wfc#1(s):  24.187  0.194E-01  0.194E-01
/Volumes/Nico_Barrera/Sorbonne_PhD/CMP/TcESTIME/v_2.0.0/Tests/QE/QE_2/CaYH20_pdos.dat.pdos_atm#18(H)_wfc#1(s):  24.187  0.194E-01  0.194E-01
/Volumes/Nico_Barrera/Sorbonne_PhD/CMP/TcESTIME/v_2.0.0/Tests/QE/QE_2/CaYH20_pdos.dat.pdos_atm#19(H)_wfc#1(s):  24.187  0.207E-01  0.207E-01
/Volumes/Nico_Barrera/Sorbonne_PhD/CMP/TcESTIME/v_2.0.0/Tests/QE/QE_2/CaYH20_pdos.dat.pdos_atm#2(Y)_wfc#1(s):  24.187  0.235E-03  0.235E-03
/Volumes/Nico_Barrera/Sorbonne_PhD/CMP/TcESTIME/v_2.0.0/Tests/QE/QE_2/CaYH20_pdos.dat.pdos_atm#2(Y)_wfc#2(s):  24.187  0.530E-02  0.530E-02
/Volumes/Nico_Barrera/Sorbonne_PhD/CMP/TcESTIME/v_2.0.0/Tests/QE/QE_2/CaYH20_pdos.dat.pdos_atm#2(Y)_wfc#3(p):  24.187  0.700E-02  0.183E-02  0.185E-02  0.331E-02
/Volumes/Nico_Barrera/Sorbonne_PhD/CMP/TcESTIME/v_2.0.0/Tests/QE/QE_2/CaYH20_pdos.dat.pdos_atm#2(Y)_wfc#4(p):  24.187  0.360E-02  0.389E-03  0.103E-02  0.218E-02
/Volumes/Nico_Barrera/Sorbonne_PhD/CMP/TcESTIME/v_2.0.0/Tests/QE/QE_2/CaYH20_pdos.dat.pdos_atm#2(Y)_wfc#5(d):  24.187  0.868E-01  0.560E-02  0.115E-01  0.288E-01  0.255E-01  0.155E-01
/Volumes/Nico_Barrera/Sorbonne_PhD/CMP/TcESTIME/v_2.0.0/Tests/QE/QE_2/CaYH20_pdos.dat.pdos_atm#20(H)_wfc#1(s):  24.187  0.207E-01  0.207E-01
/Volumes/Nico_Barrera/Sorbonne_PhD/CMP/TcESTIME/v_2.0.0/Tests/QE/QE_2/CaYH20_pdos.dat.pdos_atm#3(H)_wfc#1(s):  24.187  0.150E-01  0.150E-01
/Volumes/Nico_Barrera/Sorbonne_PhD/CMP/TcESTIME/v_2.0.0/Tests/QE/QE_2/CaYH20_pdos.dat.pdos_atm#4(H)_wfc#1(s):  24.187  0.150E-01  0.150E-01
/Volumes/Nico_Barrera/Sorbonne_PhD/CMP/TcESTIME/v_2.0.0/Tests/QE/QE_2/CaYH20_pdos.dat.pdos_atm#5(H)_wfc#1(s):  24.187  0.294E-01  0.294E-01
/Volumes/Nico_Barrera/Sorbonne_PhD/CMP/TcESTIME/v_2.0.0/Tests/QE/QE_2/CaYH20_pdos.dat.pdos_atm#6(H)_wfc#1(s):  24.187  0.294E-01  0.294E-01
/Volumes/Nico_Barrera/Sorbonne_PhD/CMP/TcESTIME/v_2.0.0/Tests/QE/QE_2/CaYH20_pdos.dat.pdos_atm#7(H)_wfc#1(s):  24.187  0.295E-01  0.295E-01
/Volumes/Nico_Barrera/Sorbonne_PhD/CMP/TcESTIME/v_2.0.0/Tests/QE/QE_2/CaYH20_pdos.dat.pdos_atm#8(H)_wfc#1(s):  24.187  0.295E-01  0.295E-01
/Volumes/Nico_Barrera/Sorbonne_PhD/CMP/TcESTIME/v_2.0.0/Tests/QE/QE_2/CaYH20_pdos.dat.pdos_atm#9(H)_wfc#1(s):  24.187  0.272E-01  0.272E-01
/Volumes/Nico_Barrera/Sorbonne_PhD/CMP/TcESTIME/v_2.0.0/Tests/QE/QE_2/CaYH20_pdos.dat.pdos_tot:  24.187  0.583E+00  0.512E+00
